--2011-12-02 14:58:42--  http://pages.ebay.com/help/policies/user-agreement.html
Resolving pages.ebay.com (pages.ebay.com)... 66.135.202.235, 66.135.205.13, 66.135.205.14, ...
Connecting to pages.ebay.com (pages.ebay.com)|66.135.202.235|:80... connected.
HTTP request sent, awaiting response... 200 OK
Length: 61072 (60K) [text/html]
Saving to: `../crawls/pages.ebay.com/User-Agreement/raw/pages.ebay.com/help/policies/user-agreement.html'

     0K .......... .......... .......... .......... .......... 83% 2.03M 0s
    50K .........                                             100% 4.71M=0.02s

2011-12-02 14:58:42 (2.43 MB/s) - `../crawls/pages.ebay.com/User-Agreement/raw/pages.ebay.com/help/policies/user-agreement.html' saved [61072/61072]

--2011-12-02 14:58:42--  http://ir.ebaystatic.com/v4css/z/2s/3zhykpa5ca0zthsnrhjg02hpi.css
Resolving ir.ebaystatic.com (ir.ebaystatic.com)... 216.156.213.42, 216.156.213.16
Connecting to ir.ebaystatic.com (ir.ebaystatic.com)|216.156.213.42|:80... connected.
HTTP request sent, awaiting response... 200 OK
Length: 31148 (30K) [text/css]
Saving to: `../crawls/pages.ebay.com/User-Agreement/raw/ir.ebaystatic.com/v4css/z/2s/3zhykpa5ca0zthsnrhjg02hpi.css'

     0K .......... .......... ..........                      100% 3.71M=0.008s

2011-12-02 14:58:42 (3.71 MB/s) - `../crawls/pages.ebay.com/User-Agreement/raw/ir.ebaystatic.com/v4css/z/2s/3zhykpa5ca0zthsnrhjg02hpi.css' saved [31148/31148]

--2011-12-02 14:58:42--  http://ir.ebaystatic.com/v4js/z/yo/qicc5beyw2zejm0u4bus2lv3u.js
Reusing existing connection to ir.ebaystatic.com:80.
HTTP request sent, awaiting response... 200 OK
Length: unspecified [application/x-javascript]
Saving to: `../crawls/pages.ebay.com/User-Agreement/raw/ir.ebaystatic.com/v4js/z/yo/qicc5beyw2zejm0u4bus2lv3u.js'

     0K .......... .......... .......... .......... .......... 6.10M
    50K .......... .......... .......... .......... .......... 12.2M
   100K .                                                       692K=0.01s

2011-12-02 14:58:42 (8.25 MB/s) - `../crawls/pages.ebay.com/User-Agreement/raw/ir.ebaystatic.com/v4js/z/yo/qicc5beyw2zejm0u4bus2lv3u.js' saved [103818]

--2011-12-02 14:58:42--  http://ir.ebaystatic.com/v4js/z/ag/lkw0do2lcu1fjnew0g05mqdhe.js
Reusing existing connection to ir.ebaystatic.com:80.
HTTP request sent, awaiting response... 200 OK
Length: unspecified [application/x-javascript]
Saving to: `../crawls/pages.ebay.com/User-Agreement/raw/ir.ebaystatic.com/v4js/z/ag/lkw0do2lcu1fjnew0g05mqdhe.js'

     0K .......... .......... .......... .......... .......... 12.2M
    50K .......... .......... .......... .......... .......... 6.10M
   100K ...                                                    1.78M=0.01s

2011-12-02 14:58:42 (8.43 MB/s) - `../crawls/pages.ebay.com/User-Agreement/raw/ir.ebaystatic.com/v4js/z/ag/lkw0do2lcu1fjnew0g05mqdhe.js' saved [106124]

--2011-12-02 14:58:42--  http://p.ebaystatic.com/aw/pics/buy/cart/iconCart000.gif
Resolving p.ebaystatic.com (p.ebaystatic.com)... 216.156.213.48, 216.156.213.64
Connecting to p.ebaystatic.com (p.ebaystatic.com)|216.156.213.48|:80... connected.
HTTP request sent, awaiting response... 200 OK
Length: 273 [image/gif]
Saving to: `../crawls/pages.ebay.com/User-Agreement/raw/p.ebaystatic.com/aw/pics/buy/cart/iconCart000.gif'

     0K                                                       100%  133K=0s

2011-12-02 14:58:42 (133 KB/s) - `../crawls/pages.ebay.com/User-Agreement/raw/p.ebaystatic.com/aw/pics/buy/cart/iconCart000.gif' saved [273/273]

--2011-12-02 14:58:42--  http://p.ebaystatic.com/aw/pics/logos/logoEbay_x45.gif
Reusing existing connection to p.ebaystatic.com:80.
HTTP request sent, awaiting response... 200 OK
Length: 1242 (1.2K) [image/gif]
Saving to: `../crawls/pages.ebay.com/User-Agreement/raw/p.ebaystatic.com/aw/pics/logos/logoEbay_x45.gif'

     0K .                                                     100%  606K=0s

2011-12-02 14:58:42 (606 KB/s) - `../crawls/pages.ebay.com/User-Agreement/raw/p.ebaystatic.com/aw/pics/logos/logoEbay_x45.gif' saved [1242/1242]

--2011-12-02 14:58:42--  http://pics.ebaystatic.com/aw/pics/holiday/doodle2011/holiday/week_5_lights_take_shape/small/Week5_Day5_Snowflake_Small_sliced.jpg
Resolving pics.ebaystatic.com (pics.ebaystatic.com)... 216.156.213.64, 216.156.213.48
Reusing existing connection to p.ebaystatic.com:80.
HTTP request sent, awaiting response... 200 OK
Length: 5400 (5.3K) [image/jpeg]
Saving to: `../crawls/pages.ebay.com/User-Agreement/raw/pics.ebaystatic.com/aw/pics/holiday/doodle2011/holiday/week_5_lights_take_shape/small/Week5_Day5_Snowflake_Small_sliced.jpg'

     0K .....                                                 100% 1.29M=0.004s

2011-12-02 14:58:42 (1.29 MB/s) - `../crawls/pages.ebay.com/User-Agreement/raw/pics.ebaystatic.com/aw/pics/holiday/doodle2011/holiday/week_5_lights_take_shape/small/Week5_Day5_Snowflake_Small_sliced.jpg' saved [5400/5400]

--2011-12-02 14:58:42--  http://pages.ebay.com/help/policies/%5C%22http://p.ebaystatic.com/aw/pics/icon/iconWarnRed_16x16.gif%5C%22
Connecting to pages.ebay.com (pages.ebay.com)|66.135.202.235|:80... connected.
HTTP request sent, awaiting response... 404 Not Found
2011-12-02 14:58:42 ERROR 404: Not Found.

--2011-12-02 14:58:42--  http://p.ebaystatic.com/aw/pics/promo/magic/pmoGleam10_150x23.gif
Connecting to p.ebaystatic.com (p.ebaystatic.com)|216.156.213.48|:80... connected.
HTTP request sent, awaiting response... 200 OK
Length: 2176 (2.1K) [image/gif]
Saving to: `../crawls/pages.ebay.com/User-Agreement/raw/p.ebaystatic.com/aw/pics/promo/magic/pmoGleam10_150x23.gif'

     0K ..                                                    100% 1.04M=0s

2011-12-02 14:58:42 (1.04 MB/s) - `../crawls/pages.ebay.com/User-Agreement/raw/p.ebaystatic.com/aw/pics/promo/magic/pmoGleam10_150x23.gif' saved [2176/2176]

--2011-12-02 14:58:42--  http://pages.ebay.com/help/policies/%5C%22http://q.ebaystatic.com/aw/pics/icons/iconRedeemCoupon20x20.gif%5C%22
Connecting to pages.ebay.com (pages.ebay.com)|66.135.202.235|:80... connected.
HTTP request sent, awaiting response... 404 Not Found
2011-12-02 14:58:42 ERROR 404: Not Found.

--2011-12-02 14:58:42--  http://include.ebaystatic.com/js/e747/us/ebaybase_v4_e7476us.js
Resolving include.ebaystatic.com (include.ebaystatic.com)... 216.156.213.75, 216.156.213.57
Connecting to include.ebaystatic.com (include.ebaystatic.com)|216.156.213.75|:80... connected.
HTTP request sent, awaiting response... 200 OK
Length: unspecified [application/x-javascript]
Saving to: `../crawls/pages.ebay.com/User-Agreement/raw/include.ebaystatic.com/js/e747/us/ebaybase_v4_e7476us.js'

     0K .......... .......... .......... .......... .......... 6.10M
    50K                                                         143K=0.008s

2011-12-02 14:58:43 (6.14 MB/s) - `../crawls/pages.ebay.com/User-Agreement/raw/include.ebaystatic.com/js/e747/us/ebaybase_v4_e7476us.js' saved [51493]

--2011-12-02 14:58:43--  http://include.ebaystatic.com/js/e747/us/ebaysup_e7476us.js
Reusing existing connection to include.ebaystatic.com:80.
HTTP request sent, awaiting response... 200 OK
Length: 17110 (17K) [application/x-javascript]
Saving to: `../crawls/pages.ebay.com/User-Agreement/raw/include.ebaystatic.com/js/e747/us/ebaysup_e7476us.js'

     0K .......... ......                                     100% 8.16M=0s

2011-12-02 14:58:43 (8.16 MB/s) - `../crawls/pages.ebay.com/User-Agreement/raw/include.ebaystatic.com/js/e747/us/ebaysup_e7476us.js' saved [17110/17110]

--2011-12-02 14:58:43--  http://include.ebaystatic.com/css/v/us/help/help';%09%09%09%09%09%09%09if(ebay.oGlobals.oClient.bNav%7C%7Cebay.oGlobals.oClient.bFirefox%7C%7C((typeof(usrCnt)%20!=
Reusing existing connection to include.ebaystatic.com:80.
HTTP request sent, awaiting response... 400 Bad Request
2011-12-02 14:58:43 ERROR 400: Bad Request.

--2011-12-02 14:58:43--  http://include.ebaystatic.com/css/v/us/help/help.css
Reusing existing connection to include.ebaystatic.com:80.
HTTP request sent, awaiting response... 200 OK
Length: 3007 (2.9K) [text/css]
Saving to: `../crawls/pages.ebay.com/User-Agreement/raw/include.ebaystatic.com/css/v/us/help/help.css'

     0K ..                                                    100% 1.43M=0s

2011-12-02 14:58:43 (1.43 MB/s) - `../crawls/pages.ebay.com/User-Agreement/raw/include.ebaystatic.com/css/v/us/help/help.css' saved [3007/3007]

--2011-12-02 14:58:43--  http://include.ebaystatic.com/css/v/us/help/help-yukon';%09%09%09css+='.css
Reusing existing connection to include.ebaystatic.com:80.
HTTP request sent, awaiting response... 400 Bad Request
2011-12-02 14:58:43 ERROR 400: Bad Request.

--2011-12-02 14:58:43--  http://include.ebaystatic.com/css/v/us/help/help-yukon.css
Reusing existing connection to include.ebaystatic.com:80.
HTTP request sent, awaiting response... 200 OK
Length: 15446 (15K) [text/css]
Saving to: `../crawls/pages.ebay.com/User-Agreement/raw/include.ebaystatic.com/css/v/us/help/help-yukon.css'

     0K .......... .....                                      100% 3.68M=0.004s

2011-12-02 14:58:43 (3.68 MB/s) - `../crawls/pages.ebay.com/User-Agreement/raw/include.ebaystatic.com/css/v/us/help/help-yukon.css' saved [15446/15446]

--2011-12-02 14:58:43--  http://include.ebaystatic.com/css/v/us/help/help-pagetype';%09%09%09css+='.css
Reusing existing connection to include.ebaystatic.com:80.
HTTP request sent, awaiting response... 400 Bad Request
2011-12-02 14:58:43 ERROR 400: Bad Request.

--2011-12-02 14:58:43--  http://include.ebaystatic.com/css/v/us/help/help-pagetype.css
Reusing existing connection to include.ebaystatic.com:80.
HTTP request sent, awaiting response... 200 OK
Length: 15953 (16K) [text/css]
Saving to: `../crawls/pages.ebay.com/User-Agreement/raw/include.ebaystatic.com/css/v/us/help/help-pagetype.css'

     0K .......... .....                                      100% 7.61M=0s

2011-12-02 14:58:43 (7.61 MB/s) - `../crawls/pages.ebay.com/User-Agreement/raw/include.ebaystatic.com/css/v/us/help/help-pagetype.css' saved [15953/15953]

--2011-12-02 14:58:43--  http://include.ebaystatic.com/css/v/us/help/help-ds2';%09%09%09css+='.css
Reusing existing connection to include.ebaystatic.com:80.
HTTP request sent, awaiting response... 400 Bad Request
2011-12-02 14:58:43 ERROR 400: Bad Request.

--2011-12-02 14:58:43--  http://include.ebaystatic.com/css/v/us/help/help-ds2.css
Reusing existing connection to include.ebaystatic.com:80.
HTTP request sent, awaiting response... 200 OK
Length: 4970 (4.9K) [text/css]
Saving to: `../crawls/pages.ebay.com/User-Agreement/raw/include.ebaystatic.com/css/v/us/help/help-ds2.css'

     0K ....                                                  100% 1.18M=0.004s

2011-12-02 14:58:43 (1.18 MB/s) - `../crawls/pages.ebay.com/User-Agreement/raw/include.ebaystatic.com/css/v/us/help/help-ds2.css' saved [4970/4970]

--2011-12-02 14:58:43--  http://include.ebaystatic.com/js/v/us/features/help/top.js
Reusing existing connection to include.ebaystatic.com:80.
HTTP request sent, awaiting response... 200 OK
Length: 4660 (4.6K) [application/x-javascript]
Saving to: `../crawls/pages.ebay.com/User-Agreement/raw/include.ebaystatic.com/js/v/us/features/help/top.js'

     0K ....                                                  100% 2.22M=0s

2011-12-02 14:58:43 (2.22 MB/s) - `../crawls/pages.ebay.com/User-Agreement/raw/include.ebaystatic.com/js/v/us/features/help/top.js' saved [4660/4660]

--2011-12-02 14:58:43--  http://include.ebaystatic.com/js/v/us/features/help/feedback.js
Reusing existing connection to include.ebaystatic.com:80.
HTTP request sent, awaiting response... 200 OK
Length: 9739 (9.5K) [application/x-javascript]
Saving to: `../crawls/pages.ebay.com/User-Agreement/raw/include.ebaystatic.com/js/v/us/features/help/feedback.js'

     0K .........                                             100% 4.64M=0s

2011-12-02 14:58:43 (4.64 MB/s) - `../crawls/pages.ebay.com/User-Agreement/raw/include.ebaystatic.com/js/v/us/features/help/feedback.js' saved [9739/9739]

--2011-12-02 14:58:43--  http://include.ebaystatic.com/js/v/us/features/help/show_hide.js
Reusing existing connection to include.ebaystatic.com:80.
HTTP request sent, awaiting response... 200 OK
Length: 5305 (5.2K) [application/x-javascript]
Saving to: `../crawls/pages.ebay.com/User-Agreement/raw/include.ebaystatic.com/js/v/us/features/help/show_hide.js'

     0K .....                                                 100% 2.53M=0s

2011-12-02 14:58:43 (2.53 MB/s) - `../crawls/pages.ebay.com/User-Agreement/raw/include.ebaystatic.com/js/v/us/features/help/show_hide.js' saved [5305/5305]

--2011-12-02 14:58:43--  http://pics.ebaystatic.com/aw/pics/icon/iconInfo_16x16.gif
Connecting to pics.ebaystatic.com (pics.ebaystatic.com)|216.156.213.64|:80... connected.
HTTP request sent, awaiting response... 200 OK
Length: 243 [image/gif]
Saving to: `../crawls/pages.ebay.com/User-Agreement/raw/pics.ebaystatic.com/aw/pics/icon/iconInfo_16x16.gif'

     0K                                                       100%  119K=0s

2011-12-02 14:58:43 (119 KB/s) - `../crawls/pages.ebay.com/User-Agreement/raw/pics.ebaystatic.com/aw/pics/icon/iconInfo_16x16.gif' saved [243/243]

--2011-12-02 14:58:43--  http://pics.ebaystatic.com/aw/pics/icon/iconError_16x16.gif
Reusing existing connection to pics.ebaystatic.com:80.
HTTP request sent, awaiting response... 200 OK
Length: 246 [image/gif]
Saving to: `../crawls/pages.ebay.com/User-Agreement/raw/pics.ebaystatic.com/aw/pics/icon/iconError_16x16.gif'

     0K                                                       100%  120K=0s

2011-12-02 14:58:43 (120 KB/s) - `../crawls/pages.ebay.com/User-Agreement/raw/pics.ebaystatic.com/aw/pics/icon/iconError_16x16.gif' saved [246/246]

--2011-12-02 14:58:43--  http://pics.ebay.com/aw/pics/s.gif
Resolving pics.ebay.com (pics.ebay.com)... 66.211.160.41, 66.135.215.141
Connecting to pics.ebay.com (pics.ebay.com)|66.211.160.41|:80... connected.
HTTP request sent, awaiting response... 200 OK
Length: 49 [image/gif]
Saving to: `../crawls/pages.ebay.com/User-Agreement/raw/pics.ebay.com/aw/pics/s.gif'

     0K                                                       100% 23.9K=0s

2011-12-02 14:58:43 (23.9 KB/s) - `../crawls/pages.ebay.com/User-Agreement/raw/pics.ebay.com/aw/pics/s.gif' saved [49/49]

--2011-12-02 14:58:43--  http://include.ebaystatic.com/js/v/us/features/help/search.js
Connecting to include.ebaystatic.com (include.ebaystatic.com)|216.156.213.75|:80... connected.
HTTP request sent, awaiting response... 200 OK
Length: 3228 (3.2K) [application/x-javascript]
Saving to: `../crawls/pages.ebay.com/User-Agreement/raw/include.ebaystatic.com/js/v/us/features/help/search.js'

     0K ...                                                   100% 1.54M=0s

2011-12-02 14:58:43 (1.54 MB/s) - `../crawls/pages.ebay.com/User-Agreement/raw/include.ebaystatic.com/js/v/us/features/help/search.js' saved [3228/3228]

--2011-12-02 14:58:43--  http://include.ebaystatic.com/js/v/us/features/baynote/base.js
Reusing existing connection to include.ebaystatic.com:80.
HTTP request sent, awaiting response... 200 OK
Length: 17912 (17K) [application/x-javascript]
Saving to: `../crawls/pages.ebay.com/User-Agreement/raw/include.ebaystatic.com/js/v/us/features/baynote/base.js'

     0K .......... .......                                    100% 4.27M=0.004s

2011-12-02 14:58:43 (4.27 MB/s) - `../crawls/pages.ebay.com/User-Agreement/raw/include.ebaystatic.com/js/v/us/features/baynote/base.js' saved [17912/17912]

--2011-12-02 14:58:43--  http://include.ebaystatic.com/js/v/us/features/help/bottom.js
Reusing existing connection to include.ebaystatic.com:80.
HTTP request sent, awaiting response... 200 OK
Length: 392 [application/x-javascript]
Saving to: `../crawls/pages.ebay.com/User-Agreement/raw/include.ebaystatic.com/js/v/us/features/help/bottom.js'

     0K                                                       100%  191K=0s

2011-12-02 14:58:43 (191 KB/s) - `../crawls/pages.ebay.com/User-Agreement/raw/include.ebaystatic.com/js/v/us/features/help/bottom.js' saved [392/392]

--2011-12-02 14:58:43--  http://q.ebaystatic.com/aw/pics/s.gif
Resolving q.ebaystatic.com (q.ebaystatic.com)... 216.156.213.48, 216.156.213.64
Connecting to q.ebaystatic.com (q.ebaystatic.com)|216.156.213.48|:80... connected.
HTTP request sent, awaiting response... 200 OK
Length: 49 [image/gif]
Saving to: `../crawls/pages.ebay.com/User-Agreement/raw/q.ebaystatic.com/aw/pics/s.gif'

     0K                                                       100% 23.9K=0s

2011-12-02 14:58:43 (23.9 KB/s) - `../crawls/pages.ebay.com/User-Agreement/raw/q.ebaystatic.com/aw/pics/s.gif' saved [49/49]

--2011-12-02 14:58:43--  http://include.ebaystatic.com/js/e747/us/ebayfooter_cobrand_v4_e7476us.js
Connecting to include.ebaystatic.com (include.ebaystatic.com)|216.156.213.75|:80... connected.
HTTP request sent, awaiting response... 200 OK
Length: 28643 (28K) [application/x-javascript]
Saving to: `../crawls/pages.ebay.com/User-Agreement/raw/include.ebaystatic.com/js/e747/us/ebayfooter_cobrand_v4_e7476us.js'

     0K .......... .......... .......                         100% 3.41M=0.008s

2011-12-02 14:58:43 (3.41 MB/s) - `../crawls/pages.ebay.com/User-Agreement/raw/include.ebaystatic.com/js/e747/us/ebayfooter_cobrand_v4_e7476us.js' saved [28643/28643]

--2011-12-02 14:58:43--  http://rover.ebay.com/roverimp/0/0/9?imp=1003230
Resolving rover.ebay.com (rover.ebay.com)... 66.135.204.19, 66.135.208.226, 66.211.179.119, ...
Connecting to rover.ebay.com (rover.ebay.com)|66.135.204.19|:80... connected.
HTTP request sent, awaiting response... 200 OK
Length: 42 [image/gif]
Saving to: `../crawls/pages.ebay.com/User-Agreement/raw/rover.ebay.com/roverimp/0/0/9?imp=1003230'

     0K                                                       100% 20.5K=0s

2011-12-02 14:58:43 (20.5 KB/s) - `../crawls/pages.ebay.com/User-Agreement/raw/rover.ebay.com/roverimp/0/0/9?imp=1003230' saved [42/42]

--2011-12-02 14:58:43--  http://q.ebaystatic.com/aw/pics/homepage/sprHdr4.png
Connecting to q.ebaystatic.com (q.ebaystatic.com)|216.156.213.48|:80... connected.
HTTP request sent, awaiting response... 200 OK
Length: 1858 (1.8K) [image/png]
Saving to: `../crawls/pages.ebay.com/User-Agreement/raw/q.ebaystatic.com/aw/pics/homepage/sprHdr4.png'

     0K .                                                     100%  907K=0s

2011-12-02 14:58:43 (907 KB/s) - `../crawls/pages.ebay.com/User-Agreement/raw/q.ebaystatic.com/aw/pics/homepage/sprHdr4.png' saved [1858/1858]

--2011-12-02 14:58:43--  http://p.ebaystatic.com/aw/pics/cmp/ds2/sprButtons.png
Reusing existing connection to q.ebaystatic.com:80.
HTTP request sent, awaiting response... 200 OK
Length: 10896 (11K) [image/png]
Saving to: `../crawls/pages.ebay.com/User-Agreement/raw/p.ebaystatic.com/aw/pics/cmp/ds2/sprButtons.png'

     0K ..........                                            100% 2.60M=0.004s

2011-12-02 14:58:43 (2.60 MB/s) - `../crawls/pages.ebay.com/User-Agreement/raw/p.ebaystatic.com/aw/pics/cmp/ds2/sprButtons.png' saved [10896/10896]

--2011-12-02 14:58:43--  http://p.ebaystatic.com/aw/pics/homepage/imgArrowDot.png
Reusing existing connection to q.ebaystatic.com:80.
HTTP request sent, awaiting response... 200 OK
Length: 1376 (1.3K) [image/png]
Saving to: `../crawls/pages.ebay.com/User-Agreement/raw/p.ebaystatic.com/aw/pics/homepage/imgArrowDot.png'

     0K .                                                     100%  672K=0s

2011-12-02 14:58:43 (672 KB/s) - `../crawls/pages.ebay.com/User-Agreement/raw/p.ebaystatic.com/aw/pics/homepage/imgArrowDot.png' saved [1376/1376]

--2011-12-02 14:58:43--  http://p.ebaystatic.com/aw/pics/rewards/ebaybucks/imgBucks_35x13.gif
Reusing existing connection to q.ebaystatic.com:80.
HTTP request sent, awaiting response... 200 OK
Length: 493 [image/gif]
Saving to: `../crawls/pages.ebay.com/User-Agreement/raw/p.ebaystatic.com/aw/pics/rewards/ebaybucks/imgBucks_35x13.gif'

     0K                                                       100%  241K=0s

2011-12-02 14:58:43 (241 KB/s) - `../crawls/pages.ebay.com/User-Agreement/raw/p.ebaystatic.com/aw/pics/rewards/ebaybucks/imgBucks_35x13.gif' saved [493/493]

--2011-12-02 14:58:43--  http://p.ebaystatic.com/aw/pics/globalAssets/imgAutofillLLGrey.gif
Reusing existing connection to q.ebaystatic.com:80.
HTTP request sent, awaiting response... 200 OK
Length: 72 [image/gif]
Saving to: `../crawls/pages.ebay.com/User-Agreement/raw/p.ebaystatic.com/aw/pics/globalAssets/imgAutofillLLGrey.gif'

     0K                                                       100% 35.2K=0s

2011-12-02 14:58:43 (35.2 KB/s) - `../crawls/pages.ebay.com/User-Agreement/raw/p.ebaystatic.com/aw/pics/globalAssets/imgAutofillLLGrey.gif' saved [72/72]

--2011-12-02 14:58:43--  http://q.ebaystatic.com/aw/pics/globalAssets/imgAutofillLRGrey.gif
Reusing existing connection to q.ebaystatic.com:80.
HTTP request sent, awaiting response... 200 OK
Length: 97 [image/gif]
Saving to: `../crawls/pages.ebay.com/User-Agreement/raw/q.ebaystatic.com/aw/pics/globalAssets/imgAutofillLRGrey.gif'

     0K                                                       100% 47.4K=0s

2011-12-02 14:58:43 (47.4 KB/s) - `../crawls/pages.ebay.com/User-Agreement/raw/q.ebaystatic.com/aw/pics/globalAssets/imgAutofillLRGrey.gif' saved [97/97]

--2011-12-02 14:58:43--  http://p.ebaystatic.com/aw/pics/icons/iconAutofillDown_12x10.gif
Reusing existing connection to q.ebaystatic.com:80.
HTTP request sent, awaiting response... 200 OK
Length: 177 [image/gif]
Saving to: `../crawls/pages.ebay.com/User-Agreement/raw/p.ebaystatic.com/aw/pics/icons/iconAutofillDown_12x10.gif'

     0K                                                       100% 86.4K=0s

2011-12-02 14:58:43 (86.4 KB/s) - `../crawls/pages.ebay.com/User-Agreement/raw/p.ebaystatic.com/aw/pics/icons/iconAutofillDown_12x10.gif' saved [177/177]

--2011-12-02 14:58:43--  http://q.ebaystatic.com/aw/pics/icons/iconAutofillUp_12x10.gif
Reusing existing connection to q.ebaystatic.com:80.
HTTP request sent, awaiting response... 200 OK
Length: 176 [image/gif]
Saving to: `../crawls/pages.ebay.com/User-Agreement/raw/q.ebaystatic.com/aw/pics/icons/iconAutofillUp_12x10.gif'

     0K                                                       100% 85.9K=0s

2011-12-02 14:58:43 (85.9 KB/s) - `../crawls/pages.ebay.com/User-Agreement/raw/q.ebaystatic.com/aw/pics/icons/iconAutofillUp_12x10.gif' saved [176/176]

--2011-12-02 14:58:43--  http://p.ebaystatic.com/aw/pics/icons/iconNewPurple_28x13.gif
Reusing existing connection to q.ebaystatic.com:80.
HTTP request sent, awaiting response... 200 OK
Length: 371 [image/gif]
Saving to: `../crawls/pages.ebay.com/User-Agreement/raw/p.ebaystatic.com/aw/pics/icons/iconNewPurple_28x13.gif'

     0K                                                       100%  181K=0s

2011-12-02 14:58:43 (181 KB/s) - `../crawls/pages.ebay.com/User-Agreement/raw/p.ebaystatic.com/aw/pics/icons/iconNewPurple_28x13.gif' saved [371/371]

--2011-12-02 14:58:43--  http://p.ebaystatic.com/aw/pics/buttons/btnClose_16x16.gif
Reusing existing connection to q.ebaystatic.com:80.
HTTP request sent, awaiting response... 200 OK
Length: 233 [image/gif]
Saving to: `../crawls/pages.ebay.com/User-Agreement/raw/p.ebaystatic.com/aw/pics/buttons/btnClose_16x16.gif'

     0K                                                       100%  114K=0s

2011-12-02 14:58:43 (114 KB/s) - `../crawls/pages.ebay.com/User-Agreement/raw/p.ebaystatic.com/aw/pics/buttons/btnClose_16x16.gif' saved [233/233]

--2011-12-02 14:58:43--  http://p.ebaystatic.com/aw/pics/homepage/hpspr2.png
Reusing existing connection to q.ebaystatic.com:80.
HTTP request sent, awaiting response... 200 OK
Length: 34146 (33K) [image/png]
Saving to: `../crawls/pages.ebay.com/User-Agreement/raw/p.ebaystatic.com/aw/pics/homepage/hpspr2.png'

     0K .......... .......... .......... ...                  100% 4.07M=0.008s

2011-12-02 14:58:43 (4.07 MB/s) - `../crawls/pages.ebay.com/User-Agreement/raw/p.ebaystatic.com/aw/pics/homepage/hpspr2.png' saved [34146/34146]

--2011-12-02 14:58:43--  http://q.ebaystatic.com/aw/pics/homepage/hpspr2_8.png
Reusing existing connection to q.ebaystatic.com:80.
HTTP request sent, awaiting response... 200 OK
Length: 18568 (18K) [image/png]
Saving to: `../crawls/pages.ebay.com/User-Agreement/raw/q.ebaystatic.com/aw/pics/homepage/hpspr2_8.png'

     0K .......... ........                                   100% 4.43M=0.004s

2011-12-02 14:58:43 (4.43 MB/s) - `../crawls/pages.ebay.com/User-Agreement/raw/q.ebaystatic.com/aw/pics/homepage/hpspr2_8.png' saved [18568/18568]

--2011-12-02 14:58:43--  http://p.ebaystatic.com/aw/pics/globalHeader/imgVNLshdwRt.png
Reusing existing connection to q.ebaystatic.com:80.
HTTP request sent, awaiting response... 200 OK
Length: 85 [image/png]
Saving to: `../crawls/pages.ebay.com/User-Agreement/raw/p.ebaystatic.com/aw/pics/globalHeader/imgVNLshdwRt.png'

     0K                                                       100% 41.5K=0s

2011-12-02 14:58:43 (41.5 KB/s) - `../crawls/pages.ebay.com/User-Agreement/raw/p.ebaystatic.com/aw/pics/globalHeader/imgVNLshdwRt.png' saved [85/85]

--2011-12-02 14:58:43--  http://p.ebaystatic.com/aw/pics/globalHeader/sprVNLshdwVert.png
Reusing existing connection to q.ebaystatic.com:80.
HTTP request sent, awaiting response... 200 OK
Length: 140 [image/png]
Saving to: `../crawls/pages.ebay.com/User-Agreement/raw/p.ebaystatic.com/aw/pics/globalHeader/sprVNLshdwVert.png'

     0K                                                       100% 68.4K=0s

2011-12-02 14:58:43 (68.4 KB/s) - `../crawls/pages.ebay.com/User-Agreement/raw/p.ebaystatic.com/aw/pics/globalHeader/sprVNLshdwVert.png' saved [140/140]

--2011-12-02 14:58:43--  http://p.ebaystatic.com/aw/pics/globalHeader/sprHdr1.png
Reusing existing connection to q.ebaystatic.com:80.
HTTP request sent, awaiting response... 200 OK
Length: 519 [image/png]
Saving to: `../crawls/pages.ebay.com/User-Agreement/raw/p.ebaystatic.com/aw/pics/globalHeader/sprHdr1.png'

     0K                                                       100%  253K=0s

2011-12-02 14:58:43 (253 KB/s) - `../crawls/pages.ebay.com/User-Agreement/raw/p.ebaystatic.com/aw/pics/globalHeader/sprHdr1.png' saved [519/519]

--2011-12-02 14:58:43--  http://pics.ebaystatic.com/aw/pics/globalAssets/rtCurve.gif
Reusing existing connection to q.ebaystatic.com:80.
HTTP request sent, awaiting response... 200 OK
Length: 64 [image/gif]
Saving to: `../crawls/pages.ebay.com/User-Agreement/raw/pics.ebaystatic.com/aw/pics/globalAssets/rtCurve.gif'

     0K                                                       100% 31.2K=0s

2011-12-02 14:58:43 (31.2 KB/s) - `../crawls/pages.ebay.com/User-Agreement/raw/pics.ebaystatic.com/aw/pics/globalAssets/rtCurve.gif' saved [64/64]

--2011-12-02 14:58:43--  http://pics.ebaystatic.com/aw/pics/help/ProStores/imgPsHelpBullet.gif
Reusing existing connection to q.ebaystatic.com:80.
HTTP request sent, awaiting response... 200 OK
Length: 76 [image/gif]
Saving to: `../crawls/pages.ebay.com/User-Agreement/raw/pics.ebaystatic.com/aw/pics/help/ProStores/imgPsHelpBullet.gif'

     0K                                                       100% 37.1K=0s

2011-12-02 14:58:43 (37.1 KB/s) - `../crawls/pages.ebay.com/User-Agreement/raw/pics.ebaystatic.com/aw/pics/help/ProStores/imgPsHelpBullet.gif' saved [76/76]

--2011-12-02 14:58:43--  http://pics.ebaystatic.com/aw/pics/globalAssets/imgPanelULGrey.gif
Reusing existing connection to q.ebaystatic.com:80.
HTTP request sent, awaiting response... 200 OK
Length: 111 [image/gif]
Saving to: `../crawls/pages.ebay.com/User-Agreement/raw/pics.ebaystatic.com/aw/pics/globalAssets/imgPanelULGrey.gif'

     0K                                                       100% 54.2K=0s

2011-12-02 14:58:43 (54.2 KB/s) - `../crawls/pages.ebay.com/User-Agreement/raw/pics.ebaystatic.com/aw/pics/globalAssets/imgPanelULGrey.gif' saved [111/111]

--2011-12-02 14:58:43--  http://pics.ebaystatic.com/aw/pics/globalAssets/imgPanelURGrey.gif
Reusing existing connection to q.ebaystatic.com:80.
HTTP request sent, awaiting response... 200 OK
Length: 111 [image/gif]
Saving to: `../crawls/pages.ebay.com/User-Agreement/raw/pics.ebaystatic.com/aw/pics/globalAssets/imgPanelURGrey.gif'

     0K                                                       100% 54.2K=0s

2011-12-02 14:58:43 (54.2 KB/s) - `../crawls/pages.ebay.com/User-Agreement/raw/pics.ebaystatic.com/aw/pics/globalAssets/imgPanelURGrey.gif' saved [111/111]

--2011-12-02 14:58:43--  http://pics.ebaystatic.com/aw/pics/globalAssets/imgPanelLRGrey.gif
Reusing existing connection to q.ebaystatic.com:80.
HTTP request sent, awaiting response... 200 OK
Length: 110 [image/gif]
Saving to: `../crawls/pages.ebay.com/User-Agreement/raw/pics.ebaystatic.com/aw/pics/globalAssets/imgPanelLRGrey.gif'

     0K                                                       100% 53.7K=0s

2011-12-02 14:58:43 (53.7 KB/s) - `../crawls/pages.ebay.com/User-Agreement/raw/pics.ebaystatic.com/aw/pics/globalAssets/imgPanelLRGrey.gif' saved [110/110]

--2011-12-02 14:58:43--  http://pics.ebaystatic.com/aw/pics/globalAssets/imgPanelLLGrey.gif
Reusing existing connection to q.ebaystatic.com:80.
HTTP request sent, awaiting response... 200 OK
Length: 111 [image/gif]
Saving to: `../crawls/pages.ebay.com/User-Agreement/raw/pics.ebaystatic.com/aw/pics/globalAssets/imgPanelLLGrey.gif'

     0K                                                       100% 54.2K=0s

2011-12-02 14:58:43 (54.2 KB/s) - `../crawls/pages.ebay.com/User-Agreement/raw/pics.ebaystatic.com/aw/pics/globalAssets/imgPanelLLGrey.gif' saved [111/111]

--2011-12-02 14:58:43--  https://securepics.ebaystatic.com/aw/pics/viewitem/imgVIPrmryBtnLt.gif
Resolving securepics.ebaystatic.com (securepics.ebaystatic.com)... 96.6.208.167
Connecting to securepics.ebaystatic.com (securepics.ebaystatic.com)|96.6.208.167|:443... connected.
HTTP request sent, awaiting response... 200 OK
Length: 142 [image/gif]
Saving to: `../crawls/pages.ebay.com/User-Agreement/raw/securepics.ebaystatic.com/aw/pics/viewitem/imgVIPrmryBtnLt.gif'

     0K                                                       100% 69.3K=0s

2011-12-02 14:58:43 (69.3 KB/s) - `../crawls/pages.ebay.com/User-Agreement/raw/securepics.ebaystatic.com/aw/pics/viewitem/imgVIPrmryBtnLt.gif' saved [142/142]

--2011-12-02 14:58:43--  https://securepics.ebaystatic.com/aw/pics/buttons/btnViPrmry.gif
Reusing existing connection to securepics.ebaystatic.com:443.
HTTP request sent, awaiting response... 200 OK
Length: 451 [image/gif]
Saving to: `../crawls/pages.ebay.com/User-Agreement/raw/securepics.ebaystatic.com/aw/pics/buttons/btnViPrmry.gif'

     0K                                                       100%  220K=0s

2011-12-02 14:58:43 (220 KB/s) - `../crawls/pages.ebay.com/User-Agreement/raw/securepics.ebaystatic.com/aw/pics/buttons/btnViPrmry.gif' saved [451/451]

--2011-12-02 14:58:43--  http://pics.ebaystatic.com/aw/pics/globalAssets/imgSignpostArrow.gif
Connecting to pics.ebaystatic.com (pics.ebaystatic.com)|216.156.213.64|:80... connected.
HTTP request sent, awaiting response... 200 OK
Length: 121 [image/gif]
Saving to: `../crawls/pages.ebay.com/User-Agreement/raw/pics.ebaystatic.com/aw/pics/globalAssets/imgSignpostArrow.gif'

     0K                                                       100% 59.1K=0s

2011-12-02 14:58:43 (59.1 KB/s) - `../crawls/pages.ebay.com/User-Agreement/raw/pics.ebaystatic.com/aw/pics/globalAssets/imgSignpostArrow.gif' saved [121/121]

--2011-12-02 14:58:43--  http://pics.ebaystatic.com/aw/pics/globalAssets/imgPanelURYellow.gif
Reusing existing connection to pics.ebaystatic.com:80.
HTTP request sent, awaiting response... 200 OK
Length: 113 [image/gif]
Saving to: `../crawls/pages.ebay.com/User-Agreement/raw/pics.ebaystatic.com/aw/pics/globalAssets/imgPanelURYellow.gif'

     0K                                                       100% 55.2K=0s

2011-12-02 14:58:43 (55.2 KB/s) - `../crawls/pages.ebay.com/User-Agreement/raw/pics.ebaystatic.com/aw/pics/globalAssets/imgPanelURYellow.gif' saved [113/113]

--2011-12-02 14:58:43--  http://pics.ebaystatic.com/aw/pics/globalAssets/imgPanelULYellow.gif
Reusing existing connection to pics.ebaystatic.com:80.
HTTP request sent, awaiting response... 200 OK
Length: 113 [image/gif]
Saving to: `../crawls/pages.ebay.com/User-Agreement/raw/pics.ebaystatic.com/aw/pics/globalAssets/imgPanelULYellow.gif'

     0K                                                       100% 55.2K=0s

2011-12-02 14:58:43 (55.2 KB/s) - `../crawls/pages.ebay.com/User-Agreement/raw/pics.ebaystatic.com/aw/pics/globalAssets/imgPanelULYellow.gif' saved [113/113]

--2011-12-02 14:58:43--  http://pics.ebaystatic.com/aw/pics/globalAssets/imgPanelBGYellowGrad1.gif
Reusing existing connection to pics.ebaystatic.com:80.
HTTP request sent, awaiting response... 200 OK
Length: 145 [image/gif]
Saving to: `../crawls/pages.ebay.com/User-Agreement/raw/pics.ebaystatic.com/aw/pics/globalAssets/imgPanelBGYellowGrad1.gif'

     0K                                                       100% 70.8K=0s

2011-12-02 14:58:43 (70.8 KB/s) - `../crawls/pages.ebay.com/User-Agreement/raw/pics.ebaystatic.com/aw/pics/globalAssets/imgPanelBGYellowGrad1.gif' saved [145/145]

--2011-12-02 14:58:43--  http://pics.ebaystatic.com/aw/pics/globalAssets/imgPageLevelToolBarBG40.gif
Reusing existing connection to pics.ebaystatic.com:80.
HTTP request sent, awaiting response... 200 OK
Length: 156 [image/gif]
Saving to: `../crawls/pages.ebay.com/User-Agreement/raw/pics.ebaystatic.com/aw/pics/globalAssets/imgPageLevelToolBarBG40.gif'

     0K                                                       100% 76.2K=0s

2011-12-02 14:58:43 (76.2 KB/s) - `../crawls/pages.ebay.com/User-Agreement/raw/pics.ebaystatic.com/aw/pics/globalAssets/imgPageLevelToolBarBG40.gif' saved [156/156]

--2011-12-02 14:58:43--  http://pics.ebaystatic.com/aw/pics/globalAssets/imgPanelLRYellow.gif
Reusing existing connection to pics.ebaystatic.com:80.
HTTP request sent, awaiting response... 200 OK
Length: 111 [image/gif]
Saving to: `../crawls/pages.ebay.com/User-Agreement/raw/pics.ebaystatic.com/aw/pics/globalAssets/imgPanelLRYellow.gif'

     0K                                                       100% 54.2K=0s

2011-12-02 14:58:43 (54.2 KB/s) - `../crawls/pages.ebay.com/User-Agreement/raw/pics.ebaystatic.com/aw/pics/globalAssets/imgPanelLRYellow.gif' saved [111/111]

--2011-12-02 14:58:43--  http://pics.ebaystatic.com/aw/pics/globalAssets/imgPanelLLYellow.gif
Reusing existing connection to pics.ebaystatic.com:80.
HTTP request sent, awaiting response... 200 OK
Length: 112 [image/gif]
Saving to: `../crawls/pages.ebay.com/User-Agreement/raw/pics.ebaystatic.com/aw/pics/globalAssets/imgPanelLLYellow.gif'

     0K                                                       100% 54.7K=0s

2011-12-02 14:58:43 (54.7 KB/s) - `../crawls/pages.ebay.com/User-Agreement/raw/pics.ebaystatic.com/aw/pics/globalAssets/imgPanelLLYellow.gif' saved [112/112]

--2011-12-02 14:58:43--  http://pics.ebaystatic.com/aw/pics/globalAssets/imgrndcnrgrey_spaced.gif
Reusing existing connection to pics.ebaystatic.com:80.
HTTP request sent, awaiting response... 200 OK
Length: 133 [image/gif]
Saving to: `../crawls/pages.ebay.com/User-Agreement/raw/pics.ebaystatic.com/aw/pics/globalAssets/imgrndcnrgrey_spaced.gif'

     0K                                                       100% 64.9K=0s

2011-12-02 14:58:43 (64.9 KB/s) - `../crawls/pages.ebay.com/User-Agreement/raw/pics.ebaystatic.com/aw/pics/globalAssets/imgrndcnrgrey_spaced.gif' saved [133/133]

--2011-12-02 14:58:43--  http://pics.ebaystatic.com/aw/pics/help/infohubs/images/imgYellowGrad_1x97.gif
Reusing existing connection to pics.ebaystatic.com:80.
HTTP request sent, awaiting response... 200 OK
Length: 313 [image/gif]
Saving to: `../crawls/pages.ebay.com/User-Agreement/raw/pics.ebaystatic.com/aw/pics/help/infohubs/images/imgYellowGrad_1x97.gif'

     0K                                                       100%  153K=0s

2011-12-02 14:58:43 (153 KB/s) - `../crawls/pages.ebay.com/User-Agreement/raw/pics.ebaystatic.com/aw/pics/help/infohubs/images/imgYellowGrad_1x97.gif' saved [313/313]

--2011-12-02 14:58:43--  http://pics.ebaystatic.com/aw/pics/help/infohubs/images/imgLeftNaviHeaderBg_1x23.gif
Reusing existing connection to pics.ebaystatic.com:80.
HTTP request sent, awaiting response... 200 OK
Length: 150 [image/gif]
Saving to: `../crawls/pages.ebay.com/User-Agreement/raw/pics.ebaystatic.com/aw/pics/help/infohubs/images/imgLeftNaviHeaderBg_1x23.gif'

     0K                                                       100% 73.2K=0s

2011-12-02 14:58:43 (73.2 KB/s) - `../crawls/pages.ebay.com/User-Agreement/raw/pics.ebaystatic.com/aw/pics/help/infohubs/images/imgLeftNaviHeaderBg_1x23.gif' saved [150/150]

--2011-12-02 14:58:43--  http://pics.ebaystatic.com/aw/pics/help/infohubs/images/imgLeftNavBgUPD_1x100.gif
Reusing existing connection to pics.ebaystatic.com:80.
HTTP request sent, awaiting response... 200 OK
Length: 156 [image/gif]
Saving to: `../crawls/pages.ebay.com/User-Agreement/raw/pics.ebaystatic.com/aw/pics/help/infohubs/images/imgLeftNavBgUPD_1x100.gif'

     0K                                                       100% 76.2K=0s

2011-12-02 14:58:43 (76.2 KB/s) - `../crawls/pages.ebay.com/User-Agreement/raw/pics.ebaystatic.com/aw/pics/help/infohubs/images/imgLeftNavBgUPD_1x100.gif' saved [156/156]

--2011-12-02 14:58:43--  http://pics.ebaystatic.com/aw/pics/globalAssets/imgrndcnryellow_spaced.gif
Reusing existing connection to pics.ebaystatic.com:80.
HTTP request sent, awaiting response... 200 OK
Length: 884 [image/gif]
Saving to: `../crawls/pages.ebay.com/User-Agreement/raw/pics.ebaystatic.com/aw/pics/globalAssets/imgrndcnryellow_spaced.gif'

     0K                                                       100%  432K=0s

2011-12-02 14:58:43 (432 KB/s) - `../crawls/pages.ebay.com/User-Agreement/raw/pics.ebaystatic.com/aw/pics/globalAssets/imgrndcnryellow_spaced.gif' saved [884/884]

--2011-12-02 14:58:43--  http://pics.ebaystatic.com/aw/pics/globalAssets/imgTransRndCrnAllColor_spaced.gif
Reusing existing connection to pics.ebaystatic.com:80.
HTTP request sent, awaiting response... 200 OK
Length: 1077 (1.1K) [image/gif]
Saving to: `../crawls/pages.ebay.com/User-Agreement/raw/pics.ebaystatic.com/aw/pics/globalAssets/imgTransRndCrnAllColor_spaced.gif'

     0K .                                                     100%  526K=0s

2011-12-02 14:58:43 (526 KB/s) - `../crawls/pages.ebay.com/User-Agreement/raw/pics.ebaystatic.com/aw/pics/globalAssets/imgTransRndCrnAllColor_spaced.gif' saved [1077/1077]

--2011-12-02 14:58:43--  http://pics.ebaystatic.com/aw/pics/globalAssets/imgYellowBG_1x30.gif
Reusing existing connection to pics.ebaystatic.com:80.
HTTP request sent, awaiting response... 200 OK
Length: 442 [image/gif]
Saving to: `../crawls/pages.ebay.com/User-Agreement/raw/pics.ebaystatic.com/aw/pics/globalAssets/imgYellowBG_1x30.gif'

     0K                                                       100%  216K=0s

2011-12-02 14:58:43 (216 KB/s) - `../crawls/pages.ebay.com/User-Agreement/raw/pics.ebaystatic.com/aw/pics/globalAssets/imgYellowBG_1x30.gif' saved [442/442]

--2011-12-02 14:58:43--  http://pics.ebaystatic.com/aw/pics/globalAssets/imgPanelULred.gif
Reusing existing connection to pics.ebaystatic.com:80.
HTTP request sent, awaiting response... 200 OK
Length: 82 [image/gif]
Saving to: `../crawls/pages.ebay.com/User-Agreement/raw/pics.ebaystatic.com/aw/pics/globalAssets/imgPanelULred.gif'

     0K                                                       100% 40.0K=0s

2011-12-02 14:58:43 (40.0 KB/s) - `../crawls/pages.ebay.com/User-Agreement/raw/pics.ebaystatic.com/aw/pics/globalAssets/imgPanelULred.gif' saved [82/82]

--2011-12-02 14:58:43--  http://pics.ebaystatic.com/aw/pics/globalAssets/imgPanelURred.gif
Reusing existing connection to pics.ebaystatic.com:80.
HTTP request sent, awaiting response... 200 OK
Length: 82 [image/gif]
Saving to: `../crawls/pages.ebay.com/User-Agreement/raw/pics.ebaystatic.com/aw/pics/globalAssets/imgPanelURred.gif'

     0K                                                       100% 40.0K=0s

2011-12-02 14:58:43 (40.0 KB/s) - `../crawls/pages.ebay.com/User-Agreement/raw/pics.ebaystatic.com/aw/pics/globalAssets/imgPanelURred.gif' saved [82/82]

--2011-12-02 14:58:43--  http://pics.ebaystatic.com/aw/pics/globalAssets/imgPanelLRred.gif
Reusing existing connection to pics.ebaystatic.com:80.
HTTP request sent, awaiting response... 200 OK
Length: 81 [image/gif]
Saving to: `../crawls/pages.ebay.com/User-Agreement/raw/pics.ebaystatic.com/aw/pics/globalAssets/imgPanelLRred.gif'

     0K                                                       100% 39.5K=0s

2011-12-02 14:58:43 (39.5 KB/s) - `../crawls/pages.ebay.com/User-Agreement/raw/pics.ebaystatic.com/aw/pics/globalAssets/imgPanelLRred.gif' saved [81/81]

--2011-12-02 14:58:43--  http://pics.ebaystatic.com/aw/pics/globalAssets/imgPanelLLred.gif
Reusing existing connection to pics.ebaystatic.com:80.
HTTP request sent, awaiting response... 200 OK
Length: 82 [image/gif]
Saving to: `../crawls/pages.ebay.com/User-Agreement/raw/pics.ebaystatic.com/aw/pics/globalAssets/imgPanelLLred.gif'

     0K                                                       100% 40.0K=0s

2011-12-02 14:58:43 (40.0 KB/s) - `../crawls/pages.ebay.com/User-Agreement/raw/pics.ebaystatic.com/aw/pics/globalAssets/imgPanelLLred.gif' saved [82/82]

--2011-12-02 14:58:43--  http://q.ebaystatic.com/aw/pics/cmp/ds2/sprArrows.png
Reusing existing connection to pics.ebaystatic.com:80.
HTTP request sent, awaiting response... 200 OK
Length: 2672 (2.6K) [image/png]
Saving to: `../crawls/pages.ebay.com/User-Agreement/raw/q.ebaystatic.com/aw/pics/cmp/ds2/sprArrows.png'

     0K ..                                                    100% 1.27M=0s

2011-12-02 14:58:43 (1.27 MB/s) - `../crawls/pages.ebay.com/User-Agreement/raw/q.ebaystatic.com/aw/pics/cmp/ds2/sprArrows.png' saved [2672/2672]

--2011-12-02 14:58:43--  http://q.ebaystatic.com/aw/pics/cmp/ds2/ui/sprBtnCore.png
Reusing existing connection to pics.ebaystatic.com:80.
HTTP request sent, awaiting response... 200 OK
Length: 7727 (7.5K) [image/png]
Saving to: `../crawls/pages.ebay.com/User-Agreement/raw/q.ebaystatic.com/aw/pics/cmp/ds2/ui/sprBtnCore.png'

     0K .......                                               100% 1.84M=0.004s

2011-12-02 14:58:43 (1.84 MB/s) - `../crawls/pages.ebay.com/User-Agreement/raw/q.ebaystatic.com/aw/pics/cmp/ds2/ui/sprBtnCore.png' saved [7727/7727]

FINISHED --2011-12-02 14:58:43--
Total wall clock time: 1.3s
Downloaded: 69 files, 561K in 0.1s (5.08 MB/s)
Converting ../crawls/pages.ebay.com/User-Agreement/raw/pages.ebay.com/help/policies/user-agreement.html... 33-7
Converting ../crawls/pages.ebay.com/User-Agreement/raw/include.ebaystatic.com/css/v/us/help/help-yukon.css... 26-0
Converting ../crawls/pages.ebay.com/User-Agreement/raw/include.ebaystatic.com/css/v/us/help/help-pagetype.css... 31-0
Converting ../crawls/pages.ebay.com/User-Agreement/raw/include.ebaystatic.com/css/v/us/help/help.css... 3-0
Converting ../crawls/pages.ebay.com/User-Agreement/raw/ir.ebaystatic.com/v4css/z/2s/3zhykpa5ca0zthsnrhjg02hpi.css... 34-0
Converting ../crawls/pages.ebay.com/User-Agreement/raw/include.ebaystatic.com/css/v/us/help/help-ds2.css... 3-0
Converted 6 files in 0.004 seconds.
