--2011-12-02 15:09:33--  http://www.data.gov/privacypolicy
Resolving www.data.gov (www.data.gov)... 184.51.2.173
Connecting to www.data.gov (www.data.gov)|184.51.2.173|:80... connected.
HTTP request sent, awaiting response... 200 OK
Length: 18933 (18K) [text/html]
Saving to: `../crawls/www.data.gov/Privacy-Policy/raw/www.data.gov/privacypolicy.html'

     0K .......... ........                                   100% 2.26M=0.008s

2011-12-02 15:09:33 (2.26 MB/s) - `../crawls/www.data.gov/Privacy-Policy/raw/www.data.gov/privacypolicy.html' saved [18933/18933]

--2011-12-02 15:09:33--  http://www.data.gov/css/style.css?v=5d18
Reusing existing connection to www.data.gov:80.
HTTP request sent, awaiting response... 200 OK
Length: unspecified [text/css]
Saving to: `../crawls/www.data.gov/Privacy-Policy/raw/www.data.gov/css/style.css?v=5d18.css'

     0K .......... .......... .......... .......               4.61M=0.008s

2011-12-02 15:09:33 (4.61 MB/s) - `../crawls/www.data.gov/Privacy-Policy/raw/www.data.gov/css/style.css?v=5d18.css' saved [38674]

--2011-12-02 15:09:33--  http://www.data.gov/css/print.css
Reusing existing connection to www.data.gov:80.
HTTP request sent, awaiting response... 200 OK
Length: 23410 (23K) [text/css]
Saving to: `../crawls/www.data.gov/Privacy-Policy/raw/www.data.gov/css/print.css'

     0K .......... .......... ..                              100% 11.2M=0s

2011-12-02 15:09:33 (11.2 MB/s) - `../crawls/www.data.gov/Privacy-Policy/raw/www.data.gov/css/print.css' saved [23410/23410]

--2011-12-02 15:09:33--  http://www.data.gov/css/nav.css
Reusing existing connection to www.data.gov:80.
HTTP request sent, awaiting response... 200 OK
Length: 3306 (3.2K) [text/css]
Saving to: `../crawls/www.data.gov/Privacy-Policy/raw/www.data.gov/css/nav.css'

     0K ...                                                   100% 1.58M=0s

2011-12-02 15:09:33 (1.58 MB/s) - `../crawls/www.data.gov/Privacy-Policy/raw/www.data.gov/css/nav.css' saved [3306/3306]

--2011-12-02 15:09:33--  http://www.data.gov/css/jquery.tooltip.css
Reusing existing connection to www.data.gov:80.
HTTP request sent, awaiting response... 200 OK
Length: 213 [text/css]
Saving to: `../crawls/www.data.gov/Privacy-Policy/raw/www.data.gov/css/jquery.tooltip.css'

     0K                                                       100%  104K=0s

2011-12-02 15:09:33 (104 KB/s) - `../crawls/www.data.gov/Privacy-Policy/raw/www.data.gov/css/jquery.tooltip.css' saved [213/213]

--2011-12-02 15:09:33--  http://www.data.gov/thickbox/thickbox.css
Reusing existing connection to www.data.gov:80.
HTTP request sent, awaiting response... 200 OK
Length: 5150 (5.0K) [text/css]
Saving to: `../crawls/www.data.gov/Privacy-Policy/raw/www.data.gov/thickbox/thickbox.css'

     0K .....                                                 100% 2.46M=0s

2011-12-02 15:09:33 (2.46 MB/s) - `../crawls/www.data.gov/Privacy-Policy/raw/www.data.gov/thickbox/thickbox.css' saved [5150/5150]

--2011-12-02 15:09:33--  http://www.data.gov/css/jquery.rating.css
Reusing existing connection to www.data.gov:80.
HTTP request sent, awaiting response... 200 OK
Length: 890 [text/css]
Saving to: `../crawls/www.data.gov/Privacy-Policy/raw/www.data.gov/css/jquery.rating.css'

     0K                                                       100%  435K=0s

2011-12-02 15:09:33 (435 KB/s) - `../crawls/www.data.gov/Privacy-Policy/raw/www.data.gov/css/jquery.rating.css' saved [890/890]

--2011-12-02 15:09:33--  http://www.data.gov/css/tabs.css
Reusing existing connection to www.data.gov:80.
HTTP request sent, awaiting response... 200 OK
Length: 6173 (6.0K) [text/css]
Saving to: `../crawls/www.data.gov/Privacy-Policy/raw/www.data.gov/css/tabs.css'

     0K ......                                                100% 2.94M=0s

2011-12-02 15:09:33 (2.94 MB/s) - `../crawls/www.data.gov/Privacy-Policy/raw/www.data.gov/css/tabs.css' saved [6173/6173]

--2011-12-02 15:09:33--  http://www.data.gov/js/jquery-1.4.4.min.js
Reusing existing connection to www.data.gov:80.
HTTP request sent, awaiting response... 200 OK
Length: unspecified [application/javascript]
Saving to: `../crawls/www.data.gov/Privacy-Policy/raw/www.data.gov/js/jquery-1.4.4.min.js'

     0K .......... .......... .......... .......... .......... 6.10M
    50K .......... .......... ......                           6.53M=0.01s

2011-12-02 15:09:33 (6.25 MB/s) - `../crawls/www.data.gov/Privacy-Policy/raw/www.data.gov/js/jquery-1.4.4.min.js' saved [78601]

--2011-12-02 15:09:33--  http://www.data.gov/js/jquery-ui-1.7.1.custom.min.js
Reusing existing connection to www.data.gov:80.
HTTP request sent, awaiting response... 200 OK
Length: 18863 (18K) [application/javascript]
Saving to: `../crawls/www.data.gov/Privacy-Policy/raw/www.data.gov/js/jquery-ui-1.7.1.custom.min.js'

     0K .......... ........                                   100% 8.99M=0s

2011-12-02 15:09:33 (8.99 MB/s) - `../crawls/www.data.gov/Privacy-Policy/raw/www.data.gov/js/jquery-ui-1.7.1.custom.min.js' saved [18863/18863]

--2011-12-02 15:09:33--  http://www.data.gov/js/datagov.js
Reusing existing connection to www.data.gov:80.
HTTP request sent, awaiting response... 200 OK
Length: 5698 (5.6K) [application/javascript]
Saving to: `../crawls/www.data.gov/Privacy-Policy/raw/www.data.gov/js/datagov.js'

     0K .....                                                 100% 2.72M=0s

2011-12-02 15:09:33 (2.72 MB/s) - `../crawls/www.data.gov/Privacy-Policy/raw/www.data.gov/js/datagov.js' saved [5698/5698]

--2011-12-02 15:09:33--  http://www.data.gov/js/dw_event.js
Reusing existing connection to www.data.gov:80.
HTTP request sent, awaiting response... 200 OK
Length: 1372 (1.3K) [application/javascript]
Saving to: `../crawls/www.data.gov/Privacy-Policy/raw/www.data.gov/js/dw_event.js'

     0K .                                                     100%  670K=0s

2011-12-02 15:09:33 (670 KB/s) - `../crawls/www.data.gov/Privacy-Policy/raw/www.data.gov/js/dw_event.js' saved [1372/1372]

--2011-12-02 15:09:33--  http://www.data.gov/js/dw_cookies.js
Reusing existing connection to www.data.gov:80.
HTTP request sent, awaiting response... 200 OK
Length: 1757 (1.7K) [application/javascript]
Saving to: `../crawls/www.data.gov/Privacy-Policy/raw/www.data.gov/js/dw_cookies.js'

     0K .                                                     100%  858K=0s

2011-12-02 15:09:33 (858 KB/s) - `../crawls/www.data.gov/Privacy-Policy/raw/www.data.gov/js/dw_cookies.js' saved [1757/1757]

--2011-12-02 15:09:33--  http://www.data.gov/js/dw_sizerdx.js
Reusing existing connection to www.data.gov:80.
HTTP request sent, awaiting response... 200 OK
Length: 9392 (9.2K) [application/javascript]
Saving to: `../crawls/www.data.gov/Privacy-Policy/raw/www.data.gov/js/dw_sizerdx.js'

     0K .........                                             100% 4.48M=0s

2011-12-02 15:09:33 (4.48 MB/s) - `../crawls/www.data.gov/Privacy-Policy/raw/www.data.gov/js/dw_sizerdx.js' saved [9392/9392]

--2011-12-02 15:09:33--  http://www.data.gov/js/dw_init.js
Reusing existing connection to www.data.gov:80.
HTTP request sent, awaiting response... 200 OK
Length: 1352 (1.3K) [application/javascript]
Saving to: `../crawls/www.data.gov/Privacy-Policy/raw/www.data.gov/js/dw_init.js'

     0K .                                                     100%  660K=0s

2011-12-02 15:09:33 (660 KB/s) - `../crawls/www.data.gov/Privacy-Policy/raw/www.data.gov/js/dw_init.js' saved [1352/1352]

--2011-12-02 15:09:33--  http://www.data.gov/thickbox/jquery.thickbox.js
Reusing existing connection to www.data.gov:80.
HTTP request sent, awaiting response... 200 OK
Length: 5967 (5.8K) [application/javascript]
Saving to: `../crawls/www.data.gov/Privacy-Policy/raw/www.data.gov/thickbox/jquery.thickbox.js'

     0K .....                                                 100% 2.85M=0s

2011-12-02 15:09:33 (2.85 MB/s) - `../crawls/www.data.gov/Privacy-Policy/raw/www.data.gov/thickbox/jquery.thickbox.js' saved [5967/5967]

--2011-12-02 15:09:33--  http://www.data.gov/thickbox/externallinks.js
Reusing existing connection to www.data.gov:80.
HTTP request sent, awaiting response... 200 OK
Length: 2561 (2.5K) [application/javascript]
Saving to: `../crawls/www.data.gov/Privacy-Policy/raw/www.data.gov/thickbox/externallinks.js'

     0K ..                                                    100% 1.22M=0s

2011-12-02 15:09:33 (1.22 MB/s) - `../crawls/www.data.gov/Privacy-Policy/raw/www.data.gov/thickbox/externallinks.js' saved [2561/2561]

--2011-12-02 15:09:33--  http://www.data.gov/js/jquery.tooltip.js
Reusing existing connection to www.data.gov:80.
HTTP request sent, awaiting response... 200 OK
Length: 8087 (7.9K) [application/javascript]
Saving to: `../crawls/www.data.gov/Privacy-Policy/raw/www.data.gov/js/jquery.tooltip.js'

     0K .......                                               100% 3.86M=0s

2011-12-02 15:09:33 (3.86 MB/s) - `../crawls/www.data.gov/Privacy-Policy/raw/www.data.gov/js/jquery.tooltip.js' saved [8087/8087]

--2011-12-02 15:09:33--  http://www.data.gov/js/jquery.rating.js
Reusing existing connection to www.data.gov:80.
HTTP request sent, awaiting response... 200 OK
Length: 13097 (13K) [application/javascript]
Saving to: `../crawls/www.data.gov/Privacy-Policy/raw/www.data.gov/js/jquery.rating.js'

     0K .......... ..                                         100% 6.24M=0s

2011-12-02 15:09:33 (6.24 MB/s) - `../crawls/www.data.gov/Privacy-Policy/raw/www.data.gov/js/jquery.rating.js' saved [13097/13097]

--2011-12-02 15:09:33--  http://www.data.gov/images/usaflag.gif
Reusing existing connection to www.data.gov:80.
HTTP request sent, awaiting response... 200 OK
Length: 669 [image/gif]
Saving to: `../crawls/www.data.gov/Privacy-Policy/raw/www.data.gov/images/usaflag.gif'

     0K                                                       100%  327K=0s

2011-12-02 15:09:33 (327 KB/s) - `../crawls/www.data.gov/Privacy-Policy/raw/www.data.gov/images/usaflag.gif' saved [669/669]

--2011-12-02 15:09:33--  http://www.data.gov/images/addthis.jpg
Reusing existing connection to www.data.gov:80.
HTTP request sent, awaiting response... 200 OK
Length: 1229 (1.2K) [image/jpeg]
Saving to: `../crawls/www.data.gov/Privacy-Policy/raw/www.data.gov/images/addthis.jpg'

     0K .                                                     100%  600K=0s

2011-12-02 15:09:33 (600 KB/s) - `../crawls/www.data.gov/Privacy-Policy/raw/www.data.gov/images/addthis.jpg' saved [1229/1229]

--2011-12-02 15:09:33--  http://s7.addthis.com/js/250/addthis_widget.js?pub=xa-4a53a8c7029120ed
Resolving s7.addthis.com (s7.addthis.com)... 96.6.220.20
Connecting to s7.addthis.com (s7.addthis.com)|96.6.220.20|:80... connected.
HTTP request sent, awaiting response... 200 OK
Length: unspecified [application/x-javascript]
Saving to: `../crawls/www.data.gov/Privacy-Policy/raw/s7.addthis.com/js/250/addthis_widget.js?pub=xa-4a53a8c7029120ed'

     0K .......... .......... .......... .......... .......... 6.10M
    50K .......... .......... .......... .......... ..         5.15M=0.02s

2011-12-02 15:09:33 (5.63 MB/s) - `../crawls/www.data.gov/Privacy-Policy/raw/s7.addthis.com/js/250/addthis_widget.js?pub=xa-4a53a8c7029120ed' saved [94393]

--2011-12-02 15:09:33--  http://www.data.gov/images/textsize-plus.gif
Connecting to www.data.gov (www.data.gov)|184.51.2.173|:80... connected.
HTTP request sent, awaiting response... 200 OK
Length: 63 [image/gif]
Saving to: `../crawls/www.data.gov/Privacy-Policy/raw/www.data.gov/images/textsize-plus.gif'

     0K                                                       100% 30.8K=0s

2011-12-02 15:09:33 (30.8 KB/s) - `../crawls/www.data.gov/Privacy-Policy/raw/www.data.gov/images/textsize-plus.gif' saved [63/63]

--2011-12-02 15:09:33--  http://www.data.gov/images/textsize-minus.gif
Reusing existing connection to www.data.gov:80.
HTTP request sent, awaiting response... 200 OK
Length: 61 [image/gif]
Saving to: `../crawls/www.data.gov/Privacy-Policy/raw/www.data.gov/images/textsize-minus.gif'

     0K                                                       100% 29.8K=0s

2011-12-02 15:09:33 (29.8 KB/s) - `../crawls/www.data.gov/Privacy-Policy/raw/www.data.gov/images/textsize-minus.gif' saved [61/61]

--2011-12-02 15:09:33--  http://www.data.gov/images/textsize-normal.gif
Reusing existing connection to www.data.gov:80.
HTTP request sent, awaiting response... 200 OK
Length: 60 [image/gif]
Saving to: `../crawls/www.data.gov/Privacy-Policy/raw/www.data.gov/images/textsize-normal.gif'

     0K                                                       100% 29.3K=0s

2011-12-02 15:09:33 (29.3 KB/s) - `../crawls/www.data.gov/Privacy-Policy/raw/www.data.gov/images/textsize-normal.gif' saved [60/60]

--2011-12-02 15:09:33--  http://www.data.gov/images/logo.png
Reusing existing connection to www.data.gov:80.
HTTP request sent, awaiting response... 200 OK
Length: 10471 (10K) [image/png]
Saving to: `../crawls/www.data.gov/Privacy-Policy/raw/www.data.gov/images/logo.png'

     0K ..........                                            100% 2.50M=0.004s

2011-12-02 15:09:34 (2.50 MB/s) - `../crawls/www.data.gov/Privacy-Policy/raw/www.data.gov/images/logo.png' saved [10471/10471]

--2011-12-02 15:09:34--  http://www.data.gov/images/search.jpg
Reusing existing connection to www.data.gov:80.
HTTP request sent, awaiting response... 200 OK
Length: 1545 (1.5K) [image/jpeg]
Saving to: `../crawls/www.data.gov/Privacy-Policy/raw/www.data.gov/images/search.jpg'

     0K .                                                     100%  754K=0s

2011-12-02 15:09:34 (754 KB/s) - `../crawls/www.data.gov/Privacy-Policy/raw/www.data.gov/images/search.jpg' saved [1545/1545]

--2011-12-02 15:09:34--  http://www.data.gov/images/logo_gs.png
Reusing existing connection to www.data.gov:80.
HTTP request sent, awaiting response... 200 OK
Length: 7052 (6.9K) [image/png]
Saving to: `../crawls/www.data.gov/Privacy-Policy/raw/www.data.gov/images/logo_gs.png'

     0K ......                                                100% 1.68M=0.004s

2011-12-02 15:09:34 (1.68 MB/s) - `../crawls/www.data.gov/Privacy-Policy/raw/www.data.gov/images/logo_gs.png' saved [7052/7052]

--2011-12-02 15:09:34--  http://www.data.gov/fonts/trajanpro-regular-webfont.eot
Reusing existing connection to www.data.gov:80.
HTTP request sent, awaiting response... 200 OK
Length: unspecified [application/vnd.ms-fontobject]
Saving to: `../crawls/www.data.gov/Privacy-Policy/raw/www.data.gov/fonts/trajanpro-regular-webfont.eot'

     0K .......... .......... .......... .....                 4.39M=0.008s

2011-12-02 15:09:34 (4.39 MB/s) - `../crawls/www.data.gov/Privacy-Policy/raw/www.data.gov/fonts/trajanpro-regular-webfont.eot' saved [36857]

--2011-12-02 15:09:34--  http://www.data.gov/fonts/trajanpro-regular-webfont.woff
Reusing existing connection to www.data.gov:80.
HTTP request sent, awaiting response... 200 OK
Length: unspecified [text/plain]
Saving to: `../crawls/www.data.gov/Privacy-Policy/raw/www.data.gov/fonts/trajanpro-regular-webfont.woff'

     0K .......... .......... .......... .......... ..         5.19M=0.008s

2011-12-02 15:09:34 (5.19 MB/s) - `../crawls/www.data.gov/Privacy-Policy/raw/www.data.gov/fonts/trajanpro-regular-webfont.woff' saved [43520]

--2011-12-02 15:09:34--  http://www.data.gov/fonts/trajanpro-regular-webfont.ttf
Reusing existing connection to www.data.gov:80.
HTTP request sent, awaiting response... 200 OK
Length: unspecified [text/plain]
Saving to: `../crawls/www.data.gov/Privacy-Policy/raw/www.data.gov/fonts/trajanpro-regular-webfont.ttf'

     0K .......... .......... .......... .......... .......... 6.10M
    50K .......... .......... ..........                       7.40M=0.01s

2011-12-02 15:09:34 (6.54 MB/s) - `../crawls/www.data.gov/Privacy-Policy/raw/www.data.gov/fonts/trajanpro-regular-webfont.ttf' saved [82256]

--2011-12-02 15:09:34--  http://www.data.gov/fonts/trajanpro-regular-webfont.svg
Reusing existing connection to www.data.gov:80.
HTTP request sent, awaiting response... 200 OK
Length: unspecified [image/svg+xml]
Saving to: `../crawls/www.data.gov/Privacy-Policy/raw/www.data.gov/fonts/trajanpro-regular-webfont.svg'

     0K .......... .......... .......... .......... .......... 12.2M
    50K .......... .......... .......... .......... .......... 12.2M
   100K .......... ..........                                  5.09M=0.01s

2011-12-02 15:09:34 (9.83 MB/s) - `../crawls/www.data.gov/Privacy-Policy/raw/www.data.gov/fonts/trajanpro-regular-webfont.svg' saved [123753]

--2011-12-02 15:09:34--  http://www.data.gov/images/body-bg.jpg
Reusing existing connection to www.data.gov:80.
HTTP request sent, awaiting response... 200 OK
Length: 547 [image/jpeg]
Saving to: `../crawls/www.data.gov/Privacy-Policy/raw/www.data.gov/images/body-bg.jpg'

     0K                                                       100%  267K=0s

2011-12-02 15:09:34 (267 KB/s) - `../crawls/www.data.gov/Privacy-Policy/raw/www.data.gov/images/body-bg.jpg' saved [547/547]

--2011-12-02 15:09:34--  http://www.data.gov/images/container-bg.jpg
Reusing existing connection to www.data.gov:80.
HTTP request sent, awaiting response... 200 OK
Length: 317 [image/jpeg]
Saving to: `../crawls/www.data.gov/Privacy-Policy/raw/www.data.gov/images/container-bg.jpg'

     0K                                                       100%  155K=0s

2011-12-02 15:09:34 (155 KB/s) - `../crawls/www.data.gov/Privacy-Policy/raw/www.data.gov/images/container-bg.jpg' saved [317/317]

--2011-12-02 15:09:34--  http://www.data.gov/images/toplinks-bg.jpg
Reusing existing connection to www.data.gov:80.
HTTP request sent, awaiting response... 200 OK
Length: 2909 (2.8K) [image/jpeg]
Saving to: `../crawls/www.data.gov/Privacy-Policy/raw/www.data.gov/images/toplinks-bg.jpg'

     0K ..                                                    100%  710K=0.004s

2011-12-02 15:09:34 (710 KB/s) - `../crawls/www.data.gov/Privacy-Policy/raw/www.data.gov/images/toplinks-bg.jpg' saved [2909/2909]

--2011-12-02 15:09:34--  http://www.data.gov/images/toplinks-left.jpg
Reusing existing connection to www.data.gov:80.
HTTP request sent, awaiting response... 200 OK
Length: 321 [image/jpeg]
Saving to: `../crawls/www.data.gov/Privacy-Policy/raw/www.data.gov/images/toplinks-left.jpg'

     0K                                                       100%  157K=0s

2011-12-02 15:09:34 (157 KB/s) - `../crawls/www.data.gov/Privacy-Policy/raw/www.data.gov/images/toplinks-left.jpg' saved [321/321]

--2011-12-02 15:09:34--  http://www.data.gov/images/logo-pad-bg.jpg
Reusing existing connection to www.data.gov:80.
HTTP request sent, awaiting response... 200 OK
Length: 2850 (2.8K) [image/jpeg]
Saving to: `../crawls/www.data.gov/Privacy-Policy/raw/www.data.gov/images/logo-pad-bg.jpg'

     0K ..                                                    100% 1.36M=0s

2011-12-02 15:09:34 (1.36 MB/s) - `../crawls/www.data.gov/Privacy-Policy/raw/www.data.gov/images/logo-pad-bg.jpg' saved [2850/2850]

--2011-12-02 15:09:34--  http://www.data.gov/images/logo-bg.jpg
Reusing existing connection to www.data.gov:80.
HTTP request sent, awaiting response... 200 OK
Length: 4560 (4.5K) [image/jpeg]
Saving to: `../crawls/www.data.gov/Privacy-Policy/raw/www.data.gov/images/logo-bg.jpg'

     0K ....                                                  100% 1.09M=0.004s

2011-12-02 15:09:34 (1.09 MB/s) - `../crawls/www.data.gov/Privacy-Policy/raw/www.data.gov/images/logo-bg.jpg' saved [4560/4560]

--2011-12-02 15:09:34--  http://www.data.gov/images/logo-home-bg.jpg
Reusing existing connection to www.data.gov:80.
HTTP request sent, awaiting response... 200 OK
Length: 3601 (3.5K) [image/jpeg]
Saving to: `../crawls/www.data.gov/Privacy-Policy/raw/www.data.gov/images/logo-home-bg.jpg'

     0K ...                                                   100% 1.72M=0s

2011-12-02 15:09:34 (1.72 MB/s) - `../crawls/www.data.gov/Privacy-Policy/raw/www.data.gov/images/logo-home-bg.jpg' saved [3601/3601]

--2011-12-02 15:09:34--  http://www.data.gov/images/nav-pad-bg.jpg
Reusing existing connection to www.data.gov:80.
HTTP request sent, awaiting response... 200 OK
Length: 3290 (3.2K) [image/jpeg]
Saving to: `../crawls/www.data.gov/Privacy-Policy/raw/www.data.gov/images/nav-pad-bg.jpg'

     0K ...                                                   100% 1.57M=0s

2011-12-02 15:09:34 (1.57 MB/s) - `../crawls/www.data.gov/Privacy-Policy/raw/www.data.gov/images/nav-pad-bg.jpg' saved [3290/3290]

--2011-12-02 15:09:34--  http://www.data.gov/images/panel-pad-bg.jpg
Reusing existing connection to www.data.gov:80.
HTTP request sent, awaiting response... 200 OK
Length: 25112 (25K) [image/jpeg]
Saving to: `../crawls/www.data.gov/Privacy-Policy/raw/www.data.gov/images/panel-pad-bg.jpg'

     0K .......... .......... ....                            100% 5.99M=0.004s

2011-12-02 15:09:34 (5.99 MB/s) - `../crawls/www.data.gov/Privacy-Policy/raw/www.data.gov/images/panel-pad-bg.jpg' saved [25112/25112]

--2011-12-02 15:09:34--  http://www.data.gov/images/content-pad-bg.jpg
Reusing existing connection to www.data.gov:80.
HTTP request sent, awaiting response... 200 OK
Length: 582 [image/jpeg]
Saving to: `../crawls/www.data.gov/Privacy-Policy/raw/www.data.gov/images/content-pad-bg.jpg'

     0K                                                       100%  284K=0s

2011-12-02 15:09:34 (284 KB/s) - `../crawls/www.data.gov/Privacy-Policy/raw/www.data.gov/images/content-pad-bg.jpg' saved [582/582]

--2011-12-02 15:09:34--  http://www.data.gov/images/footer-pad-bg.jpg
Reusing existing connection to www.data.gov:80.
HTTP request sent, awaiting response... 200 OK
Length: 3407 (3.3K) [image/jpeg]
Saving to: `../crawls/www.data.gov/Privacy-Policy/raw/www.data.gov/images/footer-pad-bg.jpg'

     0K ...                                                   100% 1.62M=0s

2011-12-02 15:09:34 (1.62 MB/s) - `../crawls/www.data.gov/Privacy-Policy/raw/www.data.gov/images/footer-pad-bg.jpg' saved [3407/3407]

--2011-12-02 15:09:34--  http://www.data.gov/images/more-information-bg.png
Reusing existing connection to www.data.gov:80.
HTTP request sent, awaiting response... 200 OK
Length: 11986 (12K) [image/png]
Saving to: `../crawls/www.data.gov/Privacy-Policy/raw/www.data.gov/images/more-information-bg.png'

     0K .......... .                                          100% 2.86M=0.004s

2011-12-02 15:09:34 (2.86 MB/s) - `../crawls/www.data.gov/Privacy-Policy/raw/www.data.gov/images/more-information-bg.png' saved [11986/11986]

--2011-12-02 15:09:34--  http://www.data.gov/images/panel-search-bg.jpg
Reusing existing connection to www.data.gov:80.
HTTP request sent, awaiting response... 200 OK
Length: 13089 (13K) [image/jpeg]
Saving to: `../crawls/www.data.gov/Privacy-Policy/raw/www.data.gov/images/panel-search-bg.jpg'

     0K .......... ..                                         100% 6.24M=0s

2011-12-02 15:09:34 (6.24 MB/s) - `../crawls/www.data.gov/Privacy-Policy/raw/www.data.gov/images/panel-search-bg.jpg' saved [13089/13089]

--2011-12-02 15:09:34--  http://www.data.gov/images/datagov-home-bg.jpg
Reusing existing connection to www.data.gov:80.
HTTP request sent, awaiting response... 200 OK
Length: 11023 (11K) [image/jpeg]
Saving to: `../crawls/www.data.gov/Privacy-Policy/raw/www.data.gov/images/datagov-home-bg.jpg'

     0K ..........                                            100% 2.63M=0.004s

2011-12-02 15:09:34 (2.63 MB/s) - `../crawls/www.data.gov/Privacy-Policy/raw/www.data.gov/images/datagov-home-bg.jpg' saved [11023/11023]

--2011-12-02 15:09:34--  http://www.data.gov/images/homehead-arrow.gif
Reusing existing connection to www.data.gov:80.
HTTP request sent, awaiting response... 200 OK
Length: 121 [image/gif]
Saving to: `../crawls/www.data.gov/Privacy-Policy/raw/www.data.gov/images/homehead-arrow.gif'

     0K                                                       100% 59.1K=0s

2011-12-02 15:09:35 (59.1 KB/s) - `../crawls/www.data.gov/Privacy-Policy/raw/www.data.gov/images/homehead-arrow.gif' saved [121/121]

--2011-12-02 15:09:35--  http://www.data.gov/images/content-bg.gif
Reusing existing connection to www.data.gov:80.
HTTP request sent, awaiting response... 200 OK
Length: 2425 (2.4K) [image/gif]
Saving to: `../crawls/www.data.gov/Privacy-Policy/raw/www.data.gov/images/content-bg.gif'

     0K ..                                                    100% 1.16M=0s

2011-12-02 15:09:35 (1.16 MB/s) - `../crawls/www.data.gov/Privacy-Policy/raw/www.data.gov/images/content-bg.gif' saved [2425/2425]

--2011-12-02 15:09:35--  http://www.data.gov/images/tri-col-h3-bg.jpg
Reusing existing connection to www.data.gov:80.
HTTP request sent, awaiting response... 200 OK
Length: 2564 (2.5K) [image/jpeg]
Saving to: `../crawls/www.data.gov/Privacy-Policy/raw/www.data.gov/images/tri-col-h3-bg.jpg'

     0K ..                                                    100% 1.22M=0s

2011-12-02 15:09:35 (1.22 MB/s) - `../crawls/www.data.gov/Privacy-Policy/raw/www.data.gov/images/tri-col-h3-bg.jpg' saved [2564/2564]

--2011-12-02 15:09:35--  http://www.data.gov/images/h1-highlight-pad-bg.jpg
Reusing existing connection to www.data.gov:80.
HTTP request sent, awaiting response... 200 OK
Length: 7800 (7.6K) [image/jpeg]
Saving to: `../crawls/www.data.gov/Privacy-Policy/raw/www.data.gov/images/h1-highlight-pad-bg.jpg'

     0K .......                                               100% 3.72M=0s

2011-12-02 15:09:35 (3.72 MB/s) - `../crawls/www.data.gov/Privacy-Policy/raw/www.data.gov/images/h1-highlight-pad-bg.jpg' saved [7800/7800]

--2011-12-02 15:09:35--  http://www.data.gov/images/h2-highlight-pad-bg.jpg
Reusing existing connection to www.data.gov:80.
HTTP request sent, awaiting response... 200 OK
Length: 3535 (3.5K) [image/jpeg]
Saving to: `../crawls/www.data.gov/Privacy-Policy/raw/www.data.gov/images/h2-highlight-pad-bg.jpg'

     0K ...                                                   100% 1.69M=0s

2011-12-02 15:09:35 (1.69 MB/s) - `../crawls/www.data.gov/Privacy-Policy/raw/www.data.gov/images/h2-highlight-pad-bg.jpg' saved [3535/3535]

--2011-12-02 15:09:35--  http://www.data.gov/images/sub-panel-bg.jpg
Reusing existing connection to www.data.gov:80.
HTTP request sent, awaiting response... 200 OK
Length: 6609 (6.5K) [image/jpeg]
Saving to: `../crawls/www.data.gov/Privacy-Policy/raw/www.data.gov/images/sub-panel-bg.jpg'

     0K ......                                                100% 3.15M=0s

2011-12-02 15:09:35 (3.15 MB/s) - `../crawls/www.data.gov/Privacy-Policy/raw/www.data.gov/images/sub-panel-bg.jpg' saved [6609/6609]

--2011-12-02 15:09:35--  http://www.data.gov/images/line_v.gif
Reusing existing connection to www.data.gov:80.
HTTP request sent, awaiting response... 200 OK
Length: 1290 (1.3K) [image/gif]
Saving to: `../crawls/www.data.gov/Privacy-Policy/raw/www.data.gov/images/line_v.gif'

     0K .                                                     100%  630K=0s

2011-12-02 15:09:35 (630 KB/s) - `../crawls/www.data.gov/Privacy-Policy/raw/www.data.gov/images/line_v.gif' saved [1290/1290]

--2011-12-02 15:09:35--  http://www.data.gov/images/line_v_short.gif
Reusing existing connection to www.data.gov:80.
HTTP request sent, awaiting response... 200 OK
Length: 612 [image/gif]
Saving to: `../crawls/www.data.gov/Privacy-Policy/raw/www.data.gov/images/line_v_short.gif'

     0K                                                       100%  299K=0s

2011-12-02 15:09:35 (299 KB/s) - `../crawls/www.data.gov/Privacy-Policy/raw/www.data.gov/images/line_v_short.gif' saved [612/612]

--2011-12-02 15:09:35--  http://www.data.gov/images/ul-check.png
Reusing existing connection to www.data.gov:80.
HTTP request sent, awaiting response... 200 OK
Length: 293 [image/png]
Saving to: `../crawls/www.data.gov/Privacy-Policy/raw/www.data.gov/images/ul-check.png'

     0K                                                       100%  143K=0s

2011-12-02 15:09:35 (143 KB/s) - `../crawls/www.data.gov/Privacy-Policy/raw/www.data.gov/images/ul-check.png' saved [293/293]

--2011-12-02 15:09:35--  http://www.data.gov/images/whatsnew-stage-bg.png
Reusing existing connection to www.data.gov:80.
HTTP request sent, awaiting response... 200 OK
Length: 182 [image/png]
Saving to: `../crawls/www.data.gov/Privacy-Policy/raw/www.data.gov/images/whatsnew-stage-bg.png'

     0K                                                       100% 88.9K=0s

2011-12-02 15:09:35 (88.9 KB/s) - `../crawls/www.data.gov/Privacy-Policy/raw/www.data.gov/images/whatsnew-stage-bg.png' saved [182/182]

--2011-12-02 15:09:35--  http://www.data.gov/images/whatsnew-stage-top.png
Reusing existing connection to www.data.gov:80.
HTTP request sent, awaiting response... 200 OK
Length: 372 [image/png]
Saving to: `../crawls/www.data.gov/Privacy-Policy/raw/www.data.gov/images/whatsnew-stage-top.png'

     0K                                                       100%  182K=0s

2011-12-02 15:09:35 (182 KB/s) - `../crawls/www.data.gov/Privacy-Policy/raw/www.data.gov/images/whatsnew-stage-top.png' saved [372/372]

--2011-12-02 15:09:35--  http://www.data.gov/images/whatsnew-stage-bottom.png
Reusing existing connection to www.data.gov:80.
HTTP request sent, awaiting response... 200 OK
Length: 372 [image/png]
Saving to: `../crawls/www.data.gov/Privacy-Policy/raw/www.data.gov/images/whatsnew-stage-bottom.png'

     0K                                                       100%  182K=0s

2011-12-02 15:09:35 (182 KB/s) - `../crawls/www.data.gov/Privacy-Policy/raw/www.data.gov/images/whatsnew-stage-bottom.png' saved [372/372]

--2011-12-02 15:09:35--  http://www.data.gov/images/whatsnew-container2r-bg.png
Reusing existing connection to www.data.gov:80.
HTTP request sent, awaiting response... 200 OK
Length: 3034 (3.0K) [image/png]
Saving to: `../crawls/www.data.gov/Privacy-Policy/raw/www.data.gov/images/whatsnew-container2r-bg.png'

     0K ..                                                    100%  741K=0.004s

2011-12-02 15:09:35 (741 KB/s) - `../crawls/www.data.gov/Privacy-Policy/raw/www.data.gov/images/whatsnew-container2r-bg.png' saved [3034/3034]

--2011-12-02 15:09:35--  http://www.data.gov/images/separator-horizontal.jpg
Reusing existing connection to www.data.gov:80.
HTTP request sent, awaiting response... 200 OK
Length: 1880 (1.8K) [image/jpeg]
Saving to: `../crawls/www.data.gov/Privacy-Policy/raw/www.data.gov/images/separator-horizontal.jpg'

     0K .                                                     100%  918K=0s

2011-12-02 15:09:35 (918 KB/s) - `../crawls/www.data.gov/Privacy-Policy/raw/www.data.gov/images/separator-horizontal.jpg' saved [1880/1880]

--2011-12-02 15:09:35--  http://www.data.gov/images/gallery-bg.jpg
Reusing existing connection to www.data.gov:80.
HTTP request sent, awaiting response... 200 OK
Length: 441 [image/jpeg]
Saving to: `../crawls/www.data.gov/Privacy-Policy/raw/www.data.gov/images/gallery-bg.jpg'

     0K                                                       100%  215K=0s

2011-12-02 15:09:35 (215 KB/s) - `../crawls/www.data.gov/Privacy-Policy/raw/www.data.gov/images/gallery-bg.jpg' saved [441/441]

--2011-12-02 15:09:35--  http://www.data.gov/images/opendatasite-info-bg.png
Reusing existing connection to www.data.gov:80.
HTTP request sent, awaiting response... 200 OK
Length: 3341 (3.3K) [image/png]
Saving to: `../crawls/www.data.gov/Privacy-Policy/raw/www.data.gov/images/opendatasite-info-bg.png'

     0K ...                                                   100%  816K=0.004s

2011-12-02 15:09:35 (816 KB/s) - `../crawls/www.data.gov/Privacy-Policy/raw/www.data.gov/images/opendatasite-info-bg.png' saved [3341/3341]

--2011-12-02 15:09:35--  http://www.data.gov/images/magglass.gif
Reusing existing connection to www.data.gov:80.
HTTP request sent, awaiting response... 200 OK
Length: 351 [image/gif]
Saving to: `../crawls/www.data.gov/Privacy-Policy/raw/www.data.gov/images/magglass.gif'

     0K                                                       100%  171K=0s

2011-12-02 15:09:35 (171 KB/s) - `../crawls/www.data.gov/Privacy-Policy/raw/www.data.gov/images/magglass.gif' saved [351/351]

--2011-12-02 15:09:35--  http://www.data.gov/images/catname-back.gif
Reusing existing connection to www.data.gov:80.
HTTP request sent, awaiting response... 200 OK
Length: 1466 (1.4K) [image/gif]
Saving to: `../crawls/www.data.gov/Privacy-Policy/raw/www.data.gov/images/catname-back.gif'

     0K .                                                     100%  716K=0s

2011-12-02 15:09:35 (716 KB/s) - `../crawls/www.data.gov/Privacy-Policy/raw/www.data.gov/images/catname-back.gif' saved [1466/1466]

--2011-12-02 15:09:35--  http://www.data.gov/images/catheader-back.gif
Reusing existing connection to www.data.gov:80.
HTTP request sent, awaiting response... 200 OK
Length: 153 [image/gif]
Saving to: `../crawls/www.data.gov/Privacy-Policy/raw/www.data.gov/images/catheader-back.gif'

     0K                                                       100% 74.7K=0s

2011-12-02 15:09:35 (74.7 KB/s) - `../crawls/www.data.gov/Privacy-Policy/raw/www.data.gov/images/catheader-back.gif' saved [153/153]

--2011-12-02 15:09:35--  http://www.data.gov/images/connect-bg.gif
Reusing existing connection to www.data.gov:80.
HTTP request sent, awaiting response... 200 OK
Length: 93 [image/gif]
Saving to: `../crawls/www.data.gov/Privacy-Policy/raw/www.data.gov/images/connect-bg.gif'

     0K                                                       100% 45.4K=0s

2011-12-02 15:09:35 (45.4 KB/s) - `../crawls/www.data.gov/Privacy-Policy/raw/www.data.gov/images/connect-bg.gif' saved [93/93]

--2011-12-02 15:09:35--  http://www.data.gov/images/nav-has-items.gif
Reusing existing connection to www.data.gov:80.
HTTP request sent, awaiting response... 200 OK
Length: 79 [image/gif]
Saving to: `../crawls/www.data.gov/Privacy-Policy/raw/www.data.gov/images/nav-has-items.gif'

     0K                                                       100% 38.6K=0s

2011-12-02 15:09:35 (38.6 KB/s) - `../crawls/www.data.gov/Privacy-Policy/raw/www.data.gov/images/nav-has-items.gif' saved [79/79]

--2011-12-02 15:09:35--  http://www.data.gov/images/submenu-arrow.gif
Reusing existing connection to www.data.gov:80.
HTTP request sent, awaiting response... 200 OK
Length: 87 [image/gif]
Saving to: `../crawls/www.data.gov/Privacy-Policy/raw/www.data.gov/images/submenu-arrow.gif'

     0K                                                       100% 42.5K=0s

2011-12-02 15:09:35 (42.5 KB/s) - `../crawls/www.data.gov/Privacy-Policy/raw/www.data.gov/images/submenu-arrow.gif' saved [87/87]

--2011-12-02 15:09:35--  http://www.data.gov/images/submenubottom.gif
Reusing existing connection to www.data.gov:80.
HTTP request sent, awaiting response... 200 OK
Length: 93 [image/gif]
Saving to: `../crawls/www.data.gov/Privacy-Policy/raw/www.data.gov/images/submenubottom.gif'

     0K                                                       100% 45.4K=0s

2011-12-02 15:09:35 (45.4 KB/s) - `../crawls/www.data.gov/Privacy-Policy/raw/www.data.gov/images/submenubottom.gif' saved [93/93]

--2011-12-02 15:09:35--  http://www.data.gov/images/submenuhoverbg.gif
Reusing existing connection to www.data.gov:80.
HTTP request sent, awaiting response... 200 OK
Length: 1020 [image/gif]
Saving to: `../crawls/www.data.gov/Privacy-Policy/raw/www.data.gov/images/submenuhoverbg.gif'

     0K                                                       100%  498K=0s

2011-12-02 15:09:35 (498 KB/s) - `../crawls/www.data.gov/Privacy-Policy/raw/www.data.gov/images/submenuhoverbg.gif' saved [1020/1020]

--2011-12-02 15:09:35--  http://www.data.gov/images/submenubg.gif
Reusing existing connection to www.data.gov:80.
HTTP request sent, awaiting response... 200 OK
Length: 1020 [image/gif]
Saving to: `../crawls/www.data.gov/Privacy-Policy/raw/www.data.gov/images/submenubg.gif'

     0K                                                       100%  498K=0s

2011-12-02 15:09:36 (498 KB/s) - `../crawls/www.data.gov/Privacy-Policy/raw/www.data.gov/images/submenubg.gif' saved [1020/1020]

--2011-12-02 15:09:36--  http://www.data.gov/thickbox/macFFBgHack.png
Reusing existing connection to www.data.gov:80.
HTTP request sent, awaiting response... 200 OK
Length: 207 [image/png]
Saving to: `../crawls/www.data.gov/Privacy-Policy/raw/www.data.gov/thickbox/macFFBgHack.png'

     0K                                                       100%  101K=0s

2011-12-02 15:09:36 (101 KB/s) - `../crawls/www.data.gov/Privacy-Policy/raw/www.data.gov/thickbox/macFFBgHack.png' saved [207/207]

--2011-12-02 15:09:36--  http://www.data.gov/images/star_delete.gif
Reusing existing connection to www.data.gov:80.
HTTP request sent, awaiting response... 200 OK
Length: 381 [image/gif]
Saving to: `../crawls/www.data.gov/Privacy-Policy/raw/www.data.gov/images/star_delete.gif'

     0K                                                       100%  186K=0s

2011-12-02 15:09:36 (186 KB/s) - `../crawls/www.data.gov/Privacy-Policy/raw/www.data.gov/images/star_delete.gif' saved [381/381]

--2011-12-02 15:09:36--  http://www.data.gov/images/star_rating.gif
Reusing existing connection to www.data.gov:80.
HTTP request sent, awaiting response... 200 OK
Length: 789 [image/gif]
Saving to: `../crawls/www.data.gov/Privacy-Policy/raw/www.data.gov/images/star_rating.gif'

     0K                                                       100%  385K=0s

2011-12-02 15:09:36 (385 KB/s) - `../crawls/www.data.gov/Privacy-Policy/raw/www.data.gov/images/star_rating.gif' saved [789/789]

--2011-12-02 15:09:36--  http://www.data.gov/images/tabs-raw.gif
Reusing existing connection to www.data.gov:80.
HTTP request sent, awaiting response... 200 OK
Length: 8898 (8.7K) [image/gif]
Saving to: `../crawls/www.data.gov/Privacy-Policy/raw/www.data.gov/images/tabs-raw.gif'

     0K ........                                              100% 4.24M=0s

2011-12-02 15:09:36 (4.24 MB/s) - `../crawls/www.data.gov/Privacy-Policy/raw/www.data.gov/images/tabs-raw.gif' saved [8898/8898]

--2011-12-02 15:09:36--  http://www.data.gov/images/tabs-raw2.gif
Reusing existing connection to www.data.gov:80.
HTTP request sent, awaiting response... 200 OK
Length: 8551 (8.4K) [text/html]
Saving to: `../crawls/www.data.gov/Privacy-Policy/raw/www.data.gov/images/tabs-raw2.gif.html'

     0K ........                                              100% 4.08M=0s

2011-12-02 15:09:36 (4.08 MB/s) - `../crawls/www.data.gov/Privacy-Policy/raw/www.data.gov/images/tabs-raw2.gif.html' saved [8551/8551]

--2011-12-02 15:09:36--  http://www.data.gov/images/tabs-tools.gif
Reusing existing connection to www.data.gov:80.
HTTP request sent, awaiting response... 200 OK
Length: 9016 (8.8K) [image/gif]
Saving to: `../crawls/www.data.gov/Privacy-Policy/raw/www.data.gov/images/tabs-tools.gif'

     0K ........                                              100% 4.30M=0s

2011-12-02 15:09:36 (4.30 MB/s) - `../crawls/www.data.gov/Privacy-Policy/raw/www.data.gov/images/tabs-tools.gif' saved [9016/9016]

--2011-12-02 15:09:36--  http://www.data.gov/images/tabs-geo.gif
Reusing existing connection to www.data.gov:80.
HTTP request sent, awaiting response... 200 OK
Length: 8954 (8.7K) [image/gif]
Saving to: `../crawls/www.data.gov/Privacy-Policy/raw/www.data.gov/images/tabs-geo.gif'

     0K ........                                              100% 4.27M=0s

2011-12-02 15:09:36 (4.27 MB/s) - `../crawls/www.data.gov/Privacy-Policy/raw/www.data.gov/images/tabs-geo.gif' saved [8954/8954]

--2011-12-02 15:09:36--  http://www.data.gov/images/ogd-raw.gif
Reusing existing connection to www.data.gov:80.
HTTP request sent, awaiting response... 200 OK
Length: 5684 (5.6K) [image/gif]
Saving to: `../crawls/www.data.gov/Privacy-Policy/raw/www.data.gov/images/ogd-raw.gif'

     0K .....                                                 100% 2.71M=0s

2011-12-02 15:09:36 (2.71 MB/s) - `../crawls/www.data.gov/Privacy-Policy/raw/www.data.gov/images/ogd-raw.gif' saved [5684/5684]

--2011-12-02 15:09:36--  http://www.data.gov/images/ogd-tools.gif
Reusing existing connection to www.data.gov:80.
HTTP request sent, awaiting response... 200 OK
Length: 5804 (5.7K) [image/gif]
Saving to: `../crawls/www.data.gov/Privacy-Policy/raw/www.data.gov/images/ogd-tools.gif'

     0K .....                                                 100% 2.77M=0s

2011-12-02 15:09:36 (2.77 MB/s) - `../crawls/www.data.gov/Privacy-Policy/raw/www.data.gov/images/ogd-tools.gif' saved [5804/5804]

FINISHED --2011-12-02 15:09:36--
Total wall clock time: 3.5s
Downloaded: 80 files, 797K in 0.1s (6.49 MB/s)
Converting ../crawls/www.data.gov/Privacy-Policy/raw/www.data.gov/images/tabs-raw2.gif.html... 33-15
Converting ../crawls/www.data.gov/Privacy-Policy/raw/www.data.gov/privacypolicy.html... 33-18
Converting ../crawls/www.data.gov/Privacy-Policy/raw/www.data.gov/css/print.css... 16-0
Converting ../crawls/www.data.gov/Privacy-Policy/raw/www.data.gov/css/style.css?v=5d18.css... 48-0
Converting ../crawls/www.data.gov/Privacy-Policy/raw/www.data.gov/css/jquery.tooltip.css... nothing to do.
Converting ../crawls/www.data.gov/Privacy-Policy/raw/www.data.gov/css/tabs.css... 24-0
Converting ../crawls/www.data.gov/Privacy-Policy/raw/www.data.gov/thickbox/thickbox.css... 1-0
Converting ../crawls/www.data.gov/Privacy-Policy/raw/www.data.gov/css/nav.css... 8-0
Converting ../crawls/www.data.gov/Privacy-Policy/raw/www.data.gov/css/jquery.rating.css... 2-0
Converted 9 files in 0.008 seconds.
