--2011-12-02 14:59:26--  http://www.netflix.com/TermsOfUse
Resolving www.netflix.com (www.netflix.com)... 69.53.236.17
Connecting to www.netflix.com (www.netflix.com)|69.53.236.17|:80... connected.
HTTP request sent, awaiting response... 302 Moved Temporarily
Location: http://www.netflix.com/TermsOfUse?tcw=1&cqs= [following]
--2011-12-02 14:59:26--  http://www.netflix.com/TermsOfUse?tcw=1&cqs=
Reusing existing connection to www.netflix.com:80.
HTTP request sent, awaiting response... 302 Moved Temporarily
Location: http://www.netflix.com/TermsOfUse [following]
--2011-12-02 14:59:26--  http://www.netflix.com/TermsOfUse
Reusing existing connection to www.netflix.com:80.
HTTP request sent, awaiting response... 302 Moved Temporarily
Location: https://signup.netflix.com/TermsOfUse?country=1&rdirfdc=true [following]
--2011-12-02 14:59:26--  https://signup.netflix.com/TermsOfUse?country=1&rdirfdc=true
Resolving signup.netflix.com (signup.netflix.com)... 107.22.199.54, 107.22.211.106, 107.22.175.38
Connecting to signup.netflix.com (signup.netflix.com)|107.22.199.54|:443... connected.
HTTP request sent, awaiting response... 200 OK
Length: unspecified [text/html]
Saving to: `../crawls/www.netflix.com/Terms-of-Use/raw/www.netflix.com/TermsOfUse.html'

     0K .......... .......... .......... .......... ..........  189K
    50K .......... .......... ..                                508K=0.3s

2011-12-02 14:59:27 (235 KB/s) - `../crawls/www.netflix.com/Terms-of-Use/raw/www.netflix.com/TermsOfUse.html' saved [74083]

--2011-12-02 14:59:27--  https://netflix.hs.llnwd.net/e1/us/icons/nficon.ico
Resolving netflix.hs.llnwd.net (netflix.hs.llnwd.net)... 69.28.151.90, 69.28.151.91
Connecting to netflix.hs.llnwd.net (netflix.hs.llnwd.net)|69.28.151.90|:443... connected.
HTTP request sent, awaiting response... 200 OK
Length: 1150 (1.1K) [text/plain]
Saving to: `../crawls/www.netflix.com/Terms-of-Use/raw/netflix.hs.llnwd.net/e1/us/icons/nficon.ico'

     0K .                                                     100%  561K=0s

2011-12-02 14:59:27 (561 KB/s) - `../crawls/www.netflix.com/Terms-of-Use/raw/netflix.hs.llnwd.net/e1/us/icons/nficon.ico' saved [1150/1150]

--2011-12-02 14:59:27--  https://signup.netflix.com/css/include?f=core;WEB_CSS;260cf24814211b994833416a9a7bbf03%7Cshared;WEB_CSS;260cf24814211b994833416a9a7bbf03%7Cheader_navigation;WEB_CSS;260cf24814211b994833416a9a7bbf03%7CsetLanguagePrefMenu;WEB_CSS;260cf24814211b994833416a9a7bbf03%7Cfooter;WEB_CSS;260cf24814211b994833416a9a7bbf03%7Cregistration_panel;WEB_CSS;260cf24814211b994833416a9a7bbf03%7Clogin_pages;WEB_CSS;260cf24814211b994833416a9a7bbf03%7Csignup_flow;WEB_CSS;260cf24814211b994833416a9a7bbf03%7C
Connecting to signup.netflix.com (signup.netflix.com)|107.22.199.54|:443... connected.
HTTP request sent, awaiting response... 200 OK
Length: unspecified [text/css]
../crawls/www.netflix.com/Terms-of-Use/raw/signup.netflix.com/css/include?f=core;WEB_CSS;260cf24814211b994833416a9a7bbf03|shared;WEB_CSS;260cf24814211b994833416a9a7bbf03|header_navigation;WEB_CSS;260cf24814211b994833416a9a7bbf03|setLanguagePrefMenu;WEB_CSS;260cf24814211b994833416a9a7bbf03|footer;WEB_CSS;260cf24814211b994833416a9a7bbf03|registration_panel;WEB_CSS;260cf24814211b994833416a9a7bbf03|login_pages;WEB_CSS;260cf24814211b994833416a9a7bbf03|signup_flow;WEB_CSS;260cf24814211b994833416a9a7bbf03|.css: File name too long

Cannot write to `../crawls/www.netflix.com/Terms-of-Use/raw/signup.netflix.com/css/include?f=core;WEB_CSS;260cf24814211b994833416a9a7bbf03|shared;WEB_CSS;260cf24814211b994833416a9a7bbf03|header_navigation;WEB_CSS;260cf24814211b994833416a9a7bbf03|setLanguagePrefMenu;WEB_CSS;260cf24814211b994833416a9a7bbf03|footer;WEB_CSS;260cf24814211b994833416a9a7bbf03|registration_panel;WEB_CSS;260cf24814211b994833416a9a7bbf03|login_pages;WEB_CSS;260cf24814211b994833416a9a7bbf03|signup_flow;WEB_CSS;260cf24814211b994833416a9a7bbf03|.css' (Success).
--2011-12-02 14:59:27--  https://signup.netflix.com/css/include?f=TERMSOFUSE;WEB_CSS;260cf24814211b994833416a9a7bbf03%7C
Connecting to signup.netflix.com (signup.netflix.com)|107.22.199.54|:443... connected.
HTTP request sent, awaiting response... 200 OK
Length: 0 [text/css]
Saving to: `../crawls/www.netflix.com/Terms-of-Use/raw/signup.netflix.com/css/include?f=TERMSOFUSE;WEB_CSS;260cf24814211b994833416a9a7bbf03|.css'

     0K                                                        0.00 =0s

2011-12-02 14:59:27 (0.00 B/s) - `../crawls/www.netflix.com/Terms-of-Use/raw/signup.netflix.com/css/include?f=TERMSOFUSE;WEB_CSS;260cf24814211b994833416a9a7bbf03|.css' saved [0/0]

--2011-12-02 14:59:27--  https://signup.netflix.com/js/include?f=modernizr;WEB_JS;ab18e3cf0ed6ebf70dfb1b82c6d74d76%7C
Reusing existing connection to signup.netflix.com:443.
HTTP request sent, awaiting response... 200 OK
Length: unspecified [application/x-javascript]
Saving to: `../crawls/www.netflix.com/Terms-of-Use/raw/signup.netflix.com/js/include?f=modernizr;WEB_JS;ab18e3cf0ed6ebf70dfb1b82c6d74d76|'

     0K ........                                               4.29M=0s

2011-12-02 14:59:28 (4.29 MB/s) - `../crawls/www.netflix.com/Terms-of-Use/raw/signup.netflix.com/js/include?f=modernizr;WEB_JS;ab18e3cf0ed6ebf70dfb1b82c6d74d76|' saved [8989]

--2011-12-02 14:59:28--  https://netflix.hs.llnwd.net/e1/us/layout/headers/logos/nf_logo.png
Connecting to netflix.hs.llnwd.net (netflix.hs.llnwd.net)|69.28.151.90|:443... connected.
HTTP request sent, awaiting response... 200 OK
Length: 4459 (4.4K) [image/png]
Saving to: `../crawls/www.netflix.com/Terms-of-Use/raw/netflix.hs.llnwd.net/e1/us/layout/headers/logos/nf_logo.png'

     0K ....                                                  100% 2.13M=0s

2011-12-02 14:59:28 (2.13 MB/s) - `../crawls/www.netflix.com/Terms-of-Use/raw/netflix.hs.llnwd.net/e1/us/layout/headers/logos/nf_logo.png' saved [4459/4459]

--2011-12-02 14:59:28--  https://signup.netflix.com/css/include?f=mainContentStatic;WEB_CSS;260cf24814211b994833416a9a7bbf03%7Clegal;WEB_CSS;260cf24814211b994833416a9a7bbf03%7C
Connecting to signup.netflix.com (signup.netflix.com)|107.22.199.54|:443... connected.
HTTP request sent, awaiting response... 200 OK
Length: 2421 (2.4K) [text/css]
Saving to: `../crawls/www.netflix.com/Terms-of-Use/raw/signup.netflix.com/css/include?f=mainContentStatic;WEB_CSS;260cf24814211b994833416a9a7bbf03|legal;WEB_CSS;260cf24814211b994833416a9a7bbf03|.css'

     0K ..                                                    100% 1.15M=0s

2011-12-02 14:59:28 (1.15 MB/s) - `../crawls/www.netflix.com/Terms-of-Use/raw/signup.netflix.com/css/include?f=mainContentStatic;WEB_CSS;260cf24814211b994833416a9a7bbf03|legal;WEB_CSS;260cf24814211b994833416a9a7bbf03|.css' saved [2421/2421]

--2011-12-02 14:59:28--  https://signup.netflix.com/js/include?f=jquery_1_6_2;WEB_JS;ab18e3cf0ed6ebf70dfb1b82c6d74d76%7Ctracking;WEB_JS;ab18e3cf0ed6ebf70dfb1b82c6d74d76%7Cjquery_ui_1_8_16;WEB_JS;ab18e3cf0ed6ebf70dfb1b82c6d74d76%7C
Reusing existing connection to signup.netflix.com:443.
HTTP request sent, awaiting response... 200 OK
Length: unspecified [application/x-javascript]
Saving to: `../crawls/www.netflix.com/Terms-of-Use/raw/signup.netflix.com/js/include?f=jquery_1_6_2;WEB_JS;ab18e3cf0ed6ebf70dfb1b82c6d74d76|tracking;WEB_JS;ab18e3cf0ed6ebf70dfb1b82c6d74d76|jquery_ui_1_8_16;WEB_JS;ab18e3cf0ed6ebf70dfb1b82c6d74d76|'

     0K .......... .......... .......... .......... ..........  215K
    50K .......... .......... .......... .......... ..........  329K
   100K .......... ..                                          5.99M=0.4s

2011-12-02 14:59:28 (292 KB/s) - `../crawls/www.netflix.com/Terms-of-Use/raw/signup.netflix.com/js/include?f=jquery_1_6_2;WEB_JS;ab18e3cf0ed6ebf70dfb1b82c6d74d76|tracking;WEB_JS;ab18e3cf0ed6ebf70dfb1b82c6d74d76|jquery_ui_1_8_16;WEB_JS;ab18e3cf0ed6ebf70dfb1b82c6d74d76|' saved [114960]

--2011-12-02 14:59:28--  https://signup.netflix.com/js/include?f=nflib_namespace;WEB_JS;ab18e3cf0ed6ebf70dfb1b82c6d74d76%7Cnfjs_constants;WEB_JS;ab18e3cf0ed6ebf70dfb1b82c6d74d76%7C
Reusing existing connection to signup.netflix.com:443.
HTTP request sent, awaiting response... 200 OK
Length: 1245 (1.2K) [application/x-javascript]
Saving to: `../crawls/www.netflix.com/Terms-of-Use/raw/signup.netflix.com/js/include?f=nflib_namespace;WEB_JS;ab18e3cf0ed6ebf70dfb1b82c6d74d76|nfjs_constants;WEB_JS;ab18e3cf0ed6ebf70dfb1b82c6d74d76|'

     0K .                                                     100%  608K=0s

2011-12-02 14:59:29 (608 KB/s) - `../crawls/www.netflix.com/Terms-of-Use/raw/signup.netflix.com/js/include?f=nflib_namespace;WEB_JS;ab18e3cf0ed6ebf70dfb1b82c6d74d76|nfjs_constants;WEB_JS;ab18e3cf0ed6ebf70dfb1b82c6d74d76|' saved [1245/1245]

--2011-12-02 14:59:29--  https://signup.netflix.com/js/include?f=brightedge_core;WEB_JS;ab18e3cf0ed6ebf70dfb1b82c6d74d76%7Cbrightedge;WEB_JS;ab18e3cf0ed6ebf70dfb1b82c6d74d76%7C
Reusing existing connection to signup.netflix.com:443.
HTTP request sent, awaiting response... 200 OK
Length: 6813 (6.7K) [application/x-javascript]
Saving to: `../crawls/www.netflix.com/Terms-of-Use/raw/signup.netflix.com/js/include?f=brightedge_core;WEB_JS;ab18e3cf0ed6ebf70dfb1b82c6d74d76|brightedge;WEB_JS;ab18e3cf0ed6ebf70dfb1b82c6d74d76|'

     0K ......                                                100% 3.25M=0s

2011-12-02 14:59:29 (3.25 MB/s) - `../crawls/www.netflix.com/Terms-of-Use/raw/signup.netflix.com/js/include?f=brightedge_core;WEB_JS;ab18e3cf0ed6ebf70dfb1b82c6d74d76|brightedge;WEB_JS;ab18e3cf0ed6ebf70dfb1b82c6d74d76|' saved [6813/6813]

--2011-12-02 14:59:29--  https://signup.netflix.com/js/include?f=registration;WEB_JS;ab18e3cf0ed6ebf70dfb1b82c6d74d76%7Cnflib_html5_shim;WEB_JS;ab18e3cf0ed6ebf70dfb1b82c6d74d76%7Cnflib_utils_common;WEB_JS;ab18e3cf0ed6ebf70dfb1b82c6d74d76%7Cbootstrap;WEB_JS;ab18e3cf0ed6ebf70dfb1b82c6d74d76%7CTERMSOFUSE;WEB_JS;ab18e3cf0ed6ebf70dfb1b82c6d74d76%7C
Reusing existing connection to signup.netflix.com:443.
HTTP request sent, awaiting response... 200 OK
Length: unspecified [application/x-javascript]
../crawls/www.netflix.com/Terms-of-Use/raw/signup.netflix.com/js/include?f=registration;WEB_JS;ab18e3cf0ed6ebf70dfb1b82c6d74d76|nflib_html5_shim;WEB_JS;ab18e3cf0ed6ebf70dfb1b82c6d74d76|nflib_utils_common;WEB_JS;ab18e3cf0ed6ebf70dfb1b82c6d74d76|bootstrap;WEB_JS;ab18e3cf0ed6ebf70dfb1b82c6d74d76|TERMSOFUSE;WEB_JS;ab18e3cf0ed6ebf70dfb1b82c6d74d76|: File name too long

Cannot write to `../crawls/www.netflix.com/Terms-of-Use/raw/signup.netflix.com/js/include?f=registration;WEB_JS;ab18e3cf0ed6ebf70dfb1b82c6d74d76|nflib_html5_shim;WEB_JS;ab18e3cf0ed6ebf70dfb1b82c6d74d76|nflib_utils_common;WEB_JS;ab18e3cf0ed6ebf70dfb1b82c6d74d76|bootstrap;WEB_JS;ab18e3cf0ed6ebf70dfb1b82c6d74d76|TERMSOFUSE;WEB_JS;ab18e3cf0ed6ebf70dfb1b82c6d74d76|' (Success).
--2011-12-02 14:59:29--  https://netflix.hs.llnwd.net/e1/us/layout/page_titles/bgvignette/950w/Blank.jpg
Connecting to netflix.hs.llnwd.net (netflix.hs.llnwd.net)|69.28.151.90|:443... connected.
HTTP request sent, awaiting response... 200 OK
Length: 3307 (3.2K) [image/jpeg]
Saving to: `../crawls/www.netflix.com/Terms-of-Use/raw/netflix.hs.llnwd.net/e1/us/layout/page_titles/bgvignette/950w/Blank.jpg'

     0K ...                                                   100% 1.58M=0s

2011-12-02 14:59:29 (1.58 MB/s) - `../crawls/www.netflix.com/Terms-of-Use/raw/netflix.hs.llnwd.net/e1/us/layout/page_titles/bgvignette/950w/Blank.jpg' saved [3307/3307]

FINISHED --2011-12-02 14:59:29--
Total wall clock time: 2.8s
Downloaded: 10 files, 212K in 0.7s (307 KB/s)
Converting ../crawls/www.netflix.com/Terms-of-Use/raw/www.netflix.com/TermsOfUse.html... 42-0
Converting ../crawls/www.netflix.com/Terms-of-Use/raw/signup.netflix.com/css/include?f=mainContentStatic;WEB_CSS;260cf24814211b994833416a9a7bbf03|legal;WEB_CSS;260cf24814211b994833416a9a7bbf03|.css... 1-0
Converting ../crawls/www.netflix.com/Terms-of-Use/raw/signup.netflix.com/css/include?f=TERMSOFUSE;WEB_CSS;260cf24814211b994833416a9a7bbf03|.css... nothing to do.
Converted 3 files in 0.004 seconds.
