--2011-12-02 15:09:09--  http://www.earthlink.net/about/policies/isa.faces
Resolving www.earthlink.net (www.earthlink.net)... 209.86.62.44
Connecting to www.earthlink.net (www.earthlink.net)|209.86.62.44|:80... connected.
HTTP request sent, awaiting response... 200 OK
Length: unspecified [text/html]
Saving to: `../crawls/www.earthlink.net/Internet-Service-Agreement/raw/www.earthlink.net/about/policies/isa.faces.html'

     0K .......... .......... .......... .......... ..........  192K
    50K .........                                               154K=0.3s

2011-12-02 15:09:10 (185 KB/s) - `../crawls/www.earthlink.net/Internet-Service-Agreement/raw/www.earthlink.net/about/policies/isa.faces.html' saved [60645]

--2011-12-02 15:09:10--  http://www.earthlink.net/css/www.css
Reusing existing connection to www.earthlink.net:80.
HTTP request sent, awaiting response... 200 OK
Length: 25492 (25K) [text/css]
Saving to: `../crawls/www.earthlink.net/Internet-Service-Agreement/raw/www.earthlink.net/css/www.css'

     0K .......... .......... ....                            100% 97.2K=0.3s

2011-12-02 15:09:10 (97.2 KB/s) - `../crawls/www.earthlink.net/Internet-Service-Agreement/raw/www.earthlink.net/css/www.css' saved [25492/25492]

--2011-12-02 15:09:10--  http://www.earthlink.net/js/livechat/www-english_mtagconfig.js
Reusing existing connection to www.earthlink.net:80.
HTTP request sent, awaiting response... 200 OK
Length: 6034 (5.9K) [application/javascript]
Saving to: `../crawls/www.earthlink.net/Internet-Service-Agreement/raw/www.earthlink.net/js/livechat/www-english_mtagconfig.js'

     0K .....                                                 100% 2.88M=0s

2011-12-02 15:09:10 (2.88 MB/s) - `../crawls/www.earthlink.net/Internet-Service-Agreement/raw/www.earthlink.net/js/livechat/www-english_mtagconfig.js' saved [6034/6034]

--2011-12-02 15:09:10--  http://www.earthlink.net/img/www/tabs/www_consumer_tab_on.gif
Reusing existing connection to www.earthlink.net:80.
HTTP request sent, awaiting response... 200 OK
Length: 1780 (1.7K) [image/gif]
Saving to: `../crawls/www.earthlink.net/Internet-Service-Agreement/raw/www.earthlink.net/img/www/tabs/www_consumer_tab_on.gif'

     0K .                                                     100% 27.2K=0.06s

2011-12-02 15:09:10 (27.2 KB/s) - `../crawls/www.earthlink.net/Internet-Service-Agreement/raw/www.earthlink.net/img/www/tabs/www_consumer_tab_on.gif' saved [1780/1780]

--2011-12-02 15:09:10--  http://www.earthlink.net/img/www/tabs/www_business_tab_off.gif
Reusing existing connection to www.earthlink.net:80.
HTTP request sent, awaiting response... 200 OK
Length: 1728 (1.7K) [image/gif]
Saving to: `../crawls/www.earthlink.net/Internet-Service-Agreement/raw/www.earthlink.net/img/www/tabs/www_business_tab_off.gif'

     0K .                                                     100%  844K=0s

2011-12-02 15:09:10 (844 KB/s) - `../crawls/www.earthlink.net/Internet-Service-Agreement/raw/www.earthlink.net/img/www/tabs/www_business_tab_off.gif' saved [1728/1728]

--2011-12-02 15:09:10--  http://www.earthlink.net/img/www/tabs/www_about_tab_off.gif
Reusing existing connection to www.earthlink.net:80.
HTTP request sent, awaiting response... 200 OK
Length: 1737 (1.7K) [image/gif]
Saving to: `../crawls/www.earthlink.net/Internet-Service-Agreement/raw/www.earthlink.net/img/www/tabs/www_about_tab_off.gif'

     0K .                                                     100%  848K=0s

2011-12-02 15:09:10 (848 KB/s) - `../crawls/www.earthlink.net/Internet-Service-Agreement/raw/www.earthlink.net/img/www/tabs/www_about_tab_off.gif' saved [1737/1737]

--2011-12-02 15:09:10--  http://www.earthlink.net/img/com/elink_logo.gif
Reusing existing connection to www.earthlink.net:80.
HTTP request sent, awaiting response... 200 OK
Length: 2373 (2.3K) [image/gif]
Saving to: `../crawls/www.earthlink.net/Internet-Service-Agreement/raw/www.earthlink.net/img/com/elink_logo.gif'

     0K ..                                                    100% 1.13M=0s

2011-12-02 15:09:10 (1.13 MB/s) - `../crawls/www.earthlink.net/Internet-Service-Agreement/raw/www.earthlink.net/img/com/elink_logo.gif' saved [2373/2373]

--2011-12-02 15:09:10--  http://www.earthlink.net/img/www/search/search_box_left.gif
Reusing existing connection to www.earthlink.net:80.
HTTP request sent, awaiting response... 200 OK
Length: 167 [image/gif]
Saving to: `../crawls/www.earthlink.net/Internet-Service-Agreement/raw/www.earthlink.net/img/www/search/search_box_left.gif'

     0K                                                       100% 81.5K=0s

2011-12-02 15:09:11 (81.5 KB/s) - `../crawls/www.earthlink.net/Internet-Service-Agreement/raw/www.earthlink.net/img/www/search/search_box_left.gif' saved [167/167]

--2011-12-02 15:09:11--  http://www.earthlink.net/img/www/search/btn_search_earthlink.gif
Reusing existing connection to www.earthlink.net:80.
HTTP request sent, awaiting response... 200 OK
Length: 880 [image/gif]
Saving to: `../crawls/www.earthlink.net/Internet-Service-Agreement/raw/www.earthlink.net/img/www/search/btn_search_earthlink.gif'

     0K                                                       100%  430K=0s

2011-12-02 15:09:11 (430 KB/s) - `../crawls/www.earthlink.net/Internet-Service-Agreement/raw/www.earthlink.net/img/www/search/btn_search_earthlink.gif' saved [880/880]

--2011-12-02 15:09:11--  http://www.earthlink.net/img/www/search/btn_search_web.gif
Reusing existing connection to www.earthlink.net:80.
HTTP request sent, awaiting response... 200 OK
Length: 825 [image/gif]
Saving to: `../crawls/www.earthlink.net/Internet-Service-Agreement/raw/www.earthlink.net/img/www/search/btn_search_web.gif'

     0K                                                       100%  403K=0s

2011-12-02 15:09:11 (403 KB/s) - `../crawls/www.earthlink.net/Internet-Service-Agreement/raw/www.earthlink.net/img/www/search/btn_search_web.gif' saved [825/825]

--2011-12-02 15:09:11--  http://www.earthlink.net/img/www/search/www_powerby_google.gif
Reusing existing connection to www.earthlink.net:80.
HTTP request sent, awaiting response... 200 OK
Length: 1987 (1.9K) [image/gif]
Saving to: `../crawls/www.earthlink.net/Internet-Service-Agreement/raw/www.earthlink.net/img/www/search/www_powerby_google.gif'

     0K .                                                     100%  970K=0s

2011-12-02 15:09:11 (970 KB/s) - `../crawls/www.earthlink.net/Internet-Service-Agreement/raw/www.earthlink.net/img/www/search/www_powerby_google.gif' saved [1987/1987]

--2011-12-02 15:09:11--  http://www.earthlink.net/img/www/search/search_box_right.gif
Reusing existing connection to www.earthlink.net:80.
HTTP request sent, awaiting response... 200 OK
Length: 167 [image/gif]
Saving to: `../crawls/www.earthlink.net/Internet-Service-Agreement/raw/www.earthlink.net/img/www/search/search_box_right.gif'

     0K                                                       100% 81.5K=0s

2011-12-02 15:09:11 (81.5 KB/s) - `../crawls/www.earthlink.net/Internet-Service-Agreement/raw/www.earthlink.net/img/www/search/search_box_right.gif' saved [167/167]

--2011-12-02 15:09:11--  http://www.earthlink.net/img/www/topright/callus.gif
Reusing existing connection to www.earthlink.net:80.
HTTP request sent, awaiting response... 200 OK
Length: 1001 [image/gif]
Saving to: `../crawls/www.earthlink.net/Internet-Service-Agreement/raw/www.earthlink.net/img/www/topright/callus.gif'

     0K                                                       100%  489K=0s

2011-12-02 15:09:11 (489 KB/s) - `../crawls/www.earthlink.net/Internet-Service-Agreement/raw/www.earthlink.net/img/www/topright/callus.gif' saved [1001/1001]

--2011-12-02 15:09:11--  http://www.earthlink.net/img/www/nav/www_nav_dialup_0.gif
Reusing existing connection to www.earthlink.net:80.
HTTP request sent, awaiting response... 200 OK
Length: 3150 (3.1K) [image/gif]
Saving to: `../crawls/www.earthlink.net/Internet-Service-Agreement/raw/www.earthlink.net/img/www/nav/www_nav_dialup_0.gif'

     0K ...                                                   100% 1.50M=0s

2011-12-02 15:09:11 (1.50 MB/s) - `../crawls/www.earthlink.net/Internet-Service-Agreement/raw/www.earthlink.net/img/www/nav/www_nav_dialup_0.gif' saved [3150/3150]

--2011-12-02 15:09:11--  http://www.earthlink.net/img/www/nav/www_nav_highspeed_0.gif
Reusing existing connection to www.earthlink.net:80.
HTTP request sent, awaiting response... 200 OK
Length: 3098 (3.0K) [image/gif]
Saving to: `../crawls/www.earthlink.net/Internet-Service-Agreement/raw/www.earthlink.net/img/www/nav/www_nav_highspeed_0.gif'

     0K ...                                                   100% 1.48M=0s

2011-12-02 15:09:11 (1.48 MB/s) - `../crawls/www.earthlink.net/Internet-Service-Agreement/raw/www.earthlink.net/img/www/nav/www_nav_highspeed_0.gif' saved [3098/3098]

--2011-12-02 15:09:11--  http://www.earthlink.net/img/www/nav/www_nav_web-hosting_0.gif
Reusing existing connection to www.earthlink.net:80.
HTTP request sent, awaiting response... 200 OK
Length: 2600 (2.5K) [image/gif]
Saving to: `../crawls/www.earthlink.net/Internet-Service-Agreement/raw/www.earthlink.net/img/www/nav/www_nav_web-hosting_0.gif'

     0K ..                                                    100% 1.24M=0s

2011-12-02 15:09:11 (1.24 MB/s) - `../crawls/www.earthlink.net/Internet-Service-Agreement/raw/www.earthlink.net/img/www/nav/www_nav_web-hosting_0.gif' saved [2600/2600]

--2011-12-02 15:09:11--  http://www.earthlink.net/img/www/nav/www_nav_software_0.gif
Reusing existing connection to www.earthlink.net:80.
HTTP request sent, awaiting response... 200 OK
Length: 2799 (2.7K) [image/gif]
Saving to: `../crawls/www.earthlink.net/Internet-Service-Agreement/raw/www.earthlink.net/img/www/nav/www_nav_software_0.gif'

     0K ..                                                    100% 42.7K=0.06s

2011-12-02 15:09:11 (42.7 KB/s) - `../crawls/www.earthlink.net/Internet-Service-Agreement/raw/www.earthlink.net/img/www/nav/www_nav_software_0.gif' saved [2799/2799]

--2011-12-02 15:09:11--  http://www.earthlink.net/img/www/nav/www_nav_member_0.gif
Reusing existing connection to www.earthlink.net:80.
HTTP request sent, awaiting response... 200 OK
Length: 2647 (2.6K) [image/gif]
Saving to: `../crawls/www.earthlink.net/Internet-Service-Agreement/raw/www.earthlink.net/img/www/nav/www_nav_member_0.gif'

     0K ..                                                    100% 1.26M=0s

2011-12-02 15:09:11 (1.26 MB/s) - `../crawls/www.earthlink.net/Internet-Service-Agreement/raw/www.earthlink.net/img/www/nav/www_nav_member_0.gif' saved [2647/2647]

--2011-12-02 15:09:11--  http://www.earthlink.net/img/www/about/www_policies_hdr.gif
Reusing existing connection to www.earthlink.net:80.
HTTP request sent, awaiting response... 200 OK
Length: 2521 (2.5K) [image/gif]
Saving to: `../crawls/www.earthlink.net/Internet-Service-Agreement/raw/www.earthlink.net/img/www/about/www_policies_hdr.gif'

     0K ..                                                    100% 1.20M=0s

2011-12-02 15:09:11 (1.20 MB/s) - `../crawls/www.earthlink.net/Internet-Service-Agreement/raw/www.earthlink.net/img/www/about/www_policies_hdr.gif' saved [2521/2521]

--2011-12-02 15:09:11--  http://www.earthlink.net/img/www/membercenter/socialmedia/twitter-logo_24x24.gif
Reusing existing connection to www.earthlink.net:80.
HTTP request sent, awaiting response... 200 OK
Length: 2487 (2.4K) [image/gif]
Saving to: `../crawls/www.earthlink.net/Internet-Service-Agreement/raw/www.earthlink.net/img/www/membercenter/socialmedia/twitter-logo_24x24.gif'

     0K ..                                                    100% 1.19M=0s

2011-12-02 15:09:11 (1.19 MB/s) - `../crawls/www.earthlink.net/Internet-Service-Agreement/raw/www.earthlink.net/img/www/membercenter/socialmedia/twitter-logo_24x24.gif' saved [2487/2487]

--2011-12-02 15:09:11--  http://www.facebook.com/plugins/like.php?href=http%3A%2F%2Fwww.facebook.com%2Fearthlink&layout=standard&show_faces=false&width=350&action=like&font&colorscheme=light&height=40
Resolving www.facebook.com (www.facebook.com)... 69.171.229.14
Connecting to www.facebook.com (www.facebook.com)|69.171.229.14|:80... connected.
HTTP request sent, awaiting response... 200 OK
Length: unspecified [text/html]
Saving to: `../crawls/www.earthlink.net/Internet-Service-Agreement/raw/www.facebook.com/plugins/like.php?href=http:%2F%2Fwww.facebook.com%2Fearthlink&layout=standard&show_faces=false&width=350&action=like&font&colorscheme=light&height=40.html'

     0K .......... .......... ....                              468K=0.05s

2011-12-02 15:09:12 (468 KB/s) - `../crawls/www.earthlink.net/Internet-Service-Agreement/raw/www.facebook.com/plugins/like.php?href=http:%2F%2Fwww.facebook.com%2Fearthlink&layout=standard&show_faces=false&width=350&action=like&font&colorscheme=light&height=40.html' saved [24912]

--2011-12-02 15:09:12--  http://www.earthlink.net/img/com/pixel.gif
Connecting to www.earthlink.net (www.earthlink.net)|209.86.62.44|:80... connected.
HTTP request sent, awaiting response... 200 OK
Length: 43 [image/gif]
Saving to: `../crawls/www.earthlink.net/Internet-Service-Agreement/raw/www.earthlink.net/img/com/pixel.gif'

     0K                                                       100% 21.0K=0s

2011-12-02 15:09:12 (21.0 KB/s) - `../crawls/www.earthlink.net/Internet-Service-Agreement/raw/www.earthlink.net/img/com/pixel.gif' saved [43/43]

--2011-12-02 15:09:12--  http://www.earthlink.net/js/s_code.js
Reusing existing connection to www.earthlink.net:80.
HTTP request sent, awaiting response... 200 OK
Length: 22660 (22K) [application/javascript]
Saving to: `../crawls/www.earthlink.net/Internet-Service-Agreement/raw/www.earthlink.net/js/s_code.js'

     0K .......... .......... ..                              100%  173K=0.1s

2011-12-02 15:09:12 (173 KB/s) - `../crawls/www.earthlink.net/Internet-Service-Agreement/raw/www.earthlink.net/js/s_code.js' saved [22660/22660]

--2011-12-02 15:09:12--  http://www.earthlink.net/js/common.js
Reusing existing connection to www.earthlink.net:80.
HTTP request sent, awaiting response... 200 OK
Length: 17235 (17K) [application/javascript]
Saving to: `../crawls/www.earthlink.net/Internet-Service-Agreement/raw/www.earthlink.net/js/common.js'

     0K .......... ......                                     100%  131K=0.1s

2011-12-02 15:09:12 (131 KB/s) - `../crawls/www.earthlink.net/Internet-Service-Agreement/raw/www.earthlink.net/js/common.js' saved [17235/17235]

--2011-12-02 15:09:12--  http://www.earthlink.net/js/www.js
Reusing existing connection to www.earthlink.net:80.
HTTP request sent, awaiting response... 200 OK
Length: 5085 (5.0K) [application/javascript]
Saving to: `../crawls/www.earthlink.net/Internet-Service-Agreement/raw/www.earthlink.net/js/www.js'

     0K ....                                                  100% 77.6K=0.06s

2011-12-02 15:09:12 (77.6 KB/s) - `../crawls/www.earthlink.net/Internet-Service-Agreement/raw/www.earthlink.net/js/www.js' saved [5085/5085]

--2011-12-02 15:09:12--  http://www.earthlink.net/js/popup_iframe.js
Reusing existing connection to www.earthlink.net:80.
HTTP request sent, awaiting response... 200 OK
Length: 3835 (3.7K) [application/javascript]
Saving to: `../crawls/www.earthlink.net/Internet-Service-Agreement/raw/www.earthlink.net/js/popup_iframe.js'

     0K ...                                                   100% 1.83M=0s

2011-12-02 15:09:12 (1.83 MB/s) - `../crawls/www.earthlink.net/Internet-Service-Agreement/raw/www.earthlink.net/js/popup_iframe.js' saved [3835/3835]

--2011-12-02 15:09:12--  http://www.earthlink.net/js/flash_loader.js
Reusing existing connection to www.earthlink.net:80.
HTTP request sent, awaiting response... 200 OK
Length: 764 [application/javascript]
Saving to: `../crawls/www.earthlink.net/Internet-Service-Agreement/raw/www.earthlink.net/js/flash_loader.js'

     0K                                                       100%  373K=0s

2011-12-02 15:09:12 (373 KB/s) - `../crawls/www.earthlink.net/Internet-Service-Agreement/raw/www.earthlink.net/js/flash_loader.js' saved [764/764]

--2011-12-02 15:09:12--  http://www.earthlink.net/img/com/squares.gif
Reusing existing connection to www.earthlink.net:80.
HTTP request sent, awaiting response... 200 OK
Length: 100380 (98K) [image/gif]
Saving to: `../crawls/www.earthlink.net/Internet-Service-Agreement/raw/www.earthlink.net/img/com/squares.gif'

     0K .......... .......... .......... .......... .......... 51%  195K 0s
    50K .......... .......... .......... .......... ........  100%  706K=0.3s

2011-12-02 15:09:13 (303 KB/s) - `../crawls/www.earthlink.net/Internet-Service-Agreement/raw/www.earthlink.net/img/com/squares.gif' saved [100380/100380]

--2011-12-02 15:09:13--  http://www.earthlink.net/img/com/support_btn.gif
Reusing existing connection to www.earthlink.net:80.
HTTP request sent, awaiting response... 200 OK
Length: 3109 (3.0K) [image/gif]
Saving to: `../crawls/www.earthlink.net/Internet-Service-Agreement/raw/www.earthlink.net/img/com/support_btn.gif'

     0K ...                                                   100% 1.48M=0s

2011-12-02 15:09:13 (1.48 MB/s) - `../crawls/www.earthlink.net/Internet-Service-Agreement/raw/www.earthlink.net/img/com/support_btn.gif' saved [3109/3109]

--2011-12-02 15:09:13--  http://www.earthlink.net/img/com/live_chat_close_btn.gif
Reusing existing connection to www.earthlink.net:80.
HTTP request sent, awaiting response... 200 OK
Length: 739 [image/gif]
Saving to: `../crawls/www.earthlink.net/Internet-Service-Agreement/raw/www.earthlink.net/img/com/live_chat_close_btn.gif'

     0K                                                       100%  361K=0s

2011-12-02 15:09:13 (361 KB/s) - `../crawls/www.earthlink.net/Internet-Service-Agreement/raw/www.earthlink.net/img/com/live_chat_close_btn.gif' saved [739/739]

--2011-12-02 15:09:13--  http://www.earthlink.net/img/www/topright/btn_sales_agent.gif
Reusing existing connection to www.earthlink.net:80.
HTTP request sent, awaiting response... 200 OK
Length: 2493 (2.4K) [image/gif]
Saving to: `../crawls/www.earthlink.net/Internet-Service-Agreement/raw/www.earthlink.net/img/www/topright/btn_sales_agent.gif'

     0K ..                                                    100% 1.19M=0s

2011-12-02 15:09:13 (1.19 MB/s) - `../crawls/www.earthlink.net/Internet-Service-Agreement/raw/www.earthlink.net/img/www/topright/btn_sales_agent.gif' saved [2493/2493]

--2011-12-02 15:09:13--  http://www.earthlink.net/img/www/topright/btn_supportagent.gif
Reusing existing connection to www.earthlink.net:80.
HTTP request sent, awaiting response... 200 OK
Length: 2033 (2.0K) [image/gif]
Saving to: `../crawls/www.earthlink.net/Internet-Service-Agreement/raw/www.earthlink.net/img/www/topright/btn_supportagent.gif'

     0K .                                                     100%  993K=0s

2011-12-02 15:09:13 (993 KB/s) - `../crawls/www.earthlink.net/Internet-Service-Agreement/raw/www.earthlink.net/img/www/topright/btn_supportagent.gif' saved [2033/2033]

--2011-12-02 15:09:13--  http://www.earthlink.net/css/core.css
Reusing existing connection to www.earthlink.net:80.
HTTP request sent, awaiting response... 200 OK
Length: 8892 (8.7K) [text/css]
Saving to: `../crawls/www.earthlink.net/Internet-Service-Agreement/raw/www.earthlink.net/css/core.css'

     0K ........                                              100% 83.5K=0.1s

2011-12-02 15:09:13 (83.5 KB/s) - `../crawls/www.earthlink.net/Internet-Service-Agreement/raw/www.earthlink.net/css/core.css' saved [8892/8892]

--2011-12-02 15:09:13--  http://www.earthlink.net/css/core_img.css
Reusing existing connection to www.earthlink.net:80.
HTTP request sent, awaiting response... 200 OK
Length: 5183 (5.1K) [text/css]
Saving to: `../crawls/www.earthlink.net/Internet-Service-Agreement/raw/www.earthlink.net/css/core_img.css'

     0K .....                                                 100% 2.47M=0s

2011-12-02 15:09:13 (2.47 MB/s) - `../crawls/www.earthlink.net/Internet-Service-Agreement/raw/www.earthlink.net/css/core_img.css' saved [5183/5183]

--2011-12-02 15:09:13--  http://www.earthlink.net/img/www/box_preq_mid.gif
Reusing existing connection to www.earthlink.net:80.
HTTP request sent, awaiting response... 200 OK
Length: 71 [image/gif]
Saving to: `../crawls/www.earthlink.net/Internet-Service-Agreement/raw/www.earthlink.net/img/www/box_preq_mid.gif'

     0K                                                       100% 34.7K=0s

2011-12-02 15:09:13 (34.7 KB/s) - `../crawls/www.earthlink.net/Internet-Service-Agreement/raw/www.earthlink.net/img/www/box_preq_mid.gif' saved [71/71]

--2011-12-02 15:09:13--  http://www.earthlink.net/img/www/box_w238_top.gif
Reusing existing connection to www.earthlink.net:80.
HTTP request sent, awaiting response... 200 OK
Length: 1806 (1.8K) [image/gif]
Saving to: `../crawls/www.earthlink.net/Internet-Service-Agreement/raw/www.earthlink.net/img/www/box_w238_top.gif'

     0K .                                                     100%  882K=0s

2011-12-02 15:09:13 (882 KB/s) - `../crawls/www.earthlink.net/Internet-Service-Agreement/raw/www.earthlink.net/img/www/box_w238_top.gif' saved [1806/1806]

--2011-12-02 15:09:13--  http://www.earthlink.net/img/www/box_w238_bg.gif
Reusing existing connection to www.earthlink.net:80.
HTTP request sent, awaiting response... 200 OK
Length: 619 [image/gif]
Saving to: `../crawls/www.earthlink.net/Internet-Service-Agreement/raw/www.earthlink.net/img/www/box_w238_bg.gif'

     0K                                                       100%  302K=0s

2011-12-02 15:09:13 (302 KB/s) - `../crawls/www.earthlink.net/Internet-Service-Agreement/raw/www.earthlink.net/img/www/box_w238_bg.gif' saved [619/619]

--2011-12-02 15:09:13--  http://www.earthlink.net/img/www/box_w238_bot.gif
Reusing existing connection to www.earthlink.net:80.
HTTP request sent, awaiting response... 200 OK
Length: 1611 (1.6K) [image/gif]
Saving to: `../crawls/www.earthlink.net/Internet-Service-Agreement/raw/www.earthlink.net/img/www/box_w238_bot.gif'

     0K .                                                     100%  787K=0s

2011-12-02 15:09:14 (787 KB/s) - `../crawls/www.earthlink.net/Internet-Service-Agreement/raw/www.earthlink.net/img/www/box_w238_bot.gif' saved [1611/1611]

--2011-12-02 15:09:14--  http://www.earthlink.net/img/www/box_w468_bg.gif
Reusing existing connection to www.earthlink.net:80.
HTTP request sent, awaiting response... 200 OK
Length: 1713 (1.7K) [image/gif]
Saving to: `../crawls/www.earthlink.net/Internet-Service-Agreement/raw/www.earthlink.net/img/www/box_w468_bg.gif'

     0K .                                                     100%  836K=0s

2011-12-02 15:09:14 (836 KB/s) - `../crawls/www.earthlink.net/Internet-Service-Agreement/raw/www.earthlink.net/img/www/box_w468_bg.gif' saved [1713/1713]

--2011-12-02 15:09:14--  http://www.earthlink.net/img/www/box_w238_bg2.gif
Reusing existing connection to www.earthlink.net:80.
HTTP request sent, awaiting response... 200 OK
Length: 1142 (1.1K) [image/gif]
Saving to: `../crawls/www.earthlink.net/Internet-Service-Agreement/raw/www.earthlink.net/img/www/box_w238_bg2.gif'

     0K .                                                     100%  558K=0s

2011-12-02 15:09:14 (558 KB/s) - `../crawls/www.earthlink.net/Internet-Service-Agreement/raw/www.earthlink.net/img/www/box_w238_bg2.gif' saved [1142/1142]

--2011-12-02 15:09:14--  http://www.earthlink.net/img/www/box_w238a_bg.gif
Reusing existing connection to www.earthlink.net:80.
HTTP request sent, awaiting response... 200 OK
Length: 1018 [image/gif]
Saving to: `../crawls/www.earthlink.net/Internet-Service-Agreement/raw/www.earthlink.net/img/www/box_w238a_bg.gif'

     0K                                                       100%  497K=0s

2011-12-02 15:09:14 (497 KB/s) - `../crawls/www.earthlink.net/Internet-Service-Agreement/raw/www.earthlink.net/img/www/box_w238a_bg.gif' saved [1018/1018]

--2011-12-02 15:09:14--  http://www.earthlink.net/img/www/box_w238_bot2.gif
Reusing existing connection to www.earthlink.net:80.
HTTP request sent, awaiting response... 200 OK
Length: 3307 (3.2K) [image/gif]
Saving to: `../crawls/www.earthlink.net/Internet-Service-Agreement/raw/www.earthlink.net/img/www/box_w238_bot2.gif'

     0K ...                                                   100% 1.58M=0s

2011-12-02 15:09:14 (1.58 MB/s) - `../crawls/www.earthlink.net/Internet-Service-Agreement/raw/www.earthlink.net/img/www/box_w238_bot2.gif' saved [3307/3307]

--2011-12-02 15:09:14--  http://www.earthlink.net/img/www/box_w238_bot2a.gif
Reusing existing connection to www.earthlink.net:80.
HTTP request sent, awaiting response... 200 OK
Length: 2041 (2.0K) [image/gif]
Saving to: `../crawls/www.earthlink.net/Internet-Service-Agreement/raw/www.earthlink.net/img/www/box_w238_bot2a.gif'

     0K .                                                     100%  997K=0s

2011-12-02 15:09:14 (997 KB/s) - `../crawls/www.earthlink.net/Internet-Service-Agreement/raw/www.earthlink.net/img/www/box_w238_bot2a.gif' saved [2041/2041]

--2011-12-02 15:09:14--  http://www.earthlink.net/img/www/yellowbox_bg.gif
Reusing existing connection to www.earthlink.net:80.
HTTP request sent, awaiting response... 200 OK
Length: 834 [image/gif]
Saving to: `../crawls/www.earthlink.net/Internet-Service-Agreement/raw/www.earthlink.net/img/www/yellowbox_bg.gif'

     0K                                                       100%  407K=0s

2011-12-02 15:09:14 (407 KB/s) - `../crawls/www.earthlink.net/Internet-Service-Agreement/raw/www.earthlink.net/img/www/yellowbox_bg.gif' saved [834/834]

--2011-12-02 15:09:14--  http://www.earthlink.net/img/www/yellowbox_hdr.gif
Reusing existing connection to www.earthlink.net:80.
HTTP request sent, awaiting response... 200 OK
Length: 934 [image/gif]
Saving to: `../crawls/www.earthlink.net/Internet-Service-Agreement/raw/www.earthlink.net/img/www/yellowbox_hdr.gif'

     0K                                                       100%  456K=0s

2011-12-02 15:09:14 (456 KB/s) - `../crawls/www.earthlink.net/Internet-Service-Agreement/raw/www.earthlink.net/img/www/yellowbox_hdr.gif' saved [934/934]

--2011-12-02 15:09:14--  http://www.earthlink.net/img/www/yellowbox_btm.gif
Reusing existing connection to www.earthlink.net:80.
HTTP request sent, awaiting response... 200 OK
Length: 989 [image/gif]
Saving to: `../crawls/www.earthlink.net/Internet-Service-Agreement/raw/www.earthlink.net/img/www/yellowbox_btm.gif'

     0K                                                       100%  483K=0s

2011-12-02 15:09:14 (483 KB/s) - `../crawls/www.earthlink.net/Internet-Service-Agreement/raw/www.earthlink.net/img/www/yellowbox_btm.gif' saved [989/989]

--2011-12-02 15:09:14--  http://www.earthlink.net/img/www/box_w186_bg.gif
Reusing existing connection to www.earthlink.net:80.
HTTP request sent, awaiting response... 200 OK
Length: 7211 (7.0K) [image/gif]
Saving to: `../crawls/www.earthlink.net/Internet-Service-Agreement/raw/www.earthlink.net/img/www/box_w186_bg.gif'

     0K .......                                               100%  110K=0.06s

2011-12-02 15:09:14 (110 KB/s) - `../crawls/www.earthlink.net/Internet-Service-Agreement/raw/www.earthlink.net/img/www/box_w186_bg.gif' saved [7211/7211]

--2011-12-02 15:09:14--  http://www.earthlink.net/img/www/box_bg_fc2_2.gif
Reusing existing connection to www.earthlink.net:80.
HTTP request sent, awaiting response... 200 OK
Length: 1292 (1.3K) [image/gif]
Saving to: `../crawls/www.earthlink.net/Internet-Service-Agreement/raw/www.earthlink.net/img/www/box_bg_fc2_2.gif'

     0K .                                                     100%  631K=0s

2011-12-02 15:09:14 (631 KB/s) - `../crawls/www.earthlink.net/Internet-Service-Agreement/raw/www.earthlink.net/img/www/box_bg_fc2_2.gif' saved [1292/1292]

--2011-12-02 15:09:14--  http://www.earthlink.net/img/www/box_bg_fc5.gif
Reusing existing connection to www.earthlink.net:80.
HTTP request sent, awaiting response... 200 OK
Length: 1213 (1.2K) [image/gif]
Saving to: `../crawls/www.earthlink.net/Internet-Service-Agreement/raw/www.earthlink.net/img/www/box_bg_fc5.gif'

     0K .                                                     100%  592K=0s

2011-12-02 15:09:14 (592 KB/s) - `../crawls/www.earthlink.net/Internet-Service-Agreement/raw/www.earthlink.net/img/www/box_bg_fc5.gif' saved [1213/1213]

--2011-12-02 15:09:14--  http://www.earthlink.net/img/www/box_w214_bg.gif
Reusing existing connection to www.earthlink.net:80.
HTTP request sent, awaiting response... 200 OK
Length: 2024 (2.0K) [image/gif]
Saving to: `../crawls/www.earthlink.net/Internet-Service-Agreement/raw/www.earthlink.net/img/www/box_w214_bg.gif'

     0K .                                                     100%  988K=0s

2011-12-02 15:09:14 (988 KB/s) - `../crawls/www.earthlink.net/Internet-Service-Agreement/raw/www.earthlink.net/img/www/box_w214_bg.gif' saved [2024/2024]

--2011-12-02 15:09:14--  http://www.earthlink.net/img/www/box_w193_mid.gif
Reusing existing connection to www.earthlink.net:80.
HTTP request sent, awaiting response... 200 OK
Length: 2593 (2.5K) [image/gif]
Saving to: `../crawls/www.earthlink.net/Internet-Service-Agreement/raw/www.earthlink.net/img/www/box_w193_mid.gif'

     0K ..                                                    100% 1.24M=0s

2011-12-02 15:09:14 (1.24 MB/s) - `../crawls/www.earthlink.net/Internet-Service-Agreement/raw/www.earthlink.net/img/www/box_w193_mid.gif' saved [2593/2593]

--2011-12-02 15:09:14--  http://www.earthlink.net/img/www/home/www_splash_hs_bg.jpg
Reusing existing connection to www.earthlink.net:80.
HTTP request sent, awaiting response... 200 OK
Length: 13748 (13K) [image/jpeg]
Saving to: `../crawls/www.earthlink.net/Internet-Service-Agreement/raw/www.earthlink.net/img/www/home/www_splash_hs_bg.jpg'

     0K .......... ...                                        100%  210K=0.06s

2011-12-02 15:09:15 (210 KB/s) - `../crawls/www.earthlink.net/Internet-Service-Agreement/raw/www.earthlink.net/img/www/home/www_splash_hs_bg.jpg' saved [13748/13748]

--2011-12-02 15:09:15--  http://www.earthlink.net/img/www/home/www_hometile_bg.gif
Reusing existing connection to www.earthlink.net:80.
HTTP request sent, awaiting response... 200 OK
Length: 73 [image/gif]
Saving to: `../crawls/www.earthlink.net/Internet-Service-Agreement/raw/www.earthlink.net/img/www/home/www_hometile_bg.gif'

     0K                                                       100% 35.6K=0s

2011-12-02 15:09:15 (35.6 KB/s) - `../crawls/www.earthlink.net/Internet-Service-Agreement/raw/www.earthlink.net/img/www/home/www_hometile_bg.gif' saved [73/73]

--2011-12-02 15:09:15--  http://www.earthlink.net/img/www/home/www_splash_dialup_bg.jpg
Reusing existing connection to www.earthlink.net:80.
HTTP request sent, awaiting response... 200 OK
Length: 27046 (26K) [image/jpeg]
Saving to: `../crawls/www.earthlink.net/Internet-Service-Agreement/raw/www.earthlink.net/img/www/home/www_splash_dialup_bg.jpg'

     0K .......... .......... ......                          100%  138K=0.2s

2011-12-02 15:09:15 (138 KB/s) - `../crawls/www.earthlink.net/Internet-Service-Agreement/raw/www.earthlink.net/img/www/home/www_splash_dialup_bg.jpg' saved [27046/27046]

--2011-12-02 15:09:15--  http://www.earthlink.net/img/www/home/www_splash_hosting_bg.jpg
Reusing existing connection to www.earthlink.net:80.
HTTP request sent, awaiting response... 200 OK
Length: 18380 (18K) [image/jpeg]
Saving to: `../crawls/www.earthlink.net/Internet-Service-Agreement/raw/www.earthlink.net/img/www/home/www_splash_hosting_bg.jpg'

     0K .......... .......                                    100% 93.5K=0.2s

2011-12-02 15:09:15 (93.5 KB/s) - `../crawls/www.earthlink.net/Internet-Service-Agreement/raw/www.earthlink.net/img/www/home/www_splash_hosting_bg.jpg' saved [18380/18380]

--2011-12-02 15:09:15--  http://www.earthlink.net/img/www/home/www_splash_software_bg.jpg
Reusing existing connection to www.earthlink.net:80.
HTTP request sent, awaiting response... 200 OK
Length: 19821 (19K) [image/jpeg]
Saving to: `../crawls/www.earthlink.net/Internet-Service-Agreement/raw/www.earthlink.net/img/www/home/www_splash_software_bg.jpg'

     0K .......... .........                                  100%  302K=0.06s

2011-12-02 15:09:15 (302 KB/s) - `../crawls/www.earthlink.net/Internet-Service-Agreement/raw/www.earthlink.net/img/www/home/www_splash_software_bg.jpg' saved [19821/19821]

--2011-12-02 15:09:15--  http://www.earthlink.net/img/www/home/www_splash_member_bg.jpg
Reusing existing connection to www.earthlink.net:80.
HTTP request sent, awaiting response... 200 OK
Length: 16498 (16K) [image/jpeg]
Saving to: `../crawls/www.earthlink.net/Internet-Service-Agreement/raw/www.earthlink.net/img/www/home/www_splash_member_bg.jpg'

     0K .......... ......                                     100%  126K=0.1s

2011-12-02 15:09:16 (126 KB/s) - `../crawls/www.earthlink.net/Internet-Service-Agreement/raw/www.earthlink.net/img/www/home/www_splash_member_bg.jpg' saved [16498/16498]

--2011-12-02 15:09:16--  http://www.earthlink.net/img/www/access/nav/www_nav_stripe_bg.gif
Reusing existing connection to www.earthlink.net:80.
HTTP request sent, awaiting response... 200 OK
Length: 48 [image/gif]
Saving to: `../crawls/www.earthlink.net/Internet-Service-Agreement/raw/www.earthlink.net/img/www/access/nav/www_nav_stripe_bg.gif'

     0K                                                       100% 23.4K=0s

2011-12-02 15:09:16 (23.4 KB/s) - `../crawls/www.earthlink.net/Internet-Service-Agreement/raw/www.earthlink.net/img/www/access/nav/www_nav_stripe_bg.gif' saved [48/48]

--2011-12-02 15:09:16--  http://www.earthlink.net/img/www/phone/www_nav_stripe_bg.gif
Reusing existing connection to www.earthlink.net:80.
HTTP request sent, awaiting response... 200 OK
Length: 50 [image/gif]
Saving to: `../crawls/www.earthlink.net/Internet-Service-Agreement/raw/www.earthlink.net/img/www/phone/www_nav_stripe_bg.gif'

     0K                                                       100% 24.4K=0s

2011-12-02 15:09:16 (24.4 KB/s) - `../crawls/www.earthlink.net/Internet-Service-Agreement/raw/www.earthlink.net/img/www/phone/www_nav_stripe_bg.gif' saved [50/50]

--2011-12-02 15:09:16--  http://www.earthlink.net/img/www/hosting/www_nav_stripe_bg.gif
Reusing existing connection to www.earthlink.net:80.
HTTP request sent, awaiting response... 200 OK
Length: 50 [image/gif]
Saving to: `../crawls/www.earthlink.net/Internet-Service-Agreement/raw/www.earthlink.net/img/www/hosting/www_nav_stripe_bg.gif'

     0K                                                       100% 24.4K=0s

2011-12-02 15:09:16 (24.4 KB/s) - `../crawls/www.earthlink.net/Internet-Service-Agreement/raw/www.earthlink.net/img/www/hosting/www_nav_stripe_bg.gif' saved [50/50]

--2011-12-02 15:09:16--  http://www.earthlink.net/img/www/software/www_nav_stripe_bg.gif
Reusing existing connection to www.earthlink.net:80.
HTTP request sent, awaiting response... 200 OK
Length: 50 [image/gif]
Saving to: `../crawls/www.earthlink.net/Internet-Service-Agreement/raw/www.earthlink.net/img/www/software/www_nav_stripe_bg.gif'

     0K                                                       100% 24.4K=0s

2011-12-02 15:09:16 (24.4 KB/s) - `../crawls/www.earthlink.net/Internet-Service-Agreement/raw/www.earthlink.net/img/www/software/www_nav_stripe_bg.gif' saved [50/50]

--2011-12-02 15:09:16--  http://www.earthlink.net/img/www/membercenter/www_nav_stripe_bg.gif
Reusing existing connection to www.earthlink.net:80.
HTTP request sent, awaiting response... 200 OK
Length: 50 [image/gif]
Saving to: `../crawls/www.earthlink.net/Internet-Service-Agreement/raw/www.earthlink.net/img/www/membercenter/www_nav_stripe_bg.gif'

     0K                                                       100% 24.4K=0s

2011-12-02 15:09:16 (24.4 KB/s) - `../crawls/www.earthlink.net/Internet-Service-Agreement/raw/www.earthlink.net/img/www/membercenter/www_nav_stripe_bg.gif' saved [50/50]

--2011-12-02 15:09:16--  http://www.earthlink.net/img/www/about/www_nav_stripe_bg.gif
Reusing existing connection to www.earthlink.net:80.
HTTP request sent, awaiting response... 200 OK
Length: 50 [image/gif]
Saving to: `../crawls/www.earthlink.net/Internet-Service-Agreement/raw/www.earthlink.net/img/www/about/www_nav_stripe_bg.gif'

     0K                                                       100% 24.4K=0s

2011-12-02 15:09:16 (24.4 KB/s) - `../crawls/www.earthlink.net/Internet-Service-Agreement/raw/www.earthlink.net/img/www/about/www_nav_stripe_bg.gif' saved [50/50]

--2011-12-02 15:09:16--  http://www.earthlink.net/img/www/access/cable/www_cable_box_mid.gif
Reusing existing connection to www.earthlink.net:80.
HTTP request sent, awaiting response... 200 OK
Length: 82 [image/gif]
Saving to: `../crawls/www.earthlink.net/Internet-Service-Agreement/raw/www.earthlink.net/img/www/access/cable/www_cable_box_mid.gif'

     0K                                                       100% 40.0K=0s

2011-12-02 15:09:16 (40.0 KB/s) - `../crawls/www.earthlink.net/Internet-Service-Agreement/raw/www.earthlink.net/img/www/access/cable/www_cable_box_mid.gif' saved [82/82]

--2011-12-02 15:09:16--  http://www.earthlink.net/img/www/box_w666_gry_bg.gif
Reusing existing connection to www.earthlink.net:80.
HTTP request sent, awaiting response... 200 OK
Length: 851 [image/gif]
Saving to: `../crawls/www.earthlink.net/Internet-Service-Agreement/raw/www.earthlink.net/img/www/box_w666_gry_bg.gif'

     0K                                                       100%  416K=0s

2011-12-02 15:09:16 (416 KB/s) - `../crawls/www.earthlink.net/Internet-Service-Agreement/raw/www.earthlink.net/img/www/box_w666_gry_bg.gif' saved [851/851]

--2011-12-02 15:09:16--  http://www.earthlink.net/img/store/store_promo_code_box_bg.gif
Reusing existing connection to www.earthlink.net:80.
HTTP request sent, awaiting response... 200 OK
Length: 167 [image/gif]
Saving to: `../crawls/www.earthlink.net/Internet-Service-Agreement/raw/www.earthlink.net/img/store/store_promo_code_box_bg.gif'

     0K                                                       100% 81.5K=0s

2011-12-02 15:09:16 (81.5 KB/s) - `../crawls/www.earthlink.net/Internet-Service-Agreement/raw/www.earthlink.net/img/store/store_promo_code_box_bg.gif' saved [167/167]

--2011-12-02 15:09:16--  http://www.earthlink.net/img/www/about/leaders/www_leaders_box_bg.gif
Reusing existing connection to www.earthlink.net:80.
HTTP request sent, awaiting response... 200 OK
Length: 559 [image/gif]
Saving to: `../crawls/www.earthlink.net/Internet-Service-Agreement/raw/www.earthlink.net/img/www/about/leaders/www_leaders_box_bg.gif'

     0K                                                       100%  273K=0s

2011-12-02 15:09:16 (273 KB/s) - `../crawls/www.earthlink.net/Internet-Service-Agreement/raw/www.earthlink.net/img/www/about/leaders/www_leaders_box_bg.gif' saved [559/559]

--2011-12-02 15:09:16--  http://www.earthlink.net/img/www/www_pqe_inner_btm.gif
Reusing existing connection to www.earthlink.net:80.
HTTP request sent, awaiting response... 200 OK
Length: 362 [image/gif]
Saving to: `../crawls/www.earthlink.net/Internet-Service-Agreement/raw/www.earthlink.net/img/www/www_pqe_inner_btm.gif'

     0K                                                       100%  177K=0s

2011-12-02 15:09:16 (177 KB/s) - `../crawls/www.earthlink.net/Internet-Service-Agreement/raw/www.earthlink.net/img/www/www_pqe_inner_btm.gif' saved [362/362]

--2011-12-02 15:09:16--  http://www.earthlink.net/img/www/hosting/www_hosting_domain_search_bg.gif
Reusing existing connection to www.earthlink.net:80.
HTTP request sent, awaiting response... 200 OK
Length: 312 [image/gif]
Saving to: `../crawls/www.earthlink.net/Internet-Service-Agreement/raw/www.earthlink.net/img/www/hosting/www_hosting_domain_search_bg.gif'

     0K                                                       100%  152K=0s

2011-12-02 15:09:16 (152 KB/s) - `../crawls/www.earthlink.net/Internet-Service-Agreement/raw/www.earthlink.net/img/www/hosting/www_hosting_domain_search_bg.gif' saved [312/312]

--2011-12-02 15:09:16--  http://www.earthlink.net/img/com/www_arrowblock_gray.gif
Reusing existing connection to www.earthlink.net:80.
HTTP request sent, awaiting response... 200 OK
Length: 287 [image/gif]
Saving to: `../crawls/www.earthlink.net/Internet-Service-Agreement/raw/www.earthlink.net/img/com/www_arrowblock_gray.gif'

     0K                                                       100%  140K=0s

2011-12-02 15:09:16 (140 KB/s) - `../crawls/www.earthlink.net/Internet-Service-Agreement/raw/www.earthlink.net/img/com/www_arrowblock_gray.gif' saved [287/287]

--2011-12-02 15:09:16--  http://www.earthlink.net/img/com/www_arrowblock_orange.gif
Reusing existing connection to www.earthlink.net:80.
HTTP request sent, awaiting response... 200 OK
Length: 405 [image/gif]
Saving to: `../crawls/www.earthlink.net/Internet-Service-Agreement/raw/www.earthlink.net/img/com/www_arrowblock_orange.gif'

     0K                                                       100%  198K=0s

2011-12-02 15:09:16 (198 KB/s) - `../crawls/www.earthlink.net/Internet-Service-Agreement/raw/www.earthlink.net/img/com/www_arrowblock_orange.gif' saved [405/405]

--2011-12-02 15:09:16--  http://www.earthlink.net/img/com/www_arrowblock_purple.gif
Reusing existing connection to www.earthlink.net:80.
HTTP request sent, awaiting response... 200 OK
Length: 266 [image/gif]
Saving to: `../crawls/www.earthlink.net/Internet-Service-Agreement/raw/www.earthlink.net/img/com/www_arrowblock_purple.gif'

     0K                                                       100%  130K=0s

2011-12-02 15:09:17 (130 KB/s) - `../crawls/www.earthlink.net/Internet-Service-Agreement/raw/www.earthlink.net/img/com/www_arrowblock_purple.gif' saved [266/266]

--2011-12-02 15:09:17--  http://www.earthlink.net/img/com/www_arrowblock_seablue.gif
Reusing existing connection to www.earthlink.net:80.
HTTP request sent, awaiting response... 200 OK
Length: 423 [image/gif]
Saving to: `../crawls/www.earthlink.net/Internet-Service-Agreement/raw/www.earthlink.net/img/com/www_arrowblock_seablue.gif'

     0K                                                       100%  207K=0s

2011-12-02 15:09:17 (207 KB/s) - `../crawls/www.earthlink.net/Internet-Service-Agreement/raw/www.earthlink.net/img/com/www_arrowblock_seablue.gif' saved [423/423]

--2011-12-02 15:09:17--  http://www.earthlink.net/img/com/www_arrowblock_skyblue.gif
Reusing existing connection to www.earthlink.net:80.
HTTP request sent, awaiting response... 200 OK
Length: 405 [image/gif]
Saving to: `../crawls/www.earthlink.net/Internet-Service-Agreement/raw/www.earthlink.net/img/com/www_arrowblock_skyblue.gif'

     0K                                                       100%  198K=0s

2011-12-02 15:09:17 (198 KB/s) - `../crawls/www.earthlink.net/Internet-Service-Agreement/raw/www.earthlink.net/img/com/www_arrowblock_skyblue.gif' saved [405/405]

--2011-12-02 15:09:17--  http://www.earthlink.net/img/com/www_arrowblock_green.gif
Reusing existing connection to www.earthlink.net:80.
HTTP request sent, awaiting response... 200 OK
Length: 531 [image/gif]
Saving to: `../crawls/www.earthlink.net/Internet-Service-Agreement/raw/www.earthlink.net/img/com/www_arrowblock_green.gif'

     0K                                                       100%  259K=0s

2011-12-02 15:09:17 (259 KB/s) - `../crawls/www.earthlink.net/Internet-Service-Agreement/raw/www.earthlink.net/img/com/www_arrowblock_green.gif' saved [531/531]

--2011-12-02 15:09:17--  http://www.earthlink.net/img/com/search/websearch_box_top.gif
Reusing existing connection to www.earthlink.net:80.
HTTP request sent, awaiting response... 200 OK
Length: 209 [image/gif]
Saving to: `../crawls/www.earthlink.net/Internet-Service-Agreement/raw/www.earthlink.net/img/com/search/websearch_box_top.gif'

     0K                                                       100%  102K=0s

2011-12-02 15:09:17 (102 KB/s) - `../crawls/www.earthlink.net/Internet-Service-Agreement/raw/www.earthlink.net/img/com/search/websearch_box_top.gif' saved [209/209]

--2011-12-02 15:09:17--  http://www.earthlink.net/img/com/search/websearch_box_btm.gif
Reusing existing connection to www.earthlink.net:80.
HTTP request sent, awaiting response... 200 OK
Length: 206 [image/gif]
Saving to: `../crawls/www.earthlink.net/Internet-Service-Agreement/raw/www.earthlink.net/img/com/search/websearch_box_btm.gif'

     0K                                                       100%  101K=0s

2011-12-02 15:09:17 (101 KB/s) - `../crawls/www.earthlink.net/Internet-Service-Agreement/raw/www.earthlink.net/img/com/search/websearch_box_btm.gif' saved [206/206]

--2011-12-02 15:09:17--  http://www.earthlink.net/img/www/search/search_bg.gif
Reusing existing connection to www.earthlink.net:80.
HTTP request sent, awaiting response... 200 OK
Length: 48 [image/gif]
Saving to: `../crawls/www.earthlink.net/Internet-Service-Agreement/raw/www.earthlink.net/img/www/search/search_bg.gif'

     0K                                                       100% 23.4K=0s

2011-12-02 15:09:17 (23.4 KB/s) - `../crawls/www.earthlink.net/Internet-Service-Agreement/raw/www.earthlink.net/img/www/search/search_bg.gif' saved [48/48]

--2011-12-02 15:09:17--  http://www.earthlink.net/img/www/topright/viewcart.gif
Reusing existing connection to www.earthlink.net:80.
HTTP request sent, awaiting response... 200 OK
Length: 1613 (1.6K) [image/gif]
Saving to: `../crawls/www.earthlink.net/Internet-Service-Agreement/raw/www.earthlink.net/img/www/topright/viewcart.gif'

     0K .                                                     100%  788K=0s

2011-12-02 15:09:17 (788 KB/s) - `../crawls/www.earthlink.net/Internet-Service-Agreement/raw/www.earthlink.net/img/www/topright/viewcart.gif' saved [1613/1613]

--2011-12-02 15:09:17--  http://www.earthlink.net/img/www/topright/chatnow.gif
Reusing existing connection to www.earthlink.net:80.
HTTP request sent, awaiting response... 200 OK
Length: 1533 (1.5K) [image/gif]
Saving to: `../crawls/www.earthlink.net/Internet-Service-Agreement/raw/www.earthlink.net/img/www/topright/chatnow.gif'

     0K .                                                     100%  748K=0s

2011-12-02 15:09:17 (748 KB/s) - `../crawls/www.earthlink.net/Internet-Service-Agreement/raw/www.earthlink.net/img/www/topright/chatnow.gif' saved [1533/1533]

--2011-12-02 15:09:17--  http://www.earthlink.net/img/www/topright/callme.gif
Reusing existing connection to www.earthlink.net:80.
HTTP request sent, awaiting response... 200 OK
Length: 1836 (1.8K) [image/gif]
Saving to: `../crawls/www.earthlink.net/Internet-Service-Agreement/raw/www.earthlink.net/img/www/topright/callme.gif'

     0K .                                                     100%  896K=0s

2011-12-02 15:09:17 (896 KB/s) - `../crawls/www.earthlink.net/Internet-Service-Agreement/raw/www.earthlink.net/img/www/topright/callme.gif' saved [1836/1836]

--2011-12-02 15:09:17--  http://www.earthlink.net/img/www/topright/holdfree_chat_window.gif
Reusing existing connection to www.earthlink.net:80.
HTTP request sent, awaiting response... 200 OK
Length: 14639 (14K) [image/gif]
Saving to: `../crawls/www.earthlink.net/Internet-Service-Agreement/raw/www.earthlink.net/img/www/topright/holdfree_chat_window.gif'

     0K .......... ....                                       100%  137K=0.1s

2011-12-02 15:09:17 (137 KB/s) - `../crawls/www.earthlink.net/Internet-Service-Agreement/raw/www.earthlink.net/img/www/topright/holdfree_chat_window.gif' saved [14639/14639]

--2011-12-02 15:09:17--  http://static.ak.fbcdn.net/rsrc.php/v1/y7/r/ql9vukDCc4R.png
Resolving static.ak.fbcdn.net (static.ak.fbcdn.net)... 216.156.213.42, 216.156.213.11
Connecting to static.ak.fbcdn.net (static.ak.fbcdn.net)|216.156.213.42|:80... connected.
HTTP request sent, awaiting response... 200 OK
Length: 1177 (1.1K) [image/png]
Saving to: `../crawls/www.earthlink.net/Internet-Service-Agreement/raw/static.ak.fbcdn.net/rsrc.php/v1/y7/r/ql9vukDCc4R.png'

     0K .                                                     100%  575K=0s

2011-12-02 15:09:17 (575 KB/s) - `../crawls/www.earthlink.net/Internet-Service-Agreement/raw/static.ak.fbcdn.net/rsrc.php/v1/y7/r/ql9vukDCc4R.png' saved [1177/1177]

--2011-12-02 15:09:17--  http://static.ak.fbcdn.net/rsrc.php/v1/yp/r/qDH1xoDhFBF.gif
Reusing existing connection to static.ak.fbcdn.net:80.
HTTP request sent, awaiting response... 200 OK
Length: 145 [image/gif]
Saving to: `../crawls/www.earthlink.net/Internet-Service-Agreement/raw/static.ak.fbcdn.net/rsrc.php/v1/yp/r/qDH1xoDhFBF.gif'

     0K                                                       100% 70.8K=0s

2011-12-02 15:09:17 (70.8 KB/s) - `../crawls/www.earthlink.net/Internet-Service-Agreement/raw/static.ak.fbcdn.net/rsrc.php/v1/yp/r/qDH1xoDhFBF.gif' saved [145/145]

--2011-12-02 15:09:17--  http://static.ak.fbcdn.net/rsrc.php/v1/yn/r/vAOEfR4cWQM.gif
Reusing existing connection to static.ak.fbcdn.net:80.
HTTP request sent, awaiting response... 200 OK
Length: 1410 (1.4K) [image/gif]
Saving to: `../crawls/www.earthlink.net/Internet-Service-Agreement/raw/static.ak.fbcdn.net/rsrc.php/v1/yn/r/vAOEfR4cWQM.gif'

     0K .                                                     100%  688K=0s

2011-12-02 15:09:17 (688 KB/s) - `../crawls/www.earthlink.net/Internet-Service-Agreement/raw/static.ak.fbcdn.net/rsrc.php/v1/yn/r/vAOEfR4cWQM.gif' saved [1410/1410]

--2011-12-02 15:09:17--  http://static.ak.fbcdn.net/rsrc.php/v1/yv/r/agyQHs6yLID.gif
Reusing existing connection to static.ak.fbcdn.net:80.
HTTP request sent, awaiting response... 200 OK
Length: 61 [image/gif]
Saving to: `../crawls/www.earthlink.net/Internet-Service-Agreement/raw/static.ak.fbcdn.net/rsrc.php/v1/yv/r/agyQHs6yLID.gif'

     0K                                                       100% 29.8K=0s

2011-12-02 15:09:17 (29.8 KB/s) - `../crawls/www.earthlink.net/Internet-Service-Agreement/raw/static.ak.fbcdn.net/rsrc.php/v1/yv/r/agyQHs6yLID.gif' saved [61/61]

--2011-12-02 15:09:17--  http://static.ak.fbcdn.net/rsrc.php/v1/yK/r/R95msRfVr6a.gif
Reusing existing connection to static.ak.fbcdn.net:80.
HTTP request sent, awaiting response... 200 OK
Length: 1409 (1.4K) [image/gif]
Saving to: `../crawls/www.earthlink.net/Internet-Service-Agreement/raw/static.ak.fbcdn.net/rsrc.php/v1/yK/r/R95msRfVr6a.gif'

     0K .                                                     100%  688K=0s

2011-12-02 15:09:17 (688 KB/s) - `../crawls/www.earthlink.net/Internet-Service-Agreement/raw/static.ak.fbcdn.net/rsrc.php/v1/yK/r/R95msRfVr6a.gif' saved [1409/1409]

--2011-12-02 15:09:17--  http://static.ak.fbcdn.net/rsrc.php/v1/yE/r/htZktl244wt.png
Reusing existing connection to static.ak.fbcdn.net:80.
HTTP request sent, awaiting response... 200 OK
Length: 124 [image/png]
Saving to: `../crawls/www.earthlink.net/Internet-Service-Agreement/raw/static.ak.fbcdn.net/rsrc.php/v1/yE/r/htZktl244wt.png'

     0K                                                       100% 60.5K=0s

2011-12-02 15:09:17 (60.5 KB/s) - `../crawls/www.earthlink.net/Internet-Service-Agreement/raw/static.ak.fbcdn.net/rsrc.php/v1/yE/r/htZktl244wt.png' saved [124/124]

FINISHED --2011-12-02 15:09:17--
Total wall clock time: 8.1s
Downloaded: 88 files, 466K in 2.3s (201 KB/s)
Converting ../crawls/www.earthlink.net/Internet-Service-Agreement/raw/www.facebook.com/plugins/like.php?href=http:%2F%2Fwww.facebook.com%2Fearthlink&layout=standard&show_faces=false&width=350&action=like&font&colorscheme=light&height=40.html... 19-1
Converting ../crawls/www.earthlink.net/Internet-Service-Agreement/raw/www.earthlink.net/about/policies/isa.faces.html... 33-26
Converting ../crawls/www.earthlink.net/Internet-Service-Agreement/raw/www.earthlink.net/css/www.css... 60-0
Converting ../crawls/www.earthlink.net/Internet-Service-Agreement/raw/www.earthlink.net/css/core_img.css... 0-20
Converting ../crawls/www.earthlink.net/Internet-Service-Agreement/raw/www.earthlink.net/css/core.css... nothing to do.
Converted 5 files in 0.004 seconds.
