--2011-12-02 15:10:17--  http://www.youtube.com/t/community_guidelines
Resolving www.youtube.com (www.youtube.com)... 173.194.67.136, 173.194.67.190, 173.194.67.91, ...
Connecting to www.youtube.com (www.youtube.com)|173.194.67.136|:80... connected.
HTTP request sent, awaiting response... 200 OK
Length: unspecified [text/html]
Saving to: `../crawls/www.youtube.com/Community-Guidelines/raw/www.youtube.com/t/community_guidelines.html'

     0K .......... .......... .......... ......                 117K=0.3s

2011-12-02 15:10:18 (117 KB/s) - `../crawls/www.youtube.com/Community-Guidelines/raw/www.youtube.com/t/community_guidelines.html' saved [37229]

--2011-12-02 15:10:18--  http://s.ytimg.com/yt/favicon-refresh-vfldLzJxy.ico
Resolving s.ytimg.com (s.ytimg.com)... 173.194.67.101, 173.194.67.102, 173.194.67.113, ...
Connecting to s.ytimg.com (s.ytimg.com)|173.194.67.101|:80... connected.
HTTP request sent, awaiting response... 200 OK
Length: 1150 (1.1K) [image/x-icon]
Saving to: `../crawls/www.youtube.com/Community-Guidelines/raw/s.ytimg.com/yt/favicon-refresh-vfldLzJxy.ico'

     0K .                                                     100%  561K=0s

2011-12-02 15:10:18 (561 KB/s) - `../crawls/www.youtube.com/Community-Guidelines/raw/s.ytimg.com/yt/favicon-refresh-vfldLzJxy.ico' saved [1150/1150]

--2011-12-02 15:10:18--  http://s.ytimg.com/yt/cssbin/www-refresh-vflMpNCTQ.css
Reusing existing connection to s.ytimg.com:80.
HTTP request sent, awaiting response... 200 OK
Length: unspecified [text/css]
Saving to: `../crawls/www.youtube.com/Community-Guidelines/raw/s.ytimg.com/yt/cssbin/www-refresh-vflMpNCTQ.css'

     0K .......... .......... .......... .......... ..........  164K
    50K .......... .......... .......... .......... ..........  329K
   100K .......... .......... .......... .......... ..........  329K
   150K .......... .......... .......... .......... ..........  338K
   200K .......... .......... .......... .......... .......... 12.2M
   250K .......... .......... .......... .......... ..........  658K
   300K .......... .......... .....                             336K=0.9s

2011-12-02 15:10:19 (357 KB/s) - `../crawls/www.youtube.com/Community-Guidelines/raw/s.ytimg.com/yt/cssbin/www-refresh-vflMpNCTQ.css' saved [333346]

--2011-12-02 15:10:19--  http://s.ytimg.com/yt/cssbin/www-the-rest-vflNb6rAI.css
Reusing existing connection to s.ytimg.com:80.
HTTP request sent, awaiting response... 200 OK
Length: unspecified [text/css]
Saving to: `../crawls/www.youtube.com/Community-Guidelines/raw/s.ytimg.com/yt/cssbin/www-the-rest-vflNb6rAI.css'

     0K ........                                               2.02M=0.004s

2011-12-02 15:10:20 (2.02 MB/s) - `../crawls/www.youtube.com/Community-Guidelines/raw/s.ytimg.com/yt/cssbin/www-the-rest-vflNb6rAI.css' saved [8463]

--2011-12-02 15:10:20--  http://s.ytimg.com/yt/cssbin/www-refresh-static-vflt0PBtL.css
Reusing existing connection to s.ytimg.com:80.
HTTP request sent, awaiting response... 200 OK
Length: unspecified [text/css]
Saving to: `../crawls/www.youtube.com/Community-Guidelines/raw/s.ytimg.com/yt/cssbin/www-refresh-static-vflt0PBtL.css'

     0K .......... .......... .......... ..........            9.99M=0.004s

2011-12-02 15:10:20 (9.99 MB/s) - `../crawls/www.youtube.com/Community-Guidelines/raw/s.ytimg.com/yt/cssbin/www-refresh-static-vflt0PBtL.css' saved [41888]

--2011-12-02 15:10:20--  http://s.ytimg.com/yt/img/pixel-vfl3z5WfW.gif
Reusing existing connection to s.ytimg.com:80.
HTTP request sent, awaiting response... 200 OK
Length: 43 [image/gif]
Saving to: `../crawls/www.youtube.com/Community-Guidelines/raw/s.ytimg.com/yt/img/pixel-vfl3z5WfW.gif'

     0K                                                       100% 21.0K=0s

2011-12-02 15:10:20 (21.0 KB/s) - `../crawls/www.youtube.com/Community-Guidelines/raw/s.ytimg.com/yt/img/pixel-vfl3z5WfW.gif' saved [43/43]

--2011-12-02 15:10:20--  http://www.youtube.com/v/ZA22WSVlCZ4?version=3
Connecting to www.youtube.com (www.youtube.com)|173.194.67.136|:80... connected.
HTTP request sent, awaiting response... 200 OK
Length: 3250 (3.2K) [application/x-shockwave-flash]
Saving to: `../crawls/www.youtube.com/Community-Guidelines/raw/www.youtube.com/v/ZA22WSVlCZ4?version=3'

     0K ...                                                   100% 1.55M=0s

2011-12-02 15:10:20 (1.55 MB/s) - `../crawls/www.youtube.com/Community-Guidelines/raw/www.youtube.com/v/ZA22WSVlCZ4?version=3' saved [3250/3250]

--2011-12-02 15:10:20--  http://i3.ytimg.com/vi/ZA22WSVlCZ4/default.jpg
Resolving i3.ytimg.com (i3.ytimg.com)... 173.194.67.138, 173.194.67.139, 173.194.67.100, ...
Connecting to i3.ytimg.com (i3.ytimg.com)|173.194.67.138|:80... connected.
HTTP request sent, awaiting response... 200 OK
Length: 2668 (2.6K) [image/jpeg]
Saving to: `../crawls/www.youtube.com/Community-Guidelines/raw/i3.ytimg.com/vi/ZA22WSVlCZ4/default.jpg'

     0K ..                                                    100% 1.27M=0s

2011-12-02 15:10:21 (1.27 MB/s) - `../crawls/www.youtube.com/Community-Guidelines/raw/i3.ytimg.com/vi/ZA22WSVlCZ4/default.jpg' saved [2668/2668]

--2011-12-02 15:10:21--  http://i3.ytimg.com/vi/nI2tmiKdPnU/default.jpg
Reusing existing connection to i3.ytimg.com:80.
HTTP request sent, awaiting response... 200 OK
Length: 3443 (3.4K) [image/jpeg]
Saving to: `../crawls/www.youtube.com/Community-Guidelines/raw/i3.ytimg.com/vi/nI2tmiKdPnU/default.jpg'

     0K ...                                                   100%  840K=0.004s

2011-12-02 15:10:21 (840 KB/s) - `../crawls/www.youtube.com/Community-Guidelines/raw/i3.ytimg.com/vi/nI2tmiKdPnU/default.jpg' saved [3443/3443]

--2011-12-02 15:10:21--  http://s.ytimg.com/yt/jsbin/www-core-with-searchbox-vflwYlzYa.js
Reusing existing connection to i3.ytimg.com:80.
HTTP request sent, awaiting response... 200 OK
Length: unspecified [application/x-javascript]
Saving to: `../crawls/www.youtube.com/Community-Guidelines/raw/s.ytimg.com/yt/jsbin/www-core-with-searchbox-vflwYlzYa.js'

     0K .......... .......... .......... .......... ..........  164K
    50K .......... .......... .......... .......... ..........  167K
   100K .......... .......... .......... .......... ..........  329K
   150K .......... .......... .......... .......... ..........  329K
   200K .......... .......... .......... .......... .......... 6.10M
   250K .......... .......... .......... .                      211K=1.1s

2011-12-02 15:10:22 (264 KB/s) - `../crawls/www.youtube.com/Community-Guidelines/raw/s.ytimg.com/yt/jsbin/www-core-with-searchbox-vflwYlzYa.js' saved [288020]

--2011-12-02 15:10:22--  http://s.ytimg.com/yt/jsbin/www-staticpages-vflTPdiP3.js
Reusing existing connection to i3.ytimg.com:80.
HTTP request sent, awaiting response... 200 OK
Length: unspecified [application/x-javascript]
Saving to: `../crawls/www.youtube.com/Community-Guidelines/raw/s.ytimg.com/yt/jsbin/www-staticpages-vflTPdiP3.js'

     0K .......                                                1.82M=0.004s

2011-12-02 15:10:22 (1.82 MB/s) - `../crawls/www.youtube.com/Community-Guidelines/raw/s.ytimg.com/yt/jsbin/www-staticpages-vflTPdiP3.js' saved [7641]

--2011-12-02 15:10:22--  http://s.ytimg.com/yt/imgbin/www-master-vfl_fhxaF.png
Reusing existing connection to i3.ytimg.com:80.
HTTP request sent, awaiting response... 200 OK
Length: 25963 (25K) [image/png]
Saving to: `../crawls/www.youtube.com/Community-Guidelines/raw/s.ytimg.com/yt/imgbin/www-master-vfl_fhxaF.png'

     0K .......... .......... .....                           100% 6.19M=0.004s

2011-12-02 15:10:22 (6.19 MB/s) - `../crawls/www.youtube.com/Community-Guidelines/raw/s.ytimg.com/yt/imgbin/www-master-vfl_fhxaF.png' saved [25963/25963]

--2011-12-02 15:10:22--  http://s.ytimg.com/yt/img/ticker-vflhWwz8n.png
Reusing existing connection to i3.ytimg.com:80.
HTTP request sent, awaiting response... 200 OK
Length: 187 [image/png]
Saving to: `../crawls/www.youtube.com/Community-Guidelines/raw/s.ytimg.com/yt/img/ticker-vflhWwz8n.png'

     0K                                                       100% 91.3K=0s

2011-12-02 15:10:22 (91.3 KB/s) - `../crawls/www.youtube.com/Community-Guidelines/raw/s.ytimg.com/yt/img/ticker-vflhWwz8n.png' saved [187/187]

--2011-12-02 15:10:22--  http://s.ytimg.com/yt/imgbin/www-lwbanner-vflDGOCAo.png
Reusing existing connection to i3.ytimg.com:80.
HTTP request sent, awaiting response... 200 OK
Length: 3078 (3.0K) [image/png]
Saving to: `../crawls/www.youtube.com/Community-Guidelines/raw/s.ytimg.com/yt/imgbin/www-lwbanner-vflDGOCAo.png'

     0K ...                                                   100% 1.47M=0s

2011-12-02 15:10:23 (1.47 MB/s) - `../crawls/www.youtube.com/Community-Guidelines/raw/s.ytimg.com/yt/imgbin/www-lwbanner-vflDGOCAo.png' saved [3078/3078]

--2011-12-02 15:10:23--  http://s.ytimg.com/yt/img/playlist_bar/clock-vflFv2NJv.png
Reusing existing connection to i3.ytimg.com:80.
HTTP request sent, awaiting response... 200 OK
Length: 2641 (2.6K) [image/png]
Saving to: `../crawls/www.youtube.com/Community-Guidelines/raw/s.ytimg.com/yt/img/playlist_bar/clock-vflFv2NJv.png'

     0K ..                                                    100% 1.26M=0s

2011-12-02 15:10:23 (1.26 MB/s) - `../crawls/www.youtube.com/Community-Guidelines/raw/s.ytimg.com/yt/img/playlist_bar/clock-vflFv2NJv.png' saved [2641/2641]

--2011-12-02 15:10:23--  http://s.ytimg.com/yt/img/playlist_bar/heart-vfleakJiK.png
Reusing existing connection to i3.ytimg.com:80.
HTTP request sent, awaiting response... 200 OK
Length: 1941 (1.9K) [image/png]
Saving to: `../crawls/www.youtube.com/Community-Guidelines/raw/s.ytimg.com/yt/img/playlist_bar/heart-vfleakJiK.png'

     0K .                                                     100%  948K=0s

2011-12-02 15:10:23 (948 KB/s) - `../crawls/www.youtube.com/Community-Guidelines/raw/s.ytimg.com/yt/img/playlist_bar/heart-vfleakJiK.png' saved [1941/1941]

--2011-12-02 15:10:23--  http://s.ytimg.com/yt/img/playlist_bar/thumb-vflIo5STb.png
Reusing existing connection to i3.ytimg.com:80.
HTTP request sent, awaiting response... 200 OK
Length: 1759 (1.7K) [image/png]
Saving to: `../crawls/www.youtube.com/Community-Guidelines/raw/s.ytimg.com/yt/img/playlist_bar/thumb-vflIo5STb.png'

     0K .                                                     100%  859K=0s

2011-12-02 15:10:23 (859 KB/s) - `../crawls/www.youtube.com/Community-Guidelines/raw/s.ytimg.com/yt/img/playlist_bar/thumb-vflIo5STb.png' saved [1759/1759]

--2011-12-02 15:10:23--  http://s.ytimg.com/yt/imgbin/www-refresh-vfl3IcHHw.png
Reusing existing connection to i3.ytimg.com:80.
HTTP request sent, awaiting response... 200 OK
Length: 35522 (35K) [image/png]
Saving to: `../crawls/www.youtube.com/Community-Guidelines/raw/s.ytimg.com/yt/imgbin/www-refresh-vfl3IcHHw.png'

     0K .......... .......... .......... ....                 100% 8.47M=0.004s

2011-12-02 15:10:23 (8.47 MB/s) - `../crawls/www.youtube.com/Community-Guidelines/raw/s.ytimg.com/yt/imgbin/www-refresh-vfl3IcHHw.png' saved [35522/35522]

--2011-12-02 15:10:23--  http://s.ytimg.com/yt/img/search_tip_lightbulb-vflUfu55a.png
Reusing existing connection to i3.ytimg.com:80.
HTTP request sent, awaiting response... 200 OK
Length: 256 [image/png]
Saving to: `../crawls/www.youtube.com/Community-Guidelines/raw/s.ytimg.com/yt/img/search_tip_lightbulb-vflUfu55a.png'

     0K                                                       100%  125K=0s

2011-12-02 15:10:23 (125 KB/s) - `../crawls/www.youtube.com/Community-Guidelines/raw/s.ytimg.com/yt/img/search_tip_lightbulb-vflUfu55a.png' saved [256/256]

--2011-12-02 15:10:23--  http://s.ytimg.com/yt/imgbin/www-sharing-vflMN7TfV.png
Reusing existing connection to i3.ytimg.com:80.
HTTP request sent, awaiting response... 200 OK
Length: 38774 (38K) [image/png]
Saving to: `../crawls/www.youtube.com/Community-Guidelines/raw/s.ytimg.com/yt/imgbin/www-sharing-vflMN7TfV.png'

     0K .......... .......... .......... .......              100% 9.24M=0.004s

2011-12-02 15:10:23 (9.24 MB/s) - `../crawls/www.youtube.com/Community-Guidelines/raw/s.ytimg.com/yt/imgbin/www-sharing-vflMN7TfV.png' saved [38774/38774]

--2011-12-02 15:10:23--  http://s.ytimg.com/yt/img/subscription_arrow-vflVeeo9t.png
Reusing existing connection to i3.ytimg.com:80.
HTTP request sent, awaiting response... 200 OK
Length: 137 [image/png]
Saving to: `../crawls/www.youtube.com/Community-Guidelines/raw/s.ytimg.com/yt/img/subscription_arrow-vflVeeo9t.png'

     0K                                                       100% 66.9K=0s

2011-12-02 15:10:24 (66.9 KB/s) - `../crawls/www.youtube.com/Community-Guidelines/raw/s.ytimg.com/yt/img/subscription_arrow-vflVeeo9t.png' saved [137/137]

--2011-12-02 15:10:24--  http://s.ytimg.com/yt/img/activity_indicator-vfl6QjGyi.gif
Reusing existing connection to i3.ytimg.com:80.
HTTP request sent, awaiting response... 200 OK
Length: 1780 (1.7K) [image/gif]
Saving to: `../crawls/www.youtube.com/Community-Guidelines/raw/s.ytimg.com/yt/img/activity_indicator-vfl6QjGyi.gif'

     0K .                                                     100%  869K=0s

2011-12-02 15:10:24 (869 KB/s) - `../crawls/www.youtube.com/Community-Guidelines/raw/s.ytimg.com/yt/img/activity_indicator-vfl6QjGyi.gif' saved [1780/1780]

--2011-12-02 15:10:24--  http://s.ytimg.com/yt/imgbin/www-medals-vfl0onnSj.png
Reusing existing connection to i3.ytimg.com:80.
HTTP request sent, awaiting response... 200 OK
Length: 11241 (11K) [image/png]
Saving to: `../crawls/www.youtube.com/Community-Guidelines/raw/s.ytimg.com/yt/imgbin/www-medals-vfl0onnSj.png'

     0K ..........                                            100% 2.68M=0.004s

2011-12-02 15:10:24 (2.68 MB/s) - `../crawls/www.youtube.com/Community-Guidelines/raw/s.ytimg.com/yt/imgbin/www-medals-vfl0onnSj.png' saved [11241/11241]

--2011-12-02 15:10:24--  http://s.ytimg.com/yt/img/check-grn-circle-vflbAZWvU.png
Reusing existing connection to i3.ytimg.com:80.
HTTP request sent, awaiting response... 200 OK
Length: 695 [image/png]
Saving to: `../crawls/www.youtube.com/Community-Guidelines/raw/s.ytimg.com/yt/img/check-grn-circle-vflbAZWvU.png'

     0K                                                       100%  339K=0s

2011-12-02 15:10:24 (339 KB/s) - `../crawls/www.youtube.com/Community-Guidelines/raw/s.ytimg.com/yt/img/check-grn-circle-vflbAZWvU.png' saved [695/695]

--2011-12-02 15:10:24--  http://s.ytimg.com/yt/img/loader-vflff1Mjj.gif
Reusing existing connection to i3.ytimg.com:80.
HTTP request sent, awaiting response... 200 OK
Length: 433 [image/gif]
Saving to: `../crawls/www.youtube.com/Community-Guidelines/raw/s.ytimg.com/yt/img/loader-vflff1Mjj.gif'

     0K                                                       100%  211K=0s

2011-12-02 15:10:24 (211 KB/s) - `../crawls/www.youtube.com/Community-Guidelines/raw/s.ytimg.com/yt/img/loader-vflff1Mjj.gif' saved [433/433]

--2011-12-02 15:10:24--  http://s.ytimg.com/yt/img/close-vflxnTNTT.png
Reusing existing connection to i3.ytimg.com:80.
HTTP request sent, awaiting response... 200 OK
Length: 172 [image/png]
Saving to: `../crawls/www.youtube.com/Community-Guidelines/raw/s.ytimg.com/yt/img/close-vflxnTNTT.png'

     0K                                                       100% 84.0K=0s

2011-12-02 15:10:24 (84.0 KB/s) - `../crawls/www.youtube.com/Community-Guidelines/raw/s.ytimg.com/yt/img/close-vflxnTNTT.png' saved [172/172]

--2011-12-02 15:10:24--  http://s.ytimg.com/yt/img/video_cluster_border-vflZPPosM.gif
Reusing existing connection to i3.ytimg.com:80.
HTTP request sent, awaiting response... 200 OK
Length: 328 [image/gif]
Saving to: `../crawls/www.youtube.com/Community-Guidelines/raw/s.ytimg.com/yt/img/video_cluster_border-vflZPPosM.gif'

     0K                                                       100%  160K=0s

2011-12-02 15:10:25 (160 KB/s) - `../crawls/www.youtube.com/Community-Guidelines/raw/s.ytimg.com/yt/img/video_cluster_border-vflZPPosM.gif' saved [328/328]

--2011-12-02 15:10:25--  http://s.ytimg.com/yt/img/icn_loading_animated-vflff1Mjj.gif
Reusing existing connection to i3.ytimg.com:80.
HTTP request sent, awaiting response... 200 OK
Length: 433 [image/gif]
Saving to: `../crawls/www.youtube.com/Community-Guidelines/raw/s.ytimg.com/yt/img/icn_loading_animated-vflff1Mjj.gif'

     0K                                                       100%  211K=0s

2011-12-02 15:10:25 (211 KB/s) - `../crawls/www.youtube.com/Community-Guidelines/raw/s.ytimg.com/yt/img/icn_loading_animated-vflff1Mjj.gif' saved [433/433]

--2011-12-02 15:10:25--  http://s.ytimg.com/yt/img/autoshare-vflhXH0Mt.png
Reusing existing connection to i3.ytimg.com:80.
HTTP request sent, awaiting response... 200 OK
Length: 3792 (3.7K) [image/png]
Saving to: `../crawls/www.youtube.com/Community-Guidelines/raw/s.ytimg.com/yt/img/autoshare-vflhXH0Mt.png'

     0K ...                                                   100%  926K=0.004s

2011-12-02 15:10:25 (926 KB/s) - `../crawls/www.youtube.com/Community-Guidelines/raw/s.ytimg.com/yt/img/autoshare-vflhXH0Mt.png' saved [3792/3792]

--2011-12-02 15:10:25--  http://s.ytimg.com/yt/img/tiny_white_video_icon-vflkS3jA-.png
Reusing existing connection to i3.ytimg.com:80.
HTTP request sent, awaiting response... 200 OK
Length: 107 [image/png]
Saving to: `../crawls/www.youtube.com/Community-Guidelines/raw/s.ytimg.com/yt/img/tiny_white_video_icon-vflkS3jA-.png'

     0K                                                       100% 52.2K=0s

2011-12-02 15:10:25 (52.2 KB/s) - `../crawls/www.youtube.com/Community-Guidelines/raw/s.ytimg.com/yt/img/tiny_white_video_icon-vflkS3jA-.png' saved [107/107]

--2011-12-02 15:10:25--  http://s.ytimg.com/yt/img/icn_loading_animated_black-vflG-2N8G.gif
Reusing existing connection to i3.ytimg.com:80.
HTTP request sent, awaiting response... 200 OK
Length: 2962 (2.9K) [image/gif]
Saving to: `../crawls/www.youtube.com/Community-Guidelines/raw/s.ytimg.com/yt/img/icn_loading_animated_black-vflG-2N8G.gif'

     0K ..                                                    100% 1.41M=0s

2011-12-02 15:10:25 (1.41 MB/s) - `../crawls/www.youtube.com/Community-Guidelines/raw/s.ytimg.com/yt/img/icn_loading_animated_black-vflG-2N8G.gif' saved [2962/2962]

--2011-12-02 15:10:25--  http://s.ytimg.com/yt/img/addto_button_help-vfliAV_1S.png
Reusing existing connection to i3.ytimg.com:80.
HTTP request sent, awaiting response... 200 OK
Length: 262 [image/png]
Saving to: `../crawls/www.youtube.com/Community-Guidelines/raw/s.ytimg.com/yt/img/addto_button_help-vfliAV_1S.png'

     0K                                                       100%  128K=0s

2011-12-02 15:10:25 (128 KB/s) - `../crawls/www.youtube.com/Community-Guidelines/raw/s.ytimg.com/yt/img/addto_button_help-vfliAV_1S.png' saved [262/262]

--2011-12-02 15:10:25--  http://s.ytimg.com/yt/img/drag_handle_wide-vfl7k4FC1.png
Reusing existing connection to i3.ytimg.com:80.
HTTP request sent, awaiting response... 200 OK
Length: 230 [image/png]
Saving to: `../crawls/www.youtube.com/Community-Guidelines/raw/s.ytimg.com/yt/img/drag_handle_wide-vfl7k4FC1.png'

     0K                                                       100%  112K=0s

2011-12-02 15:10:25 (112 KB/s) - `../crawls/www.youtube.com/Community-Guidelines/raw/s.ytimg.com/yt/img/drag_handle_wide-vfl7k4FC1.png' saved [230/230]

--2011-12-02 15:10:25--  http://s.ytimg.com/yt/img/flags/flags-vfl3KtPlE.gif
Reusing existing connection to i3.ytimg.com:80.
HTTP request sent, awaiting response... 200 OK
Length: 4859 (4.7K) [image/gif]
Saving to: `../crawls/www.youtube.com/Community-Guidelines/raw/s.ytimg.com/yt/img/flags/flags-vfl3KtPlE.gif'

     0K ....                                                  100% 1.16M=0.004s

2011-12-02 15:10:26 (1.16 MB/s) - `../crawls/www.youtube.com/Community-Guidelines/raw/s.ytimg.com/yt/img/flags/flags-vfl3KtPlE.gif' saved [4859/4859]

--2011-12-02 15:10:26--  http://s.ytimg.com/yt/img/icons/lego-append-actions-vfltpl3wu.png
Reusing existing connection to i3.ytimg.com:80.
HTTP request sent, awaiting response... 200 OK
Length: 709 [image/png]
Saving to: `../crawls/www.youtube.com/Community-Guidelines/raw/s.ytimg.com/yt/img/icons/lego-append-actions-vfltpl3wu.png'

     0K                                                       100%  346K=0s

2011-12-02 15:10:26 (346 KB/s) - `../crawls/www.youtube.com/Community-Guidelines/raw/s.ytimg.com/yt/img/icons/lego-append-actions-vfltpl3wu.png' saved [709/709]

--2011-12-02 15:10:26--  http://s.ytimg.com/yt/imgbin/www-refreshbg-vflC3wnbM.png
Reusing existing connection to i3.ytimg.com:80.
HTTP request sent, awaiting response... 200 OK
Length: 4064 (4.0K) [image/png]
Saving to: `../crawls/www.youtube.com/Community-Guidelines/raw/s.ytimg.com/yt/imgbin/www-refreshbg-vflC3wnbM.png'

     0K ...                                                   100% 1.94M=0s

2011-12-02 15:10:26 (1.94 MB/s) - `../crawls/www.youtube.com/Community-Guidelines/raw/s.ytimg.com/yt/imgbin/www-refreshbg-vflC3wnbM.png' saved [4064/4064]

--2011-12-02 15:10:26--  http://s.ytimg.com/yt/imgbin/www-dividers-vflkSTcwN.png
Reusing existing connection to i3.ytimg.com:80.
HTTP request sent, awaiting response... 200 OK
Length: 1821 (1.8K) [image/png]
Saving to: `../crawls/www.youtube.com/Community-Guidelines/raw/s.ytimg.com/yt/imgbin/www-dividers-vflkSTcwN.png'

     0K .                                                     100%  889K=0s

2011-12-02 15:10:26 (889 KB/s) - `../crawls/www.youtube.com/Community-Guidelines/raw/s.ytimg.com/yt/imgbin/www-dividers-vflkSTcwN.png' saved [1821/1821]

--2011-12-02 15:10:26--  http://s.ytimg.com/yt/img/refresh/horizontal_rule-vflnwaP_x.png
Reusing existing connection to i3.ytimg.com:80.
HTTP request sent, awaiting response... 200 OK
Length: 951 [image/png]
Saving to: `../crawls/www.youtube.com/Community-Guidelines/raw/s.ytimg.com/yt/img/refresh/horizontal_rule-vflnwaP_x.png'

     0K                                                       100%  464K=0s

2011-12-02 15:10:26 (464 KB/s) - `../crawls/www.youtube.com/Community-Guidelines/raw/s.ytimg.com/yt/img/refresh/horizontal_rule-vflnwaP_x.png' saved [951/951]

--2011-12-02 15:10:26--  http://s.ytimg.com/yt/img/refresh/vertical_rule_ltr-vflkNhm_8.png
Reusing existing connection to i3.ytimg.com:80.
HTTP request sent, awaiting response... 200 OK
Length: 941 [image/png]
Saving to: `../crawls/www.youtube.com/Community-Guidelines/raw/s.ytimg.com/yt/img/refresh/vertical_rule_ltr-vflkNhm_8.png'

     0K                                                       100%  459K=0s

2011-12-02 15:10:26 (459 KB/s) - `../crawls/www.youtube.com/Community-Guidelines/raw/s.ytimg.com/yt/img/refresh/vertical_rule_ltr-vflkNhm_8.png' saved [941/941]

--2011-12-02 15:10:26--  http://s.ytimg.com/yt/img/mmimgs-vfl0a1hhX.gif
Reusing existing connection to i3.ytimg.com:80.
HTTP request sent, awaiting response... 200 OK
Length: 7079 (6.9K) [image/gif]
Saving to: `../crawls/www.youtube.com/Community-Guidelines/raw/s.ytimg.com/yt/img/mmimgs-vfl0a1hhX.gif'

     0K ......                                                100% 3.38M=0s

2011-12-02 15:10:27 (3.38 MB/s) - `../crawls/www.youtube.com/Community-Guidelines/raw/s.ytimg.com/yt/img/mmimgs-vfl0a1hhX.gif' saved [7079/7079]

--2011-12-02 15:10:27--  http://s.ytimg.com/yt/img/but-bck-vflf-LTMI.png
Reusing existing connection to i3.ytimg.com:80.
HTTP request sent, awaiting response... 200 OK
Length: 130 [image/png]
Saving to: `../crawls/www.youtube.com/Community-Guidelines/raw/s.ytimg.com/yt/img/but-bck-vflf-LTMI.png'

     0K                                                       100% 63.5K=0s

2011-12-02 15:10:27 (63.5 KB/s) - `../crawls/www.youtube.com/Community-Guidelines/raw/s.ytimg.com/yt/img/but-bck-vflf-LTMI.png' saved [130/130]

--2011-12-02 15:10:27--  http://s.ytimg.com/yt/img/master_old-vflwdhETI.gif
Reusing existing connection to i3.ytimg.com:80.
HTTP request sent, awaiting response... 200 OK
Length: 9292 (9.1K) [image/gif]
Saving to: `../crawls/www.youtube.com/Community-Guidelines/raw/s.ytimg.com/yt/img/master_old-vflwdhETI.gif'

     0K .........                                             100% 2.22M=0.004s

2011-12-02 15:10:27 (2.22 MB/s) - `../crawls/www.youtube.com/Community-Guidelines/raw/s.ytimg.com/yt/img/master_old-vflwdhETI.gif' saved [9292/9292]

--2011-12-02 15:10:27--  http://s.ytimg.com/yt/img/yt-narrative-tail-vflAgnSrs.gif
Reusing existing connection to i3.ytimg.com:80.
HTTP request sent, awaiting response... 200 OK
Length: 82 [image/gif]
Saving to: `../crawls/www.youtube.com/Community-Guidelines/raw/s.ytimg.com/yt/img/yt-narrative-tail-vflAgnSrs.gif'

     0K                                                       100% 40.0K=0s

2011-12-02 15:10:27 (40.0 KB/s) - `../crawls/www.youtube.com/Community-Guidelines/raw/s.ytimg.com/yt/img/yt-narrative-tail-vflAgnSrs.gif' saved [82/82]

--2011-12-02 15:10:27--  http://s.ytimg.com/yt/img/static/background-drop-fade-vfl8yMvoe.gif
Reusing existing connection to i3.ytimg.com:80.
HTTP request sent, awaiting response... 200 OK
Length: 522 [image/gif]
Saving to: `../crawls/www.youtube.com/Community-Guidelines/raw/s.ytimg.com/yt/img/static/background-drop-fade-vfl8yMvoe.gif'

     0K                                                       100%  255K=0s

2011-12-02 15:10:27 (255 KB/s) - `../crawls/www.youtube.com/Community-Guidelines/raw/s.ytimg.com/yt/img/static/background-drop-fade-vfl8yMvoe.gif' saved [522/522]

--2011-12-02 15:10:27--  http://s.ytimg.com/yt/img/static/adv-arrows-vflDtJKrt.gif
Reusing existing connection to i3.ytimg.com:80.
HTTP request sent, awaiting response... 200 OK
Length: 1182 (1.2K) [image/gif]
Saving to: `../crawls/www.youtube.com/Community-Guidelines/raw/s.ytimg.com/yt/img/static/adv-arrows-vflDtJKrt.gif'

     0K .                                                     100%  577K=0s

2011-12-02 15:10:27 (577 KB/s) - `../crawls/www.youtube.com/Community-Guidelines/raw/s.ytimg.com/yt/img/static/adv-arrows-vflDtJKrt.gif' saved [1182/1182]

--2011-12-02 15:10:27--  http://s.ytimg.com/yt/img/marketing/pdf_icon-vfljgNlrl.png
Reusing existing connection to i3.ytimg.com:80.
HTTP request sent, awaiting response... 200 OK
Length: 683 [image/png]
Saving to: `../crawls/www.youtube.com/Community-Guidelines/raw/s.ytimg.com/yt/img/marketing/pdf_icon-vfljgNlrl.png'

     0K                                                       100%  333K=0s

2011-12-02 15:10:27 (333 KB/s) - `../crawls/www.youtube.com/Community-Guidelines/raw/s.ytimg.com/yt/img/marketing/pdf_icon-vfljgNlrl.png' saved [683/683]

--2011-12-02 15:10:27--  http://s.ytimg.com/img/marketing/external.gif
Reusing existing connection to i3.ytimg.com:80.
HTTP request sent, awaiting response... 404 Not Found
2011-12-02 15:10:28 ERROR 404: Not Found.

--2011-12-02 15:10:28--  http://s.ytimg.com/img/marketing/icon-download.png
Connecting to s.ytimg.com (s.ytimg.com)|173.194.67.101|:80... connected.
HTTP request sent, awaiting response... 404 Not Found
2011-12-02 15:10:28 ERROR 404: Not Found.

--2011-12-02 15:10:28--  http://s.ytimg.com/yt/img/refresh/account_sidebar_bg_ie_ltr-vflFmHIuS.png
Connecting to s.ytimg.com (s.ytimg.com)|173.194.67.101|:80... connected.
HTTP request sent, awaiting response... 200 OK
Length: 163 [image/png]
Saving to: `../crawls/www.youtube.com/Community-Guidelines/raw/s.ytimg.com/yt/img/refresh/account_sidebar_bg_ie_ltr-vflFmHIuS.png'

     0K                                                       100% 79.6K=0s

2011-12-02 15:10:28 (79.6 KB/s) - `../crawls/www.youtube.com/Community-Guidelines/raw/s.ytimg.com/yt/img/refresh/account_sidebar_bg_ie_ltr-vflFmHIuS.png' saved [163/163]

FINISHED --2011-12-02 15:10:28--
Total wall clock time: 11s
Downloaded: 47 files, 871K in 2.3s (374 KB/s)
Converting ../crawls/www.youtube.com/Community-Guidelines/raw/www.youtube.com/t/community_guidelines.html... 36-32
Converting ../crawls/www.youtube.com/Community-Guidelines/raw/s.ytimg.com/yt/cssbin/www-the-rest-vflNb6rAI.css... 16-0
Converting ../crawls/www.youtube.com/Community-Guidelines/raw/s.ytimg.com/yt/cssbin/www-refresh-vflMpNCTQ.css... 205-0
Converting ../crawls/www.youtube.com/Community-Guidelines/raw/s.ytimg.com/yt/cssbin/www-refresh-static-vflt0PBtL.css... 17-3
Converted 4 files in 0.02 seconds.
