--2011-12-02 15:00:14--  http://www.eff.org/policy
Resolving www.eff.org (www.eff.org)... 69.50.232.54
Connecting to www.eff.org (www.eff.org)|69.50.232.54|:80... connected.
HTTP request sent, awaiting response... 302 Found
Location: https://www.eff.org/policy [following]
--2011-12-02 15:00:14--  https://www.eff.org/policy
Connecting to www.eff.org (www.eff.org)|69.50.232.54|:443... connected.
HTTP request sent, awaiting response... 200 OK
Length: 27713 (27K) [text/html]
Saving to: `../crawls/www.eff.org/Privacy-Policy/raw/www.eff.org/policy.html'

     0K .......... .......... .......                         100% 13.2M=0s

2011-12-02 15:00:15 (13.2 MB/s) - `../crawls/www.eff.org/Privacy-Policy/raw/www.eff.org/policy.html' saved [27713/27713]

--2011-12-02 15:00:15--  https://www.eff.org/sites/all/themes/frontier/favicon.ico
Reusing existing connection to www.eff.org:443.
HTTP request sent, awaiting response... 200 OK
Length: 1406 (1.4K) [image/x-icon]
Saving to: `../crawls/www.eff.org/Privacy-Policy/raw/www.eff.org/sites/all/themes/frontier/favicon.ico'

     0K .                                                     100%  686K=0s

2011-12-02 15:00:15 (686 KB/s) - `../crawls/www.eff.org/Privacy-Policy/raw/www.eff.org/sites/all/themes/frontier/favicon.ico' saved [1406/1406]

--2011-12-02 15:00:15--  https://www.eff.org/sites/default/files/css/css_r7mP1rcWJQ63n8Fdr5p_bAp2cVsr4IDoQbtzGzliANo.css
Reusing existing connection to www.eff.org:443.
HTTP request sent, awaiting response... 200 OK
Length: 757 [text/css]
Saving to: `../crawls/www.eff.org/Privacy-Policy/raw/www.eff.org/sites/default/files/css/css_r7mP1rcWJQ63n8Fdr5p_bAp2cVsr4IDoQbtzGzliANo.css'

     0K                                                       100%  370K=0s

2011-12-02 15:00:15 (370 KB/s) - `../crawls/www.eff.org/Privacy-Policy/raw/www.eff.org/sites/default/files/css/css_r7mP1rcWJQ63n8Fdr5p_bAp2cVsr4IDoQbtzGzliANo.css' saved [757/757]

--2011-12-02 15:00:15--  https://www.eff.org/sites/default/files/css/css_5XB5aQOGzDUVxnwtHDXg0AJDjmjZbe2Sh1K2BEkR5cM.css
Reusing existing connection to www.eff.org:443.
HTTP request sent, awaiting response... 200 OK
Length: 7432 (7.3K) [text/css]
Saving to: `../crawls/www.eff.org/Privacy-Policy/raw/www.eff.org/sites/default/files/css/css_5XB5aQOGzDUVxnwtHDXg0AJDjmjZbe2Sh1K2BEkR5cM.css'

     0K .......                                               100% 1.77M=0.004s

2011-12-02 15:00:15 (1.77 MB/s) - `../crawls/www.eff.org/Privacy-Policy/raw/www.eff.org/sites/default/files/css/css_5XB5aQOGzDUVxnwtHDXg0AJDjmjZbe2Sh1K2BEkR5cM.css' saved [7432/7432]

--2011-12-02 15:00:15--  https://www.eff.org/sites/default/files/css/css_xpQgVIM_I_IJc6b7ZbUZzHZRPTfSvNSnsd7Ec2ADc7g.css
Reusing existing connection to www.eff.org:443.
HTTP request sent, awaiting response... 200 OK
Length: 28503 (28K) [text/css]
Saving to: `../crawls/www.eff.org/Privacy-Policy/raw/www.eff.org/sites/default/files/css/css_xpQgVIM_I_IJc6b7ZbUZzHZRPTfSvNSnsd7Ec2ADc7g.css'

     0K .......... .......... .......                         100% 6.79M=0.004s

2011-12-02 15:00:15 (6.79 MB/s) - `../crawls/www.eff.org/Privacy-Policy/raw/www.eff.org/sites/default/files/css/css_xpQgVIM_I_IJc6b7ZbUZzHZRPTfSvNSnsd7Ec2ADc7g.css' saved [28503/28503]

--2011-12-02 15:00:15--  https://www.eff.org/sites/default/files/css/css_KFeM0kDNWNzNyLPwebVXXSY_YHcRM3yZsqDH5oWxOSc.css
Reusing existing connection to www.eff.org:443.
HTTP request sent, awaiting response... 200 OK
Length: 18377 (18K) [text/css]
Saving to: `../crawls/www.eff.org/Privacy-Policy/raw/www.eff.org/sites/default/files/css/css_KFeM0kDNWNzNyLPwebVXXSY_YHcRM3yZsqDH5oWxOSc.css'

     0K .......... .......                                    100% 4.38M=0.004s

2011-12-02 15:00:15 (4.38 MB/s) - `../crawls/www.eff.org/Privacy-Policy/raw/www.eff.org/sites/default/files/css/css_KFeM0kDNWNzNyLPwebVXXSY_YHcRM3yZsqDH5oWxOSc.css' saved [18377/18377]

--2011-12-02 15:00:15--  https://www.eff.org/sites/default/files/css/css_uLH0yT02G7t9d_Br__idbvurT0rUkdrrOkCQb0ZZrgM.css
Reusing existing connection to www.eff.org:443.
HTTP request sent, awaiting response... 200 OK
Length: 30995 (30K) [text/css]
Saving to: `../crawls/www.eff.org/Privacy-Policy/raw/www.eff.org/sites/default/files/css/css_uLH0yT02G7t9d_Br__idbvurT0rUkdrrOkCQb0ZZrgM.css'

     0K .......... .......... ..........                      100% 3.69M=0.008s

2011-12-02 15:00:15 (3.69 MB/s) - `../crawls/www.eff.org/Privacy-Policy/raw/www.eff.org/sites/default/files/css/css_uLH0yT02G7t9d_Br__idbvurT0rUkdrrOkCQb0ZZrgM.css' saved [30995/30995]

--2011-12-02 15:00:15--  https://www.eff.org/sites/default/files/js/js_4liQagOZizsZ0VTirY_8asGXIRNWLcKE9b4lKBZV97k.js
Reusing existing connection to www.eff.org:443.
HTTP request sent, awaiting response... 200 OK
Length: 95049 (93K) [application/javascript]
Saving to: `../crawls/www.eff.org/Privacy-Policy/raw/www.eff.org/sites/default/files/js/js_4liQagOZizsZ0VTirY_8asGXIRNWLcKE9b4lKBZV97k.js'

     0K .......... .......... .......... .......... .......... 53% 3.05M 0s
    50K .......... .......... .......... .......... ..        100% 5.23M=0.02s

2011-12-02 15:00:15 (3.78 MB/s) - `../crawls/www.eff.org/Privacy-Policy/raw/www.eff.org/sites/default/files/js/js_4liQagOZizsZ0VTirY_8asGXIRNWLcKE9b4lKBZV97k.js' saved [95049/95049]

--2011-12-02 15:00:15--  https://www.eff.org/sites/default/files/js/js_mEEqrZApHAidJyywsmZR_Ac1d4B-4FLzvR9sbsjVDyg.js
Reusing existing connection to www.eff.org:443.
HTTP request sent, awaiting response... 200 OK
Length: 1046 (1.0K) [application/javascript]
Saving to: `../crawls/www.eff.org/Privacy-Policy/raw/www.eff.org/sites/default/files/js/js_mEEqrZApHAidJyywsmZR_Ac1d4B-4FLzvR9sbsjVDyg.js'

     0K .                                                     100%  511K=0s

2011-12-02 15:00:15 (511 KB/s) - `../crawls/www.eff.org/Privacy-Policy/raw/www.eff.org/sites/default/files/js/js_mEEqrZApHAidJyywsmZR_Ac1d4B-4FLzvR9sbsjVDyg.js' saved [1046/1046]

--2011-12-02 15:00:15--  https://www.eff.org/sites/default/files/js/js_F70MthJixUxuMpywOjnrbbtPllkJWw2i90Ms_midtK0.js
Reusing existing connection to www.eff.org:443.
HTTP request sent, awaiting response... 200 OK
Length: 21542 (21K) [application/javascript]
Saving to: `../crawls/www.eff.org/Privacy-Policy/raw/www.eff.org/sites/default/files/js/js_F70MthJixUxuMpywOjnrbbtPllkJWw2i90Ms_midtK0.js'

     0K .......... .......... .                               100% 2.57M=0.008s

2011-12-02 15:00:15 (2.57 MB/s) - `../crawls/www.eff.org/Privacy-Policy/raw/www.eff.org/sites/default/files/js/js_F70MthJixUxuMpywOjnrbbtPllkJWw2i90Ms_midtK0.js' saved [21542/21542]

--2011-12-02 15:00:15--  https://www.eff.org/sites/all/modules/lightbox2/js/lightbox.js?1322866814
Reusing existing connection to www.eff.org:443.
HTTP request sent, awaiting response... 200 OK
Length: 45178 (44K) [application/javascript]
Saving to: `../crawls/www.eff.org/Privacy-Policy/raw/www.eff.org/sites/all/modules/lightbox2/js/lightbox.js?1322866814'

     0K .......... .......... .......... .......... ....      100% 5.38M=0.008s

2011-12-02 15:00:15 (5.38 MB/s) - `../crawls/www.eff.org/Privacy-Policy/raw/www.eff.org/sites/all/modules/lightbox2/js/lightbox.js?1322866814' saved [45178/45178]

--2011-12-02 15:00:15--  https://www.eff.org/sites/default/files/js/js_KUG-NCc8W8ucR9FBsceDnxr_E2cx0K2Rg0LXwOZkEnA.js
Reusing existing connection to www.eff.org:443.
HTTP request sent, awaiting response... 200 OK
Length: 25363 (25K) [application/javascript]
Saving to: `../crawls/www.eff.org/Privacy-Policy/raw/www.eff.org/sites/default/files/js/js_KUG-NCc8W8ucR9FBsceDnxr_E2cx0K2Rg0LXwOZkEnA.js'

     0K .......... .......... ....                            100% 3.02M=0.008s

2011-12-02 15:00:15 (3.02 MB/s) - `../crawls/www.eff.org/Privacy-Policy/raw/www.eff.org/sites/default/files/js/js_KUG-NCc8W8ucR9FBsceDnxr_E2cx0K2Rg0LXwOZkEnA.js' saved [25363/25363]

--2011-12-02 15:00:15--  https://www.eff.org/sites/default/files/js/js_EFaeomP_5Y5dLRmbJ7isZdlfbO0D-nAIae0MNCTHz-A.js
Reusing existing connection to www.eff.org:443.
HTTP request sent, awaiting response... 200 OK
Length: 238 [application/javascript]
Saving to: `../crawls/www.eff.org/Privacy-Policy/raw/www.eff.org/sites/default/files/js/js_EFaeomP_5Y5dLRmbJ7isZdlfbO0D-nAIae0MNCTHz-A.js'

     0K                                                       100%  116K=0s

2011-12-02 15:00:15 (116 KB/s) - `../crawls/www.eff.org/Privacy-Policy/raw/www.eff.org/sites/default/files/js/js_EFaeomP_5Y5dLRmbJ7isZdlfbO0D-nAIae0MNCTHz-A.js' saved [238/238]

--2011-12-02 15:00:15--  https://www.eff.org/sites/default/files/js/js_AHyBAYZMC0aoLby7IhzDcekyKo2__10bztcN6PSiv_g.js
Reusing existing connection to www.eff.org:443.
HTTP request sent, awaiting response... 200 OK
Length: 1136 (1.1K) [application/javascript]
Saving to: `../crawls/www.eff.org/Privacy-Policy/raw/www.eff.org/sites/default/files/js/js_AHyBAYZMC0aoLby7IhzDcekyKo2__10bztcN6PSiv_g.js'

     0K .                                                     100%  555K=0s

2011-12-02 15:00:15 (555 KB/s) - `../crawls/www.eff.org/Privacy-Policy/raw/www.eff.org/sites/default/files/js/js_AHyBAYZMC0aoLby7IhzDcekyKo2__10bztcN6PSiv_g.js' saved [1136/1136]

--2011-12-02 15:00:15--  https://www.eff.org/sites/all/themes/frontier/logo.png
Reusing existing connection to www.eff.org:443.
HTTP request sent, awaiting response... 200 OK
Length: 1599 (1.6K) [image/png]
Saving to: `../crawls/www.eff.org/Privacy-Policy/raw/www.eff.org/sites/all/themes/frontier/logo.png'

     0K .                                                     100%  781K=0s

2011-12-02 15:00:15 (781 KB/s) - `../crawls/www.eff.org/Privacy-Policy/raw/www.eff.org/sites/all/themes/frontier/logo.png' saved [1599/1599]

--2011-12-02 15:00:15--  https://www.eff.org/sites/all/themes/frontier/images/cc-by-logo.png
Reusing existing connection to www.eff.org:443.
HTTP request sent, awaiting response... 200 OK
Length: 4739 (4.6K) [image/png]
Saving to: `../crawls/www.eff.org/Privacy-Policy/raw/www.eff.org/sites/all/themes/frontier/images/cc-by-logo.png'

     0K ....                                                  100% 1.13M=0.004s

2011-12-02 15:00:15 (1.13 MB/s) - `../crawls/www.eff.org/Privacy-Policy/raw/www.eff.org/sites/all/themes/frontier/images/cc-by-logo.png' saved [4739/4739]

--2011-12-02 15:00:15--  https://www.eff.org/sites/all/themes/frontier/js/t.html
Reusing existing connection to www.eff.org:443.
HTTP request sent, awaiting response... 200 OK
Length: 99 [text/html]
Saving to: `../crawls/www.eff.org/Privacy-Policy/raw/www.eff.org/sites/all/themes/frontier/js/t.html'

     0K                                                       100% 48.3K=0s

2011-12-02 15:00:15 (48.3 KB/s) - `../crawls/www.eff.org/Privacy-Policy/raw/www.eff.org/sites/all/themes/frontier/js/t.html' saved [99/99]

--2011-12-02 15:00:15--  https://www.eff.org/misc/throbber.gif
Reusing existing connection to www.eff.org:443.
HTTP request sent, awaiting response... 200 OK
Length: 1336 (1.3K) [image/gif]
Saving to: `../crawls/www.eff.org/Privacy-Policy/raw/www.eff.org/misc/throbber.gif'

     0K .                                                     100%  652K=0s

2011-12-02 15:00:15 (652 KB/s) - `../crawls/www.eff.org/Privacy-Policy/raw/www.eff.org/misc/throbber.gif' saved [1336/1336]

--2011-12-02 15:00:15--  https://www.eff.org/misc/grippie.png
Reusing existing connection to www.eff.org:443.
HTTP request sent, awaiting response... 200 OK
Length: 106 [image/png]
Saving to: `../crawls/www.eff.org/Privacy-Policy/raw/www.eff.org/misc/grippie.png'

     0K                                                       100% 51.8K=0s

2011-12-02 15:00:15 (51.8 KB/s) - `../crawls/www.eff.org/Privacy-Policy/raw/www.eff.org/misc/grippie.png' saved [106/106]

--2011-12-02 15:00:15--  https://www.eff.org/misc/draggable.png
Reusing existing connection to www.eff.org:443.
HTTP request sent, awaiting response... 200 OK
Length: 268 [image/png]
Saving to: `../crawls/www.eff.org/Privacy-Policy/raw/www.eff.org/misc/draggable.png'

     0K                                                       100%  131K=0s

2011-12-02 15:00:15 (131 KB/s) - `../crawls/www.eff.org/Privacy-Policy/raw/www.eff.org/misc/draggable.png' saved [268/268]

--2011-12-02 15:00:15--  https://www.eff.org/misc/tree.png
Reusing existing connection to www.eff.org:443.
HTTP request sent, awaiting response... 200 OK
Length: 130 [image/png]
Saving to: `../crawls/www.eff.org/Privacy-Policy/raw/www.eff.org/misc/tree.png'

     0K                                                       100% 63.5K=0s

2011-12-02 15:00:15 (63.5 KB/s) - `../crawls/www.eff.org/Privacy-Policy/raw/www.eff.org/misc/tree.png' saved [130/130]

--2011-12-02 15:00:15--  https://www.eff.org/misc/tree-bottom.png
Reusing existing connection to www.eff.org:443.
HTTP request sent, awaiting response... 200 OK
Length: 129 [image/png]
Saving to: `../crawls/www.eff.org/Privacy-Policy/raw/www.eff.org/misc/tree-bottom.png'

     0K                                                       100% 63.0K=0s

2011-12-02 15:00:15 (63.0 KB/s) - `../crawls/www.eff.org/Privacy-Policy/raw/www.eff.org/misc/tree-bottom.png' saved [129/129]

--2011-12-02 15:00:15--  https://www.eff.org/misc/menu-expanded.png
Reusing existing connection to www.eff.org:443.
HTTP request sent, awaiting response... 200 OK
Length: 106 [image/png]
Saving to: `../crawls/www.eff.org/Privacy-Policy/raw/www.eff.org/misc/menu-expanded.png'

     0K                                                       100% 25.9K=0.004s

2011-12-02 15:00:15 (25.9 KB/s) - `../crawls/www.eff.org/Privacy-Policy/raw/www.eff.org/misc/menu-expanded.png' saved [106/106]

--2011-12-02 15:00:15--  https://www.eff.org/misc/menu-collapsed.png
Reusing existing connection to www.eff.org:443.
HTTP request sent, awaiting response... 200 OK
Length: 105 [image/png]
Saving to: `../crawls/www.eff.org/Privacy-Policy/raw/www.eff.org/misc/menu-collapsed.png'

     0K                                                       100% 51.3K=0s

2011-12-02 15:00:15 (51.3 KB/s) - `../crawls/www.eff.org/Privacy-Policy/raw/www.eff.org/misc/menu-collapsed.png' saved [105/105]

--2011-12-02 15:00:15--  https://www.eff.org/misc/menu-leaf.png
Reusing existing connection to www.eff.org:443.
HTTP request sent, awaiting response... 200 OK
Length: 126 [image/png]
Saving to: `../crawls/www.eff.org/Privacy-Policy/raw/www.eff.org/misc/menu-leaf.png'

     0K                                                       100% 61.5K=0s

2011-12-02 15:00:15 (61.5 KB/s) - `../crawls/www.eff.org/Privacy-Policy/raw/www.eff.org/misc/menu-leaf.png' saved [126/126]

--2011-12-02 15:00:15--  https://www.eff.org/misc/message-24-ok.png
Reusing existing connection to www.eff.org:443.
HTTP request sent, awaiting response... 200 OK
Length: 1058 (1.0K) [image/png]
Saving to: `../crawls/www.eff.org/Privacy-Policy/raw/www.eff.org/misc/message-24-ok.png'

     0K .                                                     100%  517K=0s

2011-12-02 15:00:15 (517 KB/s) - `../crawls/www.eff.org/Privacy-Policy/raw/www.eff.org/misc/message-24-ok.png' saved [1058/1058]

--2011-12-02 15:00:15--  https://www.eff.org/misc/message-24-warning.png
Reusing existing connection to www.eff.org:443.
HTTP request sent, awaiting response... 200 OK
Length: 753 [image/png]
Saving to: `../crawls/www.eff.org/Privacy-Policy/raw/www.eff.org/misc/message-24-warning.png'

     0K                                                       100%  368K=0s

2011-12-02 15:00:15 (368 KB/s) - `../crawls/www.eff.org/Privacy-Policy/raw/www.eff.org/misc/message-24-warning.png' saved [753/753]

--2011-12-02 15:00:15--  https://www.eff.org/misc/message-24-error.png
Reusing existing connection to www.eff.org:443.
HTTP request sent, awaiting response... 200 OK
Length: 733 [image/png]
Saving to: `../crawls/www.eff.org/Privacy-Policy/raw/www.eff.org/misc/message-24-error.png'

     0K                                                       100%  358K=0s

2011-12-02 15:00:15 (358 KB/s) - `../crawls/www.eff.org/Privacy-Policy/raw/www.eff.org/misc/message-24-error.png' saved [733/733]

--2011-12-02 15:00:15--  https://www.eff.org/misc/help.png
Reusing existing connection to www.eff.org:443.
HTTP request sent, awaiting response... 200 OK
Length: 294 [image/png]
Saving to: `../crawls/www.eff.org/Privacy-Policy/raw/www.eff.org/misc/help.png'

     0K                                                       100%  144K=0s

2011-12-02 15:00:15 (144 KB/s) - `../crawls/www.eff.org/Privacy-Policy/raw/www.eff.org/misc/help.png' saved [294/294]

--2011-12-02 15:00:15--  https://www.eff.org/misc/progress.gif
Reusing existing connection to www.eff.org:443.
HTTP request sent, awaiting response... 200 OK
Length: 5872 (5.7K) [image/gif]
Saving to: `../crawls/www.eff.org/Privacy-Policy/raw/www.eff.org/misc/progress.gif'

     0K .....                                                 100% 1.40M=0.004s

2011-12-02 15:00:15 (1.40 MB/s) - `../crawls/www.eff.org/Privacy-Policy/raw/www.eff.org/misc/progress.gif' saved [5872/5872]

--2011-12-02 15:00:15--  https://www.eff.org/sites/all/libraries/chosen/chosen/chosen-sprite.png
Reusing existing connection to www.eff.org:443.
HTTP request sent, awaiting response... 200 OK
Length: 3998 (3.9K) [image/png]
Saving to: `../crawls/www.eff.org/Privacy-Policy/raw/www.eff.org/sites/all/libraries/chosen/chosen/chosen-sprite.png'

     0K ...                                                   100% 1.91M=0s

2011-12-02 15:00:15 (1.91 MB/s) - `../crawls/www.eff.org/Privacy-Policy/raw/www.eff.org/sites/all/libraries/chosen/chosen/chosen-sprite.png' saved [3998/3998]

--2011-12-02 15:00:15--  https://www.eff.org/sites/all/modules/ctools/images/status-active.gif
Reusing existing connection to www.eff.org:443.
HTTP request sent, awaiting response... 200 OK
Length: 2196 (2.1K) [image/gif]
Saving to: `../crawls/www.eff.org/Privacy-Policy/raw/www.eff.org/sites/all/modules/ctools/images/status-active.gif'

     0K ..                                                    100% 1.05M=0s

2011-12-02 15:00:15 (1.05 MB/s) - `../crawls/www.eff.org/Privacy-Policy/raw/www.eff.org/sites/all/modules/ctools/images/status-active.gif' saved [2196/2196]

--2011-12-02 15:00:15--  https://www.eff.org/sites/all/modules/lightbox2/images/blank.gif
Reusing existing connection to www.eff.org:443.
HTTP request sent, awaiting response... 200 OK
Length: 43 [image/gif]
Saving to: `../crawls/www.eff.org/Privacy-Policy/raw/www.eff.org/sites/all/modules/lightbox2/images/blank.gif'

     0K                                                       100% 21.0K=0s

2011-12-02 15:00:15 (21.0 KB/s) - `../crawls/www.eff.org/Privacy-Policy/raw/www.eff.org/sites/all/modules/lightbox2/images/blank.gif' saved [43/43]

--2011-12-02 15:00:15--  https://www.eff.org/sites/all/modules/lightbox2/images/prev.gif
Reusing existing connection to www.eff.org:443.
HTTP request sent, awaiting response... 200 OK
Length: 307 [image/gif]
Saving to: `../crawls/www.eff.org/Privacy-Policy/raw/www.eff.org/sites/all/modules/lightbox2/images/prev.gif'

     0K                                                       100%  150K=0s

2011-12-02 15:00:15 (150 KB/s) - `../crawls/www.eff.org/Privacy-Policy/raw/www.eff.org/sites/all/modules/lightbox2/images/prev.gif' saved [307/307]

--2011-12-02 15:00:15--  https://www.eff.org/sites/all/modules/lightbox2/images/next.gif
Reusing existing connection to www.eff.org:443.
HTTP request sent, awaiting response... 200 OK
Length: 305 [image/gif]
Saving to: `../crawls/www.eff.org/Privacy-Policy/raw/www.eff.org/sites/all/modules/lightbox2/images/next.gif'

     0K                                                       100%  149K=0s

2011-12-02 15:00:15 (149 KB/s) - `../crawls/www.eff.org/Privacy-Policy/raw/www.eff.org/sites/all/modules/lightbox2/images/next.gif' saved [305/305]

--2011-12-02 15:00:15--  https://www.eff.org/sites/all/modules/lightbox2/images/prev_hover.gif
Reusing existing connection to www.eff.org:443.
HTTP request sent, awaiting response... 200 OK
Length: 277 [image/gif]
Saving to: `../crawls/www.eff.org/Privacy-Policy/raw/www.eff.org/sites/all/modules/lightbox2/images/prev_hover.gif'

     0K                                                       100%  135K=0s

2011-12-02 15:00:15 (135 KB/s) - `../crawls/www.eff.org/Privacy-Policy/raw/www.eff.org/sites/all/modules/lightbox2/images/prev_hover.gif' saved [277/277]

--2011-12-02 15:00:15--  https://www.eff.org/sites/all/modules/lightbox2/images/next_hover.gif
Reusing existing connection to www.eff.org:443.
HTTP request sent, awaiting response... 200 OK
Length: 322 [image/gif]
Saving to: `../crawls/www.eff.org/Privacy-Policy/raw/www.eff.org/sites/all/modules/lightbox2/images/next_hover.gif'

     0K                                                       100%  157K=0s

2011-12-02 15:00:15 (157 KB/s) - `../crawls/www.eff.org/Privacy-Policy/raw/www.eff.org/sites/all/modules/lightbox2/images/next_hover.gif' saved [322/322]

--2011-12-02 15:00:15--  https://www.eff.org/sites/all/modules/lightbox2/images/overlay.png
Reusing existing connection to www.eff.org:443.
HTTP request sent, awaiting response... 200 OK
Length: 279 [image/png]
Saving to: `../crawls/www.eff.org/Privacy-Policy/raw/www.eff.org/sites/all/modules/lightbox2/images/overlay.png'

     0K                                                       100%  136K=0s

2011-12-02 15:00:15 (136 KB/s) - `../crawls/www.eff.org/Privacy-Policy/raw/www.eff.org/sites/all/modules/lightbox2/images/overlay.png' saved [279/279]

--2011-12-02 15:00:15--  https://www.eff.org/sites/all/modules/lightbox2/images/close.gif
Reusing existing connection to www.eff.org:443.
HTTP request sent, awaiting response... 200 OK
Length: 388 [image/gif]
Saving to: `../crawls/www.eff.org/Privacy-Policy/raw/www.eff.org/sites/all/modules/lightbox2/images/close.gif'

     0K                                                       100%  189K=0s

2011-12-02 15:00:15 (189 KB/s) - `../crawls/www.eff.org/Privacy-Policy/raw/www.eff.org/sites/all/modules/lightbox2/images/close.gif' saved [388/388]

--2011-12-02 15:00:15--  https://www.eff.org/sites/all/modules/lightbox2/images/loading.gif
Reusing existing connection to www.eff.org:443.
HTTP request sent, awaiting response... 200 OK
Length: 2767 (2.7K) [image/gif]
Saving to: `../crawls/www.eff.org/Privacy-Policy/raw/www.eff.org/sites/all/modules/lightbox2/images/loading.gif'

     0K ..                                                    100% 1.32M=0s

2011-12-02 15:00:15 (1.32 MB/s) - `../crawls/www.eff.org/Privacy-Policy/raw/www.eff.org/sites/all/modules/lightbox2/images/loading.gif' saved [2767/2767]

--2011-12-02 15:00:15--  https://www.eff.org/sites/all/modules/lightbox2/images/expand.gif
Reusing existing connection to www.eff.org:443.
HTTP request sent, awaiting response... 200 OK
Length: 209 [image/gif]
Saving to: `../crawls/www.eff.org/Privacy-Policy/raw/www.eff.org/sites/all/modules/lightbox2/images/expand.gif'

     0K                                                       100%  102K=0s

2011-12-02 15:00:15 (102 KB/s) - `../crawls/www.eff.org/Privacy-Policy/raw/www.eff.org/sites/all/modules/lightbox2/images/expand.gif' saved [209/209]

--2011-12-02 15:00:15--  https://www.eff.org/sites/all/modules/lightbox2/images/contract.gif
Reusing existing connection to www.eff.org:443.
HTTP request sent, awaiting response... 200 OK
Length: 213 [image/gif]
Saving to: `../crawls/www.eff.org/Privacy-Policy/raw/www.eff.org/sites/all/modules/lightbox2/images/contract.gif'

     0K                                                       100%  104K=0s

2011-12-02 15:00:15 (104 KB/s) - `../crawls/www.eff.org/Privacy-Policy/raw/www.eff.org/sites/all/modules/lightbox2/images/contract.gif' saved [213/213]

--2011-12-02 15:00:15--  https://www.eff.org/sites/all/modules/lightbox2/images/play.png
Reusing existing connection to www.eff.org:443.
HTTP request sent, awaiting response... 200 OK
Length: 645 [image/png]
Saving to: `../crawls/www.eff.org/Privacy-Policy/raw/www.eff.org/sites/all/modules/lightbox2/images/play.png'

     0K                                                       100%  315K=0s

2011-12-02 15:00:15 (315 KB/s) - `../crawls/www.eff.org/Privacy-Policy/raw/www.eff.org/sites/all/modules/lightbox2/images/play.png' saved [645/645]

--2011-12-02 15:00:15--  https://www.eff.org/sites/all/modules/lightbox2/images/pause.png
Reusing existing connection to www.eff.org:443.
HTTP request sent, awaiting response... 200 OK
Length: 364 [image/png]
Saving to: `../crawls/www.eff.org/Privacy-Policy/raw/www.eff.org/sites/all/modules/lightbox2/images/pause.png'

     0K                                                       100%  178K=0s

2011-12-02 15:00:15 (178 KB/s) - `../crawls/www.eff.org/Privacy-Policy/raw/www.eff.org/sites/all/modules/lightbox2/images/pause.png' saved [364/364]

--2011-12-02 15:00:15--  https://www.eff.org/sites/misc/menu-collapsed.png
Reusing existing connection to www.eff.org:443.
HTTP request sent, awaiting response... 404 Not Found
2011-12-02 15:00:15 ERROR 404: Not Found.

--2011-12-02 15:00:15--  https://www.eff.org/sites/misc/menu-expanded.png
Connecting to www.eff.org (www.eff.org)|69.50.232.54|:443... connected.
HTTP request sent, awaiting response... 404 Not Found
2011-12-02 15:00:15 ERROR 404: Not Found.

--2011-12-02 15:00:15--  https://www.eff.org/sites/all/themes/frontier/css/DINWeb-CondBold.eot
Connecting to www.eff.org (www.eff.org)|69.50.232.54|:443... connected.
HTTP request sent, awaiting response... 200 OK
Length: 59460 (58K) [text/plain]
Saving to: `../crawls/www.eff.org/Privacy-Policy/raw/www.eff.org/sites/all/themes/frontier/css/DINWeb-CondBold.eot'

     0K .......... .......... .......... .......... .......... 86% 4.07M 0s
    50K ........                                              100% 3.94M=0.01s

2011-12-02 15:00:15 (4.72 MB/s) - `../crawls/www.eff.org/Privacy-Policy/raw/www.eff.org/sites/all/themes/frontier/css/DINWeb-CondBold.eot' saved [59460/59460]

--2011-12-02 15:00:15--  https://www.eff.org/sites/all/themes/frontier/css/DINWeb-CondBold.woff
Reusing existing connection to www.eff.org:443.
HTTP request sent, awaiting response... 200 OK
Length: 29532 (29K) [text/plain]
Saving to: `../crawls/www.eff.org/Privacy-Policy/raw/www.eff.org/sites/all/themes/frontier/css/DINWeb-CondBold.woff'

     0K .......... .......... ........                        100% 7.04M=0.004s

2011-12-02 15:00:15 (7.04 MB/s) - `../crawls/www.eff.org/Privacy-Policy/raw/www.eff.org/sites/all/themes/frontier/css/DINWeb-CondBold.woff' saved [29532/29532]

--2011-12-02 15:00:15--  https://www.eff.org/sites/all/themes/frontier/images/header.gif
Reusing existing connection to www.eff.org:443.
HTTP request sent, awaiting response... 200 OK
Length: 1178 (1.2K) [image/gif]
Saving to: `../crawls/www.eff.org/Privacy-Policy/raw/www.eff.org/sites/all/themes/frontier/images/header.gif'

     0K .                                                     100%  575K=0s

2011-12-02 15:00:15 (575 KB/s) - `../crawls/www.eff.org/Privacy-Policy/raw/www.eff.org/sites/all/themes/frontier/images/header.gif' saved [1178/1178]

--2011-12-02 15:00:15--  https://www.eff.org/sites/all/themes/frontier/images/EFF.png
Reusing existing connection to www.eff.org:443.
HTTP request sent, awaiting response... 200 OK
Length: 3564 (3.5K) [image/png]
Saving to: `../crawls/www.eff.org/Privacy-Policy/raw/www.eff.org/sites/all/themes/frontier/images/EFF.png'

     0K ...                                                   100% 1.70M=0s

2011-12-02 15:00:15 (1.70 MB/s) - `../crawls/www.eff.org/Privacy-Policy/raw/www.eff.org/sites/all/themes/frontier/images/EFF.png' saved [3564/3564]

--2011-12-02 15:00:15--  https://www.eff.org/sites/all/themes/frontier/images/nav-home.png
Reusing existing connection to www.eff.org:443.
HTTP request sent, awaiting response... 200 OK
Length: 472 [image/png]
Saving to: `../crawls/www.eff.org/Privacy-Policy/raw/www.eff.org/sites/all/themes/frontier/images/nav-home.png'

     0K                                                       100%  230K=0s

2011-12-02 15:00:15 (230 KB/s) - `../crawls/www.eff.org/Privacy-Policy/raw/www.eff.org/sites/all/themes/frontier/images/nav-home.png' saved [472/472]

--2011-12-02 15:00:15--  https://www.eff.org/sites/all/themes/frontier/images/nav-about.png
Reusing existing connection to www.eff.org:443.
HTTP request sent, awaiting response... 200 OK
Length: 541 [image/png]
Saving to: `../crawls/www.eff.org/Privacy-Policy/raw/www.eff.org/sites/all/themes/frontier/images/nav-about.png'

     0K                                                       100%  264K=0s

2011-12-02 15:00:15 (264 KB/s) - `../crawls/www.eff.org/Privacy-Policy/raw/www.eff.org/sites/all/themes/frontier/images/nav-about.png' saved [541/541]

--2011-12-02 15:00:15--  https://www.eff.org/sites/all/themes/frontier/images/nav-our-work.png
Reusing existing connection to www.eff.org:443.
HTTP request sent, awaiting response... 200 OK
Length: 688 [image/png]
Saving to: `../crawls/www.eff.org/Privacy-Policy/raw/www.eff.org/sites/all/themes/frontier/images/nav-our-work.png'

     0K                                                       100%  336K=0s

2011-12-02 15:00:15 (336 KB/s) - `../crawls/www.eff.org/Privacy-Policy/raw/www.eff.org/sites/all/themes/frontier/images/nav-our-work.png' saved [688/688]

--2011-12-02 15:00:15--  https://www.eff.org/sites/all/themes/frontier/images/nav-deeplinks-blog.png
Reusing existing connection to www.eff.org:443.
HTTP request sent, awaiting response... 200 OK
Length: 823 [image/png]
Saving to: `../crawls/www.eff.org/Privacy-Policy/raw/www.eff.org/sites/all/themes/frontier/images/nav-deeplinks-blog.png'

     0K                                                       100%  402K=0s

2011-12-02 15:00:15 (402 KB/s) - `../crawls/www.eff.org/Privacy-Policy/raw/www.eff.org/sites/all/themes/frontier/images/nav-deeplinks-blog.png' saved [823/823]

--2011-12-02 15:00:15--  https://www.eff.org/sites/all/themes/frontier/images/nav-press-room.png
Reusing existing connection to www.eff.org:443.
HTTP request sent, awaiting response... 200 OK
Length: 786 [image/png]
Saving to: `../crawls/www.eff.org/Privacy-Policy/raw/www.eff.org/sites/all/themes/frontier/images/nav-press-room.png'

     0K                                                       100%  384K=0s

2011-12-02 15:00:15 (384 KB/s) - `../crawls/www.eff.org/Privacy-Policy/raw/www.eff.org/sites/all/themes/frontier/images/nav-press-room.png' saved [786/786]

--2011-12-02 15:00:15--  https://www.eff.org/sites/all/themes/frontier/images/nav-take-action.png
Reusing existing connection to www.eff.org:443.
HTTP request sent, awaiting response... 200 OK
Length: 748 [image/png]
Saving to: `../crawls/www.eff.org/Privacy-Policy/raw/www.eff.org/sites/all/themes/frontier/images/nav-take-action.png'

     0K                                                       100%  365K=0s

2011-12-02 15:00:15 (365 KB/s) - `../crawls/www.eff.org/Privacy-Policy/raw/www.eff.org/sites/all/themes/frontier/images/nav-take-action.png' saved [748/748]

--2011-12-02 15:00:15--  https://www.eff.org/sites/all/themes/frontier/images/nav-shop.png
Reusing existing connection to www.eff.org:443.
HTTP request sent, awaiting response... 200 OK
Length: 496 [image/png]
Saving to: `../crawls/www.eff.org/Privacy-Policy/raw/www.eff.org/sites/all/themes/frontier/images/nav-shop.png'

     0K                                                       100%  242K=0s

2011-12-02 15:00:15 (242 KB/s) - `../crawls/www.eff.org/Privacy-Policy/raw/www.eff.org/sites/all/themes/frontier/images/nav-shop.png' saved [496/496]

--2011-12-02 15:00:15--  https://www.eff.org/sites/all/themes/frontier/images/button-donate.png
Reusing existing connection to www.eff.org:443.
HTTP request sent, awaiting response... 200 OK
Length: 2359 (2.3K) [image/png]
Saving to: `../crawls/www.eff.org/Privacy-Policy/raw/www.eff.org/sites/all/themes/frontier/images/button-donate.png'

     0K ..                                                    100%  576K=0.004s

2011-12-02 15:00:15 (576 KB/s) - `../crawls/www.eff.org/Privacy-Policy/raw/www.eff.org/sites/all/themes/frontier/images/button-donate.png' saved [2359/2359]

--2011-12-02 15:00:15--  https://www.eff.org/sites/all/themes/frontier/images/button-buy.png
Reusing existing connection to www.eff.org:443.
HTTP request sent, awaiting response... 200 OK
Length: 2096 (2.0K) [image/png]
Saving to: `../crawls/www.eff.org/Privacy-Policy/raw/www.eff.org/sites/all/themes/frontier/images/button-buy.png'

     0K ..                                                    100%  512K=0.004s

2011-12-02 15:00:15 (512 KB/s) - `../crawls/www.eff.org/Privacy-Policy/raw/www.eff.org/sites/all/themes/frontier/images/button-buy.png' saved [2096/2096]

--2011-12-02 15:00:15--  https://www.eff.org/sites/all/themes/frontier/images/icon_doc_view.png
Reusing existing connection to www.eff.org:443.
HTTP request sent, awaiting response... 200 OK
Length: 1516 (1.5K) [image/png]
Saving to: `../crawls/www.eff.org/Privacy-Policy/raw/www.eff.org/sites/all/themes/frontier/images/icon_doc_view.png'

     0K .                                                     100%  740K=0s

2011-12-02 15:00:15 (740 KB/s) - `../crawls/www.eff.org/Privacy-Policy/raw/www.eff.org/sites/all/themes/frontier/images/icon_doc_view.png' saved [1516/1516]

--2011-12-02 15:00:15--  https://www.eff.org/sites/all/themes/frontier/images/icon_doc_download.png
Reusing existing connection to www.eff.org:443.
HTTP request sent, awaiting response... 200 OK
Length: 372 [image/png]
Saving to: `../crawls/www.eff.org/Privacy-Policy/raw/www.eff.org/sites/all/themes/frontier/images/icon_doc_download.png'

     0K                                                       100%  182K=0s

2011-12-02 15:00:15 (182 KB/s) - `../crawls/www.eff.org/Privacy-Policy/raw/www.eff.org/sites/all/themes/frontier/images/icon_doc_download.png' saved [372/372]

--2011-12-02 15:00:15--  https://www.eff.org/sites/all/themes/frontier/images/eff_homepage_sprite.png
Reusing existing connection to www.eff.org:443.
HTTP request sent, awaiting response... 200 OK
Length: 13952 (14K) [image/png]
Saving to: `../crawls/www.eff.org/Privacy-Policy/raw/www.eff.org/sites/all/themes/frontier/images/eff_homepage_sprite.png'

     0K .......... ...                                        100% 3.33M=0.004s

2011-12-02 15:00:15 (3.33 MB/s) - `../crawls/www.eff.org/Privacy-Policy/raw/www.eff.org/sites/all/themes/frontier/images/eff_homepage_sprite.png' saved [13952/13952]

--2011-12-02 15:00:15--  https://www.eff.org/sites/all/themes/frontier/images/banners/legal_guide_banner.png
Reusing existing connection to www.eff.org:443.
HTTP request sent, awaiting response... 200 OK
Length: 2695 (2.6K) [image/png]
Saving to: `../crawls/www.eff.org/Privacy-Policy/raw/www.eff.org/sites/all/themes/frontier/images/banners/legal_guide_banner.png'

     0K ..                                                    100%  658K=0.004s

2011-12-02 15:00:15 (658 KB/s) - `../crawls/www.eff.org/Privacy-Policy/raw/www.eff.org/sites/all/themes/frontier/images/banners/legal_guide_banner.png' saved [2695/2695]

--2011-12-02 15:00:15--  https://www.eff.org/sites/all/themes/frontier/images/icons/freespeech.png
Reusing existing connection to www.eff.org:443.
HTTP request sent, awaiting response... 200 OK
Length: 10340 (10K) [image/png]
Saving to: `../crawls/www.eff.org/Privacy-Policy/raw/www.eff.org/sites/all/themes/frontier/images/icons/freespeech.png'

     0K ..........                                            100% 2.46M=0.004s

2011-12-02 15:00:15 (2.46 MB/s) - `../crawls/www.eff.org/Privacy-Policy/raw/www.eff.org/sites/all/themes/frontier/images/icons/freespeech.png' saved [10340/10340]

--2011-12-02 15:00:15--  https://www.eff.org/sites/all/themes/frontier/images/icons/ip.png
Reusing existing connection to www.eff.org:443.
HTTP request sent, awaiting response... 200 OK
Length: 11319 (11K) [image/png]
Saving to: `../crawls/www.eff.org/Privacy-Policy/raw/www.eff.org/sites/all/themes/frontier/images/icons/ip.png'

     0K .......... .                                          100% 1.35M=0.008s

2011-12-02 15:00:15 (1.35 MB/s) - `../crawls/www.eff.org/Privacy-Policy/raw/www.eff.org/sites/all/themes/frontier/images/icons/ip.png' saved [11319/11319]

--2011-12-02 15:00:15--  https://www.eff.org/sites/all/themes/frontier/images/icons/innovation.png
Reusing existing connection to www.eff.org:443.
HTTP request sent, awaiting response... 200 OK
Length: 10771 (11K) [image/png]
Saving to: `../crawls/www.eff.org/Privacy-Policy/raw/www.eff.org/sites/all/themes/frontier/images/icons/innovation.png'

     0K ..........                                            100% 2.57M=0.004s

2011-12-02 15:00:15 (2.57 MB/s) - `../crawls/www.eff.org/Privacy-Policy/raw/www.eff.org/sites/all/themes/frontier/images/icons/innovation.png' saved [10771/10771]

--2011-12-02 15:00:15--  https://www.eff.org/sites/all/themes/frontier/images/icons/privacy.png
Reusing existing connection to www.eff.org:443.
HTTP request sent, awaiting response... 200 OK
Length: 9255 (9.0K) [image/png]
Saving to: `../crawls/www.eff.org/Privacy-Policy/raw/www.eff.org/sites/all/themes/frontier/images/icons/privacy.png'

     0K .........                                             100% 2.21M=0.004s

2011-12-02 15:00:16 (2.21 MB/s) - `../crawls/www.eff.org/Privacy-Policy/raw/www.eff.org/sites/all/themes/frontier/images/icons/privacy.png' saved [9255/9255]

--2011-12-02 15:00:16--  https://www.eff.org/sites/all/themes/frontier/images/icons/intl.png
Reusing existing connection to www.eff.org:443.
HTTP request sent, awaiting response... 200 OK
Length: 12710 (12K) [image/png]
Saving to: `../crawls/www.eff.org/Privacy-Policy/raw/www.eff.org/sites/all/themes/frontier/images/icons/intl.png'

     0K .......... ..                                         100% 3.03M=0.004s

2011-12-02 15:00:16 (3.03 MB/s) - `../crawls/www.eff.org/Privacy-Policy/raw/www.eff.org/sites/all/themes/frontier/images/icons/intl.png' saved [12710/12710]

--2011-12-02 15:00:16--  https://www.eff.org/sites/all/themes/frontier/images/icons/transparency.png
Reusing existing connection to www.eff.org:443.
HTTP request sent, awaiting response... 200 OK
Length: 9919 (9.7K) [image/png]
Saving to: `../crawls/www.eff.org/Privacy-Policy/raw/www.eff.org/sites/all/themes/frontier/images/icons/transparency.png'

     0K .........                                             100% 1.18M=0.008s

2011-12-02 15:00:16 (1.18 MB/s) - `../crawls/www.eff.org/Privacy-Policy/raw/www.eff.org/sites/all/themes/frontier/images/icons/transparency.png' saved [9919/9919]

--2011-12-02 15:00:16--  https://www.eff.org/sites/all/themes/frontier/css/images/tor_bullet.png
Reusing existing connection to www.eff.org:443.
HTTP request sent, awaiting response... 404 Not Found
2011-12-02 15:00:16 ERROR 404: Not Found.

--2011-12-02 15:00:16--  https://www.eff.org/sites/all/themes/frontier/images/hos_wreath_sm.gif
Connecting to www.eff.org (www.eff.org)|69.50.232.54|:443... connected.
HTTP request sent, awaiting response... 200 OK
Length: 5003 (4.9K) [image/gif]
Saving to: `../crawls/www.eff.org/Privacy-Policy/raw/www.eff.org/sites/all/themes/frontier/images/hos_wreath_sm.gif'

     0K ....                                                  100% 2.39M=0s

2011-12-02 15:00:16 (2.39 MB/s) - `../crawls/www.eff.org/Privacy-Policy/raw/www.eff.org/sites/all/themes/frontier/images/hos_wreath_sm.gif' saved [5003/5003]

FINISHED --2011-12-02 15:00:16--
Total wall clock time: 2.1s
Downloaded: 68 files, 513K in 0.1s (3.48 MB/s)
Converting ../crawls/www.eff.org/Privacy-Policy/raw/www.eff.org/policy.html... 19-22
Converting ../crawls/www.eff.org/Privacy-Policy/raw/www.eff.org/sites/all/themes/frontier/js/t.html... nothing to do.
Converting ../crawls/www.eff.org/Privacy-Policy/raw/www.eff.org/sites/default/files/css/css_5XB5aQOGzDUVxnwtHDXg0AJDjmjZbe2Sh1K2BEkR5cM.css... 17-0
Converting ../crawls/www.eff.org/Privacy-Policy/raw/www.eff.org/sites/default/files/css/css_KFeM0kDNWNzNyLPwebVXXSY_YHcRM3yZsqDH5oWxOSc.css... 33-0
Converting ../crawls/www.eff.org/Privacy-Policy/raw/www.eff.org/sites/default/files/css/css_uLH0yT02G7t9d_Br__idbvurT0rUkdrrOkCQb0ZZrgM.css... 34-3
Converting ../crawls/www.eff.org/Privacy-Policy/raw/www.eff.org/sites/default/files/css/css_xpQgVIM_I_IJc6b7ZbUZzHZRPTfSvNSnsd7Ec2ADc7g.css... nothing to do.
Converting ../crawls/www.eff.org/Privacy-Policy/raw/www.eff.org/sites/default/files/css/css_r7mP1rcWJQ63n8Fdr5p_bAp2cVsr4IDoQbtzGzliANo.css... nothing to do.
Converted 7 files in 0.004 seconds.
