--2011-12-02 15:00:36--  http://www.apple.com/legal/itunes/us/terms.html
Resolving www.apple.com (www.apple.com)... 96.6.221.15
Connecting to www.apple.com (www.apple.com)|96.6.221.15|:80... connected.
HTTP request sent, awaiting response... 200 OK
Length: unspecified [text/html]
Saving to: `../crawls/apple.com/iTunes-Terms-of-Service/raw/www.apple.com/legal/itunes/us/terms.html'

     0K .......... .......... .......... .......... .......... 4.07M
    50K .......... .......... .......... .......... .......... 12.2M
   100K .......... .....                                       3.74M=0.02s

2011-12-02 15:00:36 (5.63 MB/s) - `../crawls/apple.com/iTunes-Terms-of-Service/raw/www.apple.com/legal/itunes/us/terms.html' saved [118087]

--2011-12-02 15:00:36--  http://images.apple.com/global/nav/styles/navigation.css
Resolving images.apple.com (images.apple.com)... 216.156.213.178, 216.156.213.184
Connecting to images.apple.com (images.apple.com)|216.156.213.178|:80... connected.
HTTP request sent, awaiting response... 200 OK
Length: 10544 (10K) [text/css]
Saving to: `../crawls/apple.com/iTunes-Terms-of-Service/raw/images.apple.com/global/nav/styles/navigation.css'

     0K ..........                                            100% 2.51M=0.004s

2011-12-02 15:00:36 (2.51 MB/s) - `../crawls/apple.com/iTunes-Terms-of-Service/raw/images.apple.com/global/nav/styles/navigation.css' saved [10544/10544]

--2011-12-02 15:00:36--  http://images.apple.com/global/scripts/lib/prototype.js
Reusing existing connection to images.apple.com:80.
HTTP request sent, awaiting response... 200 OK
Length: unspecified [application/x-javascript]
Saving to: `../crawls/apple.com/iTunes-Terms-of-Service/raw/images.apple.com/global/scripts/lib/prototype.js'

     0K .......... .......... .......... .......... .......... 4.07M
    50K .......... .......... .......... .......... .......... 6.10M
   100K .......... .......... .......... .......... .......... 12.2M
   150K .........                                              4.63M=0.02s

2011-12-02 15:00:36 (6.49 MB/s) - `../crawls/apple.com/iTunes-Terms-of-Service/raw/images.apple.com/global/scripts/lib/prototype.js' saved [163313]

--2011-12-02 15:00:36--  http://images.apple.com/global/scripts/lib/scriptaculous.js
Reusing existing connection to images.apple.com:80.
HTTP request sent, awaiting response... 200 OK
Length: unspecified [application/x-javascript]
Saving to: `../crawls/apple.com/iTunes-Terms-of-Service/raw/images.apple.com/global/scripts/lib/scriptaculous.js'

     0K .......... .......... .......... .......... .......... 12.2M
    50K .......... .......... .......... .......... .......... 12.2M
   100K .......... .....                                       7.72M=0.008s

2011-12-02 15:00:36 (14.1 MB/s) - `../crawls/apple.com/iTunes-Terms-of-Service/raw/images.apple.com/global/scripts/lib/scriptaculous.js' saved [118598]

--2011-12-02 15:00:36--  http://images.apple.com/global/scripts/browserdetect.js
Reusing existing connection to images.apple.com:80.
HTTP request sent, awaiting response... 200 OK
Length: 9725 (9.5K) [application/x-javascript]
Saving to: `../crawls/apple.com/iTunes-Terms-of-Service/raw/images.apple.com/global/scripts/browserdetect.js'

     0K .........                                             100% 4.64M=0s

2011-12-02 15:00:36 (4.64 MB/s) - `../crawls/apple.com/iTunes-Terms-of-Service/raw/images.apple.com/global/scripts/browserdetect.js' saved [9725/9725]

--2011-12-02 15:00:36--  http://images.apple.com/global/scripts/apple_core.js
Reusing existing connection to images.apple.com:80.
HTTP request sent, awaiting response... 200 OK
Length: 23221 (23K) [application/x-javascript]
Saving to: `../crawls/apple.com/iTunes-Terms-of-Service/raw/images.apple.com/global/scripts/apple_core.js'

     0K .......... .......... ..                              100% 11.1M=0s

2011-12-02 15:00:36 (11.1 MB/s) - `../crawls/apple.com/iTunes-Terms-of-Service/raw/images.apple.com/global/scripts/apple_core.js' saved [23221/23221]

--2011-12-02 15:00:36--  http://images.apple.com/global/scripts/search_decorator.js
Reusing existing connection to images.apple.com:80.
HTTP request sent, awaiting response... 200 OK
Length: 560 [application/x-javascript]
Saving to: `../crawls/apple.com/iTunes-Terms-of-Service/raw/images.apple.com/global/scripts/search_decorator.js'

     0K                                                       100%  273K=0s

2011-12-02 15:00:36 (273 KB/s) - `../crawls/apple.com/iTunes-Terms-of-Service/raw/images.apple.com/global/scripts/search_decorator.js' saved [560/560]

--2011-12-02 15:00:36--  http://images.apple.com/global/styles/base.css
Reusing existing connection to images.apple.com:80.
HTTP request sent, awaiting response... 200 OK
Length: unspecified [text/css]
Saving to: `../crawls/apple.com/iTunes-Terms-of-Service/raw/images.apple.com/global/styles/base.css'

     0K .......... .......... .......... ..                    7.89M=0.004s

2011-12-02 15:00:36 (7.89 MB/s) - `../crawls/apple.com/iTunes-Terms-of-Service/raw/images.apple.com/global/styles/base.css' saved [33081]

--2011-12-02 15:00:36--  http://images.apple.com/legal/legal.css
Reusing existing connection to images.apple.com:80.
HTTP request sent, awaiting response... 200 OK
Length: 5038 (4.9K) [text/css]
Saving to: `../crawls/apple.com/iTunes-Terms-of-Service/raw/images.apple.com/legal/legal.css'

     0K ....                                                  100% 2.40M=0s

2011-12-02 15:00:36 (2.40 MB/s) - `../crawls/apple.com/iTunes-Terms-of-Service/raw/images.apple.com/legal/legal.css' saved [5038/5038]

--2011-12-02 15:00:36--  http://images.apple.com/global/nav/scripts/globalnav.js
Reusing existing connection to images.apple.com:80.
HTTP request sent, awaiting response... 200 OK
Length: 28271 (28K) [application/x-javascript]
Saving to: `../crawls/apple.com/iTunes-Terms-of-Service/raw/images.apple.com/global/nav/scripts/globalnav.js'

     0K .......... .......... .......                         100% 6.74M=0.004s

2011-12-02 15:00:36 (6.74 MB/s) - `../crawls/apple.com/iTunes-Terms-of-Service/raw/images.apple.com/global/nav/scripts/globalnav.js' saved [28271/28271]

--2011-12-02 15:00:36--  http://images.apple.com/metrics/scripts/s_code_h.js
Reusing existing connection to images.apple.com:80.
HTTP request sent, awaiting response... 200 OK
Length: unspecified [application/x-javascript]
Saving to: `../crawls/apple.com/iTunes-Terms-of-Service/raw/images.apple.com/metrics/scripts/s_code_h.js'

     0K .......... .......... .......... .......... .......... 6.10M
    50K .........                                              4.75M=0.008s

2011-12-02 15:00:36 (7.29 MB/s) - `../crawls/apple.com/iTunes-Terms-of-Service/raw/images.apple.com/metrics/scripts/s_code_h.js' saved [61171]

--2011-12-02 15:00:36--  http://images.apple.com/global/elements/flags/22x22/usa.png
Reusing existing connection to images.apple.com:80.
HTTP request sent, awaiting response... 200 OK
Length: 1434 (1.4K) [image/png]
Saving to: `../crawls/apple.com/iTunes-Terms-of-Service/raw/images.apple.com/global/elements/flags/22x22/usa.png'

     0K .                                                     100%  700K=0s

2011-12-02 15:00:36 (700 KB/s) - `../crawls/apple.com/iTunes-Terms-of-Service/raw/images.apple.com/global/elements/flags/22x22/usa.png' saved [1434/1434]

--2011-12-02 15:00:36--  http://images.apple.com/global/nav/images/globalheader.png
Reusing existing connection to images.apple.com:80.
HTTP request sent, awaiting response... 200 OK
Length: 206 [image/png]
Saving to: `../crawls/apple.com/iTunes-Terms-of-Service/raw/images.apple.com/global/nav/images/globalheader.png'

     0K                                                       100%  101K=0s

2011-12-02 15:00:36 (101 KB/s) - `../crawls/apple.com/iTunes-Terms-of-Service/raw/images.apple.com/global/nav/images/globalheader.png' saved [206/206]

--2011-12-02 15:00:36--  http://images.apple.com/global/nav/images/globalnav.png
Reusing existing connection to images.apple.com:80.
HTTP request sent, awaiting response... 200 OK
Length: 3043 (3.0K) [image/png]
Saving to: `../crawls/apple.com/iTunes-Terms-of-Service/raw/images.apple.com/global/nav/images/globalnav.png'

     0K ..                                                    100% 1.45M=0s

2011-12-02 15:00:36 (1.45 MB/s) - `../crawls/apple.com/iTunes-Terms-of-Service/raw/images.apple.com/global/nav/images/globalnav.png' saved [3043/3043]

--2011-12-02 15:00:36--  http://images.apple.com/global/nav/images/globalnav_tabs6-nosearch.png
Reusing existing connection to images.apple.com:80.
HTTP request sent, awaiting response... 200 OK
Length: 4610 (4.5K) [image/png]
Saving to: `../crawls/apple.com/iTunes-Terms-of-Service/raw/images.apple.com/global/nav/images/globalnav_tabs6-nosearch.png'

     0K ....                                                  100% 2.20M=0s

2011-12-02 15:00:36 (2.20 MB/s) - `../crawls/apple.com/iTunes-Terms-of-Service/raw/images.apple.com/global/nav/images/globalnav_tabs6-nosearch.png' saved [4610/4610]

--2011-12-02 15:00:36--  http://images.apple.com/global/nav/images/globalnav_tabs7-nosearch.png
Reusing existing connection to images.apple.com:80.
HTTP request sent, awaiting response... 200 OK
Length: 4153 (4.1K) [image/png]
Saving to: `../crawls/apple.com/iTunes-Terms-of-Service/raw/images.apple.com/global/nav/images/globalnav_tabs7-nosearch.png'

     0K ....                                                  100% 1.98M=0s

2011-12-02 15:00:36 (1.98 MB/s) - `../crawls/apple.com/iTunes-Terms-of-Service/raw/images.apple.com/global/nav/images/globalnav_tabs7-nosearch.png' saved [4153/4153]

--2011-12-02 15:00:36--  http://images.apple.com/global/nav/images/globalnav_nosearch.png
Reusing existing connection to images.apple.com:80.
HTTP request sent, awaiting response... 200 OK
Length: 4121 (4.0K) [image/png]
Saving to: `../crawls/apple.com/iTunes-Terms-of-Service/raw/images.apple.com/global/nav/images/globalnav_nosearch.png'

     0K ....                                                  100% 1.96M=0s

2011-12-02 15:00:36 (1.96 MB/s) - `../crawls/apple.com/iTunes-Terms-of-Service/raw/images.apple.com/global/nav/images/globalnav_nosearch.png' saved [4121/4121]

--2011-12-02 15:00:36--  http://images.apple.com/global/nav/images/globalnav_tabs7.png
Reusing existing connection to images.apple.com:80.
HTTP request sent, awaiting response... 200 OK
Length: 3190 (3.1K) [image/png]
Saving to: `../crawls/apple.com/iTunes-Terms-of-Service/raw/images.apple.com/global/nav/images/globalnav_tabs7.png'

     0K ...                                                   100% 1.52M=0s

2011-12-02 15:00:36 (1.52 MB/s) - `../crawls/apple.com/iTunes-Terms-of-Service/raw/images.apple.com/global/nav/images/globalnav_tabs7.png' saved [3190/3190]

--2011-12-02 15:00:36--  http://images.apple.com/global/nav/images/globalnav_text.png
Reusing existing connection to images.apple.com:80.
HTTP request sent, awaiting response... 200 OK
Length: 7455 (7.3K) [image/png]
Saving to: `../crawls/apple.com/iTunes-Terms-of-Service/raw/images.apple.com/global/nav/images/globalnav_text.png'

     0K .......                                               100% 1.78M=0.004s

2011-12-02 15:00:36 (1.78 MB/s) - `../crawls/apple.com/iTunes-Terms-of-Service/raw/images.apple.com/global/nav/images/globalnav_text.png' saved [7455/7455]

--2011-12-02 15:00:36--  http://images.apple.com/global/nav/images/globalnav_text.gif
Reusing existing connection to images.apple.com:80.
HTTP request sent, awaiting response... 200 OK
Length: 2643 (2.6K) [image/gif]
Saving to: `../crawls/apple.com/iTunes-Terms-of-Service/raw/images.apple.com/global/nav/images/globalnav_text.gif'

     0K ..                                                    100% 1.26M=0s

2011-12-02 15:00:36 (1.26 MB/s) - `../crawls/apple.com/iTunes-Terms-of-Service/raw/images.apple.com/global/nav/images/globalnav_text.gif' saved [2643/2643]

--2011-12-02 15:00:36--  http://images.apple.com/global/nav/images/globalnav_text.svg
Reusing existing connection to images.apple.com:80.
HTTP request sent, awaiting response... 200 OK
Length: 54875 (54K) [image/svg+xml]
Saving to: `../crawls/apple.com/iTunes-Terms-of-Service/raw/images.apple.com/global/nav/images/globalnav_text.svg'

     0K .......... .......... .......... .......... .......... 93% 6.10M 0s
    50K ...                                                   100% 1.75M=0.008s

2011-12-02 15:00:36 (6.54 MB/s) - `../crawls/apple.com/iTunes-Terms-of-Service/raw/images.apple.com/global/nav/images/globalnav_text.svg' saved [54875/54875]

--2011-12-02 15:00:36--  http://images.apple.com/global/nav/images/globalsearch_bg.png
Reusing existing connection to images.apple.com:80.
HTTP request sent, awaiting response... 200 OK
Length: 793 [image/png]
Saving to: `../crawls/apple.com/iTunes-Terms-of-Service/raw/images.apple.com/global/nav/images/globalsearch_bg.png'

     0K                                                       100%  387K=0s

2011-12-02 15:00:36 (387 KB/s) - `../crawls/apple.com/iTunes-Terms-of-Service/raw/images.apple.com/global/nav/images/globalsearch_bg.png' saved [793/793]

--2011-12-02 15:00:36--  http://images.apple.com/global/nav/images/globalsearch_field.png
Reusing existing connection to images.apple.com:80.
HTTP request sent, awaiting response... 200 OK
Length: 1224 (1.2K) [image/png]
Saving to: `../crawls/apple.com/iTunes-Terms-of-Service/raw/images.apple.com/global/nav/images/globalsearch_field.png'

     0K .                                                     100%  598K=0s

2011-12-02 15:00:36 (598 KB/s) - `../crawls/apple.com/iTunes-Terms-of-Service/raw/images.apple.com/global/nav/images/globalsearch_field.png' saved [1224/1224]

--2011-12-02 15:00:36--  http://images.apple.com/global/nav/images/globalsearch_reset.gif
Reusing existing connection to images.apple.com:80.
HTTP request sent, awaiting response... 200 OK
Length: 195 [image/gif]
Saving to: `../crawls/apple.com/iTunes-Terms-of-Service/raw/images.apple.com/global/nav/images/globalsearch_reset.gif'

     0K                                                       100% 95.2K=0s

2011-12-02 15:00:36 (95.2 KB/s) - `../crawls/apple.com/iTunes-Terms-of-Service/raw/images.apple.com/global/nav/images/globalsearch_reset.gif' saved [195/195]

--2011-12-02 15:00:36--  http://images.apple.com/global/nav/images/globalsearch_spinner.gif
Reusing existing connection to images.apple.com:80.
HTTP request sent, awaiting response... 200 OK
Length: 3965 (3.9K) [image/gif]
Saving to: `../crawls/apple.com/iTunes-Terms-of-Service/raw/images.apple.com/global/nav/images/globalsearch_spinner.gif'

     0K ...                                                   100%  968K=0.004s

2011-12-02 15:00:36 (968 KB/s) - `../crawls/apple.com/iTunes-Terms-of-Service/raw/images.apple.com/global/nav/images/globalsearch_spinner.gif' saved [3965/3965]

--2011-12-02 15:00:36--  http://images.apple.com/global/scripts/lib/iepngfix.htc
Reusing existing connection to images.apple.com:80.
HTTP request sent, awaiting response... 200 OK
Length: 2064 (2.0K) [text/x-component]
Saving to: `../crawls/apple.com/iTunes-Terms-of-Service/raw/images.apple.com/global/scripts/lib/iepngfix.htc'

     0K ..                                                    100% 1008K=0s

2011-12-02 15:00:36 (1008 KB/s) - `../crawls/apple.com/iTunes-Terms-of-Service/raw/images.apple.com/global/scripts/lib/iepngfix.htc' saved [2064/2064]

--2011-12-02 15:00:36--  http://images.apple.com/global/elements/arrows/morearrow_08c.gif
Reusing existing connection to images.apple.com:80.
HTTP request sent, awaiting response... 200 OK
Length: 49 [image/gif]
Saving to: `../crawls/apple.com/iTunes-Terms-of-Service/raw/images.apple.com/global/elements/arrows/morearrow_08c.gif'

     0K                                                       100% 12.0K=0.004s

2011-12-02 15:00:36 (12.0 KB/s) - `../crawls/apple.com/iTunes-Terms-of-Service/raw/images.apple.com/global/elements/arrows/morearrow_08c.gif' saved [49/49]

--2011-12-02 15:00:36--  http://images.apple.com/global/elements/icons/external10x10.gif
Reusing existing connection to images.apple.com:80.
HTTP request sent, awaiting response... 200 OK
Length: 63 [image/gif]
Saving to: `../crawls/apple.com/iTunes-Terms-of-Service/raw/images.apple.com/global/elements/icons/external10x10.gif'

     0K                                                       100% 30.8K=0s

2011-12-02 15:00:36 (30.8 KB/s) - `../crawls/apple.com/iTunes-Terms-of-Service/raw/images.apple.com/global/elements/icons/external10x10.gif' saved [63/63]

--2011-12-02 15:00:36--  http://images.apple.com/global/elements/icons/globaliconpdf12x12.gif
Reusing existing connection to images.apple.com:80.
HTTP request sent, awaiting response... 200 OK
Length: 211 [image/gif]
Saving to: `../crawls/apple.com/iTunes-Terms-of-Service/raw/images.apple.com/global/elements/icons/globaliconpdf12x12.gif'

     0K                                                       100%  103K=0s

2011-12-02 15:00:36 (103 KB/s) - `../crawls/apple.com/iTunes-Terms-of-Service/raw/images.apple.com/global/elements/icons/globaliconpdf12x12.gif' saved [211/211]

--2011-12-02 15:00:36--  http://images.apple.com/global/elements/icons/globaliconhtml12x12.gif
Reusing existing connection to images.apple.com:80.
HTTP request sent, awaiting response... 200 OK
Length: 967 [image/gif]
Saving to: `../crawls/apple.com/iTunes-Terms-of-Service/raw/images.apple.com/global/elements/icons/globaliconhtml12x12.gif'

     0K                                                       100%  472K=0s

2011-12-02 15:00:36 (472 KB/s) - `../crawls/apple.com/iTunes-Terms-of-Service/raw/images.apple.com/global/elements/icons/globaliconhtml12x12.gif' saved [967/967]

--2011-12-02 15:00:36--  http://images.apple.com/global/elements/icons/globaliconqt12x12.gif
Reusing existing connection to images.apple.com:80.
HTTP request sent, awaiting response... 200 OK
Length: 345 [image/gif]
Saving to: `../crawls/apple.com/iTunes-Terms-of-Service/raw/images.apple.com/global/elements/icons/globaliconqt12x12.gif'

     0K                                                       100%  168K=0s

2011-12-02 15:00:36 (168 KB/s) - `../crawls/apple.com/iTunes-Terms-of-Service/raw/images.apple.com/global/elements/icons/globaliconqt12x12.gif' saved [345/345]

--2011-12-02 15:00:36--  http://images.apple.com/global/elements/icons/globaliconical12x12.gif
Reusing existing connection to images.apple.com:80.
HTTP request sent, awaiting response... 200 OK
Length: 138 [image/gif]
Saving to: `../crawls/apple.com/iTunes-Terms-of-Service/raw/images.apple.com/global/elements/icons/globaliconical12x12.gif'

     0K                                                       100% 67.4K=0s

2011-12-02 15:00:36 (67.4 KB/s) - `../crawls/apple.com/iTunes-Terms-of-Service/raw/images.apple.com/global/elements/icons/globaliconical12x12.gif' saved [138/138]

--2011-12-02 15:00:36--  http://images.apple.com/global/elements/icons/globalicondl11x10.gif
Reusing existing connection to images.apple.com:80.
HTTP request sent, awaiting response... 200 OK
Length: 183 [image/gif]
Saving to: `../crawls/apple.com/iTunes-Terms-of-Service/raw/images.apple.com/global/elements/icons/globalicondl11x10.gif'

     0K                                                       100% 89.3K=0s

2011-12-02 15:00:36 (89.3 KB/s) - `../crawls/apple.com/iTunes-Terms-of-Service/raw/images.apple.com/global/elements/icons/globalicondl11x10.gif' saved [183/183]

--2011-12-02 15:00:36--  http://images.apple.com/global/elements/icons/globalicondmg12x12.gif
Reusing existing connection to images.apple.com:80.
HTTP request sent, awaiting response... 200 OK
Length: 532 [image/gif]
Saving to: `../crawls/apple.com/iTunes-Terms-of-Service/raw/images.apple.com/global/elements/icons/globalicondmg12x12.gif'

     0K                                                       100%  260K=0s

2011-12-02 15:00:36 (260 KB/s) - `../crawls/apple.com/iTunes-Terms-of-Service/raw/images.apple.com/global/elements/icons/globalicondmg12x12.gif' saved [532/532]

--2011-12-02 15:00:36--  http://images.apple.com/global/elements/icons/globaliconzip12x12.gif
Reusing existing connection to images.apple.com:80.
HTTP request sent, awaiting response... 200 OK
Length: 535 [image/gif]
Saving to: `../crawls/apple.com/iTunes-Terms-of-Service/raw/images.apple.com/global/elements/icons/globaliconzip12x12.gif'

     0K                                                       100%  261K=0s

2011-12-02 15:00:36 (261 KB/s) - `../crawls/apple.com/iTunes-Terms-of-Service/raw/images.apple.com/global/elements/icons/globaliconzip12x12.gif' saved [535/535]

--2011-12-02 15:00:36--  http://images.apple.com/global/elements/icons/globaliconkeynote12x12.gif
Reusing existing connection to images.apple.com:80.
HTTP request sent, awaiting response... 200 OK
Length: 331 [image/gif]
Saving to: `../crawls/apple.com/iTunes-Terms-of-Service/raw/images.apple.com/global/elements/icons/globaliconkeynote12x12.gif'

     0K                                                       100%  162K=0s

2011-12-02 15:00:36 (162 KB/s) - `../crawls/apple.com/iTunes-Terms-of-Service/raw/images.apple.com/global/elements/icons/globaliconkeynote12x12.gif' saved [331/331]

--2011-12-02 15:00:36--  http://images.apple.com/global/elements/icons/globaliconaudio12x12.gif
Reusing existing connection to images.apple.com:80.
HTTP request sent, awaiting response... 200 OK
Length: 540 [image/gif]
Saving to: `../crawls/apple.com/iTunes-Terms-of-Service/raw/images.apple.com/global/elements/icons/globaliconaudio12x12.gif'

     0K                                                       100%  264K=0s

2011-12-02 15:00:36 (264 KB/s) - `../crawls/apple.com/iTunes-Terms-of-Service/raw/images.apple.com/global/elements/icons/globaliconaudio12x12.gif' saved [540/540]

--2011-12-02 15:00:36--  http://images.apple.com/global/elements/breadory/breadcrumb_bg.png
Reusing existing connection to images.apple.com:80.
HTTP request sent, awaiting response... 200 OK
Length: 900 [image/png]
Saving to: `../crawls/apple.com/iTunes-Terms-of-Service/raw/images.apple.com/global/elements/breadory/breadcrumb_bg.png'

     0K                                                       100%  439K=0s

2011-12-02 15:00:36 (439 KB/s) - `../crawls/apple.com/iTunes-Terms-of-Service/raw/images.apple.com/global/elements/breadory/breadcrumb_bg.png' saved [900/900]

--2011-12-02 15:00:36--  http://images.apple.com/global/elements/breadory/breadcrumb_sep.png
Reusing existing connection to images.apple.com:80.
HTTP request sent, awaiting response... 200 OK
Length: 325 [image/png]
Saving to: `../crawls/apple.com/iTunes-Terms-of-Service/raw/images.apple.com/global/elements/breadory/breadcrumb_sep.png'

     0K                                                       100%  159K=0s

2011-12-02 15:00:36 (159 KB/s) - `../crawls/apple.com/iTunes-Terms-of-Service/raw/images.apple.com/global/elements/breadory/breadcrumb_sep.png' saved [325/325]

--2011-12-02 15:00:36--  http://images.apple.com/global/elements/breadory/breadcrumb_sep_20080909.png
Reusing existing connection to images.apple.com:80.
HTTP request sent, awaiting response... 200 OK
Length: 282 [image/png]
Saving to: `../crawls/apple.com/iTunes-Terms-of-Service/raw/images.apple.com/global/elements/breadory/breadcrumb_sep_20080909.png'

     0K                                                       100%  138K=0s

2011-12-02 15:00:36 (138 KB/s) - `../crawls/apple.com/iTunes-Terms-of-Service/raw/images.apple.com/global/elements/breadory/breadcrumb_sep_20080909.png' saved [282/282]

--2011-12-02 15:00:36--  http://images.apple.com/global/elements/breadory/directory_bg.png
Reusing existing connection to images.apple.com:80.
HTTP request sent, awaiting response... 200 OK
Length: 162 [image/png]
Saving to: `../crawls/apple.com/iTunes-Terms-of-Service/raw/images.apple.com/global/elements/breadory/directory_bg.png'

     0K                                                       100% 79.1K=0s

2011-12-02 15:00:36 (79.1 KB/s) - `../crawls/apple.com/iTunes-Terms-of-Service/raw/images.apple.com/global/elements/breadory/directory_bg.png' saved [162/162]

--2011-12-02 15:00:36--  http://images.apple.com/global/elements/breadory/directory_capbg.png
Reusing existing connection to images.apple.com:80.
HTTP request sent, awaiting response... 200 OK
Length: 265 [image/png]
Saving to: `../crawls/apple.com/iTunes-Terms-of-Service/raw/images.apple.com/global/elements/breadory/directory_capbg.png'

     0K                                                       100%  129K=0s

2011-12-02 15:00:36 (129 KB/s) - `../crawls/apple.com/iTunes-Terms-of-Service/raw/images.apple.com/global/elements/breadory/directory_capbg.png' saved [265/265]

--2011-12-02 15:00:36--  http://images.apple.com/global/elements/breadory/breadcrumb_separator.png
Reusing existing connection to images.apple.com:80.
HTTP request sent, awaiting response... 200 OK
Length: 286 [image/png]
Saving to: `../crawls/apple.com/iTunes-Terms-of-Service/raw/images.apple.com/global/elements/breadory/breadcrumb_separator.png'

     0K                                                       100%  140K=0s

2011-12-02 15:00:36 (140 KB/s) - `../crawls/apple.com/iTunes-Terms-of-Service/raw/images.apple.com/global/elements/breadory/breadcrumb_separator.png' saved [286/286]

--2011-12-02 15:00:36--  http://images.apple.com/global/elements/breadory/breadcrumb_home.png
Reusing existing connection to images.apple.com:80.
HTTP request sent, awaiting response... 200 OK
Length: 618 [image/png]
Saving to: `../crawls/apple.com/iTunes-Terms-of-Service/raw/images.apple.com/global/elements/breadory/breadcrumb_home.png'

     0K                                                       100%  302K=0s

2011-12-02 15:00:36 (302 KB/s) - `../crawls/apple.com/iTunes-Terms-of-Service/raw/images.apple.com/global/elements/breadory/breadcrumb_home.png' saved [618/618]

--2011-12-02 15:00:36--  http://images.apple.com/global/elements/breadory/breadcrumb_home_over.png
Reusing existing connection to images.apple.com:80.
HTTP request sent, awaiting response... 200 OK
Length: 614 [image/png]
Saving to: `../crawls/apple.com/iTunes-Terms-of-Service/raw/images.apple.com/global/elements/breadory/breadcrumb_home_over.png'

     0K                                                       100%  300K=0s

2011-12-02 15:00:36 (300 KB/s) - `../crawls/apple.com/iTunes-Terms-of-Service/raw/images.apple.com/global/elements/breadory/breadcrumb_home_over.png' saved [614/614]

--2011-12-02 15:00:36--  http://images.apple.com/global/elements/buttons/preorder_blue.png
Reusing existing connection to images.apple.com:80.
HTTP request sent, awaiting response... 200 OK
Length: 1993 (1.9K) [image/png]
Saving to: `../crawls/apple.com/iTunes-Terms-of-Service/raw/images.apple.com/global/elements/buttons/preorder_blue.png'

     0K .                                                     100%  973K=0s

2011-12-02 15:00:36 (973 KB/s) - `../crawls/apple.com/iTunes-Terms-of-Service/raw/images.apple.com/global/elements/buttons/preorder_blue.png' saved [1993/1993]

--2011-12-02 15:00:36--  http://images.apple.com/global/elements/buttons/buynows.png
Reusing existing connection to images.apple.com:80.
HTTP request sent, awaiting response... 200 OK
Length: 7454 (7.3K) [image/png]
Saving to: `../crawls/apple.com/iTunes-Terms-of-Service/raw/images.apple.com/global/elements/buttons/buynows.png'

     0K .......                                               100% 1.78M=0.004s

2011-12-02 15:00:36 (1.78 MB/s) - `../crawls/apple.com/iTunes-Terms-of-Service/raw/images.apple.com/global/elements/buttons/buynows.png' saved [7454/7454]

--2011-12-02 15:00:36--  http://images.apple.com/global/elements/buttons/buynows.gif
Reusing existing connection to images.apple.com:80.
HTTP request sent, awaiting response... 200 OK
Length: 4493 (4.4K) [image/gif]
Saving to: `../crawls/apple.com/iTunes-Terms-of-Service/raw/images.apple.com/global/elements/buttons/buynows.gif'

     0K ....                                                  100% 1.07M=0.004s

2011-12-02 15:00:36 (1.07 MB/s) - `../crawls/apple.com/iTunes-Terms-of-Service/raw/images.apple.com/global/elements/buttons/buynows.gif' saved [4493/4493]

--2011-12-02 15:00:36--  http://images.apple.com/global/elements/buttons/ordernows.png
Reusing existing connection to images.apple.com:80.
HTTP request sent, awaiting response... 200 OK
Length: 6739 (6.6K) [image/png]
Saving to: `../crawls/apple.com/iTunes-Terms-of-Service/raw/images.apple.com/global/elements/buttons/ordernows.png'

     0K ......                                                100% 1.61M=0.004s

2011-12-02 15:00:36 (1.61 MB/s) - `../crawls/apple.com/iTunes-Terms-of-Service/raw/images.apple.com/global/elements/buttons/ordernows.png' saved [6739/6739]

--2011-12-02 15:00:36--  http://images.apple.com/global/elements/buttons/ordernows.gif
Reusing existing connection to images.apple.com:80.
HTTP request sent, awaiting response... 200 OK
Length: 3969 (3.9K) [image/gif]
Saving to: `../crawls/apple.com/iTunes-Terms-of-Service/raw/images.apple.com/global/elements/buttons/ordernows.gif'

     0K ...                                                   100% 1.89M=0s

2011-12-02 15:00:36 (1.89 MB/s) - `../crawls/apple.com/iTunes-Terms-of-Service/raw/images.apple.com/global/elements/buttons/ordernows.gif' saved [3969/3969]

--2011-12-02 15:00:36--  http://images.apple.com/global/elements/buttons/joinnows.png
Reusing existing connection to images.apple.com:80.
HTTP request sent, awaiting response... 200 OK
Length: 5640 (5.5K) [image/png]
Saving to: `../crawls/apple.com/iTunes-Terms-of-Service/raw/images.apple.com/global/elements/buttons/joinnows.png'

     0K .....                                                 100% 2.69M=0s

2011-12-02 15:00:36 (2.69 MB/s) - `../crawls/apple.com/iTunes-Terms-of-Service/raw/images.apple.com/global/elements/buttons/joinnows.png' saved [5640/5640]

--2011-12-02 15:00:36--  http://images.apple.com/global/elements/buttons/joinnows.gif
Reusing existing connection to images.apple.com:80.
HTTP request sent, awaiting response... 200 OK
Length: 3635 (3.5K) [image/gif]
Saving to: `../crawls/apple.com/iTunes-Terms-of-Service/raw/images.apple.com/global/elements/buttons/joinnows.gif'

     0K ...                                                   100% 1.73M=0s

2011-12-02 15:00:36 (1.73 MB/s) - `../crawls/apple.com/iTunes-Terms-of-Service/raw/images.apple.com/global/elements/buttons/joinnows.gif' saved [3635/3635]

--2011-12-02 15:00:36--  http://images.apple.com/global/elements/buttons/preordernows.png
Reusing existing connection to images.apple.com:80.
HTTP request sent, awaiting response... 200 OK
Length: 8866 (8.7K) [image/png]
Saving to: `../crawls/apple.com/iTunes-Terms-of-Service/raw/images.apple.com/global/elements/buttons/preordernows.png'

     0K ........                                              100% 2.11M=0.004s

2011-12-02 15:00:36 (2.11 MB/s) - `../crawls/apple.com/iTunes-Terms-of-Service/raw/images.apple.com/global/elements/buttons/preordernows.png' saved [8866/8866]

--2011-12-02 15:00:36--  http://images.apple.com/global/elements/buttons/preordernows.gif
Reusing existing connection to images.apple.com:80.
HTTP request sent, awaiting response... 200 OK
Length: 5436 (5.3K) [image/gif]
Saving to: `../crawls/apple.com/iTunes-Terms-of-Service/raw/images.apple.com/global/elements/buttons/preordernows.gif'

     0K .....                                                 100% 2.59M=0s

2011-12-02 15:00:36 (2.59 MB/s) - `../crawls/apple.com/iTunes-Terms-of-Service/raw/images.apple.com/global/elements/buttons/preordernows.gif' saved [5436/5436]

--2011-12-02 15:00:36--  http://images.apple.com/global/elements/buttons/howtobuys.png
Reusing existing connection to images.apple.com:80.
HTTP request sent, awaiting response... 200 OK
Length: 7988 (7.8K) [image/png]
Saving to: `../crawls/apple.com/iTunes-Terms-of-Service/raw/images.apple.com/global/elements/buttons/howtobuys.png'

     0K .......                                               100% 3.81M=0s

2011-12-02 15:00:36 (3.81 MB/s) - `../crawls/apple.com/iTunes-Terms-of-Service/raw/images.apple.com/global/elements/buttons/howtobuys.png' saved [7988/7988]

--2011-12-02 15:00:36--  http://images.apple.com/global/elements/buttons/howtobuys.gif
Reusing existing connection to images.apple.com:80.
HTTP request sent, awaiting response... 200 OK
Length: 4966 (4.8K) [image/gif]
Saving to: `../crawls/apple.com/iTunes-Terms-of-Service/raw/images.apple.com/global/elements/buttons/howtobuys.gif'

     0K ....                                                  100% 2.37M=0s

2011-12-02 15:00:36 (2.37 MB/s) - `../crawls/apple.com/iTunes-Terms-of-Service/raw/images.apple.com/global/elements/buttons/howtobuys.gif' saved [4966/4966]

--2011-12-02 15:00:36--  http://images.apple.com/global/elements/buttons/howtoapplys.png
Reusing existing connection to images.apple.com:80.
HTTP request sent, awaiting response... 200 OK
Length: 8575 (8.4K) [image/png]
Saving to: `../crawls/apple.com/iTunes-Terms-of-Service/raw/images.apple.com/global/elements/buttons/howtoapplys.png'

     0K ........                                              100% 4.09M=0s

2011-12-02 15:00:36 (4.09 MB/s) - `../crawls/apple.com/iTunes-Terms-of-Service/raw/images.apple.com/global/elements/buttons/howtoapplys.png' saved [8575/8575]

--2011-12-02 15:00:36--  http://images.apple.com/global/elements/buttons/howtoapplys.gif
Reusing existing connection to images.apple.com:80.
HTTP request sent, awaiting response... 200 OK
Length: 5418 (5.3K) [image/gif]
Saving to: `../crawls/apple.com/iTunes-Terms-of-Service/raw/images.apple.com/global/elements/buttons/howtoapplys.gif'

     0K .....                                                 100% 2.58M=0s

2011-12-02 15:00:36 (2.58 MB/s) - `../crawls/apple.com/iTunes-Terms-of-Service/raw/images.apple.com/global/elements/buttons/howtoapplys.gif' saved [5418/5418]

--2011-12-02 15:00:36--  http://images.apple.com/global/elements/buttons/freetrials.png
Reusing existing connection to images.apple.com:80.
HTTP request sent, awaiting response... 200 OK
Length: 7205 (7.0K) [image/png]
Saving to: `../crawls/apple.com/iTunes-Terms-of-Service/raw/images.apple.com/global/elements/buttons/freetrials.png'

     0K .......                                               100% 1.72M=0.004s

2011-12-02 15:00:36 (1.72 MB/s) - `../crawls/apple.com/iTunes-Terms-of-Service/raw/images.apple.com/global/elements/buttons/freetrials.png' saved [7205/7205]

--2011-12-02 15:00:36--  http://images.apple.com/global/elements/buttons/freetrials.gif
Reusing existing connection to images.apple.com:80.
HTTP request sent, awaiting response... 200 OK
Length: 4460 (4.4K) [image/gif]
Saving to: `../crawls/apple.com/iTunes-Terms-of-Service/raw/images.apple.com/global/elements/buttons/freetrials.gif'

     0K ....                                                  100% 2.13M=0s

2011-12-02 15:00:36 (2.13 MB/s) - `../crawls/apple.com/iTunes-Terms-of-Service/raw/images.apple.com/global/elements/buttons/freetrials.gif' saved [4460/4460]

--2011-12-02 15:00:36--  http://images.apple.com/global/elements/buttons/downloadnows.png
Reusing existing connection to images.apple.com:80.
HTTP request sent, awaiting response... 200 OK
Length: 9429 (9.2K) [image/png]
Saving to: `../crawls/apple.com/iTunes-Terms-of-Service/raw/images.apple.com/global/elements/buttons/downloadnows.png'

     0K .........                                             100% 4.50M=0s

2011-12-02 15:00:36 (4.50 MB/s) - `../crawls/apple.com/iTunes-Terms-of-Service/raw/images.apple.com/global/elements/buttons/downloadnows.png' saved [9429/9429]

--2011-12-02 15:00:36--  http://images.apple.com/global/elements/buttons/downloadnows.gif
Reusing existing connection to images.apple.com:80.
HTTP request sent, awaiting response... 200 OK
Length: 5761 (5.6K) [image/gif]
Saving to: `../crawls/apple.com/iTunes-Terms-of-Service/raw/images.apple.com/global/elements/buttons/downloadnows.gif'

     0K .....                                                 100% 2.75M=0s

2011-12-02 15:00:36 (2.75 MB/s) - `../crawls/apple.com/iTunes-Terms-of-Service/raw/images.apple.com/global/elements/buttons/downloadnows.gif' saved [5761/5761]

--2011-12-02 15:00:36--  http://images.apple.com/global/elements/buttons/upgradenows.png
Reusing existing connection to images.apple.com:80.
HTTP request sent, awaiting response... 200 OK
Length: 7696 (7.5K) [image/png]
Saving to: `../crawls/apple.com/iTunes-Terms-of-Service/raw/images.apple.com/global/elements/buttons/upgradenows.png'

     0K .......                                               100% 3.67M=0s

2011-12-02 15:00:36 (3.67 MB/s) - `../crawls/apple.com/iTunes-Terms-of-Service/raw/images.apple.com/global/elements/buttons/upgradenows.png' saved [7696/7696]

--2011-12-02 15:00:36--  http://images.apple.com/global/elements/buttons/upgradenows.gif
Reusing existing connection to images.apple.com:80.
HTTP request sent, awaiting response... 200 OK
Length: 4583 (4.5K) [image/gif]
Saving to: `../crawls/apple.com/iTunes-Terms-of-Service/raw/images.apple.com/global/elements/buttons/upgradenows.gif'

     0K ....                                                  100% 2.19M=0s

2011-12-02 15:00:36 (2.19 MB/s) - `../crawls/apple.com/iTunes-Terms-of-Service/raw/images.apple.com/global/elements/buttons/upgradenows.gif' saved [4583/4583]

--2011-12-02 15:00:36--  http://images.apple.com/global/elements/buttons/tryamacs.png
Reusing existing connection to images.apple.com:80.
HTTP request sent, awaiting response... 200 OK
Length: 7596 (7.4K) [image/png]
Saving to: `../crawls/apple.com/iTunes-Terms-of-Service/raw/images.apple.com/global/elements/buttons/tryamacs.png'

     0K .......                                               100% 1.81M=0.004s

2011-12-02 15:00:36 (1.81 MB/s) - `../crawls/apple.com/iTunes-Terms-of-Service/raw/images.apple.com/global/elements/buttons/tryamacs.png' saved [7596/7596]

--2011-12-02 15:00:36--  http://images.apple.com/global/elements/buttons/tryamacs.gif
Reusing existing connection to images.apple.com:80.
HTTP request sent, awaiting response... 200 OK
Length: 4515 (4.4K) [image/gif]
Saving to: `../crawls/apple.com/iTunes-Terms-of-Service/raw/images.apple.com/global/elements/buttons/tryamacs.gif'

     0K ....                                                  100% 2.15M=0s

2011-12-02 15:00:36 (2.15 MB/s) - `../crawls/apple.com/iTunes-Terms-of-Service/raw/images.apple.com/global/elements/buttons/tryamacs.gif' saved [4515/4515]

--2011-12-02 15:00:36--  http://images.apple.com/global/elements/buttons/notifymes.png
Reusing existing connection to images.apple.com:80.
HTTP request sent, awaiting response... 200 OK
Length: 7850 (7.7K) [image/png]
Saving to: `../crawls/apple.com/iTunes-Terms-of-Service/raw/images.apple.com/global/elements/buttons/notifymes.png'

     0K .......                                               100% 3.74M=0s

2011-12-02 15:00:36 (3.74 MB/s) - `../crawls/apple.com/iTunes-Terms-of-Service/raw/images.apple.com/global/elements/buttons/notifymes.png' saved [7850/7850]

--2011-12-02 15:00:36--  http://images.apple.com/global/elements/buttons/notifymes.gif
Reusing existing connection to images.apple.com:80.
HTTP request sent, awaiting response... 200 OK
Length: 4815 (4.7K) [image/gif]
Saving to: `../crawls/apple.com/iTunes-Terms-of-Service/raw/images.apple.com/global/elements/buttons/notifymes.gif'

     0K ....                                                  100% 2.30M=0s

2011-12-02 15:00:36 (2.30 MB/s) - `../crawls/apple.com/iTunes-Terms-of-Service/raw/images.apple.com/global/elements/buttons/notifymes.gif' saved [4815/4815]

--2011-12-02 15:00:36--  http://images.apple.com/global/elements/buttons/browsewebappss.png
Reusing existing connection to images.apple.com:80.
HTTP request sent, awaiting response... 200 OK
Length: 10368 (10K) [image/png]
Saving to: `../crawls/apple.com/iTunes-Terms-of-Service/raw/images.apple.com/global/elements/buttons/browsewebappss.png'

     0K ..........                                            100% 4.94M=0s

2011-12-02 15:00:36 (4.94 MB/s) - `../crawls/apple.com/iTunes-Terms-of-Service/raw/images.apple.com/global/elements/buttons/browsewebappss.png' saved [10368/10368]

--2011-12-02 15:00:36--  http://images.apple.com/global/elements/buttons/browsewebappss.gif
Reusing existing connection to images.apple.com:80.
HTTP request sent, awaiting response... 200 OK
Length: 6360 (6.2K) [image/gif]
Saving to: `../crawls/apple.com/iTunes-Terms-of-Service/raw/images.apple.com/global/elements/buttons/browsewebappss.gif'

     0K ......                                                100% 3.03M=0s

2011-12-02 15:00:36 (3.03 MB/s) - `../crawls/apple.com/iTunes-Terms-of-Service/raw/images.apple.com/global/elements/buttons/browsewebappss.gif' saved [6360/6360]

--2011-12-02 15:00:36--  http://images.apple.com/global/elements/buttons/businessstores.png
Reusing existing connection to images.apple.com:80.
HTTP request sent, awaiting response... 200 OK
Length: 8986 (8.8K) [image/png]
Saving to: `../crawls/apple.com/iTunes-Terms-of-Service/raw/images.apple.com/global/elements/buttons/businessstores.png'

     0K ........                                              100% 4.28M=0s

2011-12-02 15:00:36 (4.28 MB/s) - `../crawls/apple.com/iTunes-Terms-of-Service/raw/images.apple.com/global/elements/buttons/businessstores.png' saved [8986/8986]

--2011-12-02 15:00:36--  http://images.apple.com/global/elements/buttons/businessstores.gif
Reusing existing connection to images.apple.com:80.
HTTP request sent, awaiting response... 200 OK
Length: 5556 (5.4K) [image/gif]
Saving to: `../crawls/apple.com/iTunes-Terms-of-Service/raw/images.apple.com/global/elements/buttons/businessstores.gif'

     0K .....                                                 100% 2.65M=0s

2011-12-02 15:00:36 (2.65 MB/s) - `../crawls/apple.com/iTunes-Terms-of-Service/raw/images.apple.com/global/elements/buttons/businessstores.gif' saved [5556/5556]

--2011-12-02 15:00:36--  http://images.apple.com/global/elements/buttons/buyiphones.png
Reusing existing connection to images.apple.com:80.
HTTP request sent, awaiting response... 200 OK
Length: 8461 (8.3K) [image/png]
Saving to: `../crawls/apple.com/iTunes-Terms-of-Service/raw/images.apple.com/global/elements/buttons/buyiphones.png'

     0K ........                                              100% 4.03M=0s

2011-12-02 15:00:36 (4.03 MB/s) - `../crawls/apple.com/iTunes-Terms-of-Service/raw/images.apple.com/global/elements/buttons/buyiphones.png' saved [8461/8461]

--2011-12-02 15:00:36--  http://images.apple.com/global/elements/buttons/buyiphones.gif
Reusing existing connection to images.apple.com:80.
HTTP request sent, awaiting response... 200 OK
Length: 5011 (4.9K) [image/gif]
Saving to: `../crawls/apple.com/iTunes-Terms-of-Service/raw/images.apple.com/global/elements/buttons/buyiphones.gif'

     0K ....                                                  100% 2.39M=0s

2011-12-02 15:00:36 (2.39 MB/s) - `../crawls/apple.com/iTunes-Terms-of-Service/raw/images.apple.com/global/elements/buttons/buyiphones.gif' saved [5011/5011]

--2011-12-02 15:00:36--  http://images.apple.com/global/elements/buttons/comingsoons.png
Reusing existing connection to images.apple.com:80.
HTTP request sent, awaiting response... 200 OK
Length: 6962 (6.8K) [image/png]
Saving to: `../crawls/apple.com/iTunes-Terms-of-Service/raw/images.apple.com/global/elements/buttons/comingsoons.png'

     0K ......                                                100% 1.66M=0.004s

2011-12-02 15:00:36 (1.66 MB/s) - `../crawls/apple.com/iTunes-Terms-of-Service/raw/images.apple.com/global/elements/buttons/comingsoons.png' saved [6962/6962]

--2011-12-02 15:00:36--  http://images.apple.com/global/elements/buttons/comingsoons.gif
Reusing existing connection to images.apple.com:80.
HTTP request sent, awaiting response... 200 OK
Length: 4294 (4.2K) [image/gif]
Saving to: `../crawls/apple.com/iTunes-Terms-of-Service/raw/images.apple.com/global/elements/buttons/comingsoons.gif'

     0K ....                                                  100% 2.05M=0s

2011-12-02 15:00:36 (2.05 MB/s) - `../crawls/apple.com/iTunes-Terms-of-Service/raw/images.apple.com/global/elements/buttons/comingsoons.gif' saved [4294/4294]

--2011-12-02 15:00:36--  http://images.apple.com/global/elements/buttons/descargarahoras.png
Reusing existing connection to images.apple.com:80.
HTTP request sent, awaiting response... 200 OK
Length: 9415 (9.2K) [image/png]
Saving to: `../crawls/apple.com/iTunes-Terms-of-Service/raw/images.apple.com/global/elements/buttons/descargarahoras.png'

     0K .........                                             100% 4.49M=0s

2011-12-02 15:00:36 (4.49 MB/s) - `../crawls/apple.com/iTunes-Terms-of-Service/raw/images.apple.com/global/elements/buttons/descargarahoras.png' saved [9415/9415]

--2011-12-02 15:00:36--  http://images.apple.com/global/elements/buttons/descargarahoras.gif
Reusing existing connection to images.apple.com:80.
HTTP request sent, awaiting response... 200 OK
Length: 5746 (5.6K) [image/gif]
Saving to: `../crawls/apple.com/iTunes-Terms-of-Service/raw/images.apple.com/global/elements/buttons/descargarahoras.gif'

     0K .....                                                 100% 2.74M=0s

2011-12-02 15:00:36 (2.74 MB/s) - `../crawls/apple.com/iTunes-Terms-of-Service/raw/images.apple.com/global/elements/buttons/descargarahoras.gif' saved [5746/5746]

--2011-12-02 15:00:36--  http://images.apple.com/global/elements/buttons/downloadituness.png
Reusing existing connection to images.apple.com:80.
HTTP request sent, awaiting response... 200 OK
Length: 10086 (9.8K) [image/png]
Saving to: `../crawls/apple.com/iTunes-Terms-of-Service/raw/images.apple.com/global/elements/buttons/downloadituness.png'

     0K .........                                             100% 4.81M=0s

2011-12-02 15:00:36 (4.81 MB/s) - `../crawls/apple.com/iTunes-Terms-of-Service/raw/images.apple.com/global/elements/buttons/downloadituness.png' saved [10086/10086]

--2011-12-02 15:00:36--  http://images.apple.com/global/elements/buttons/downloadituness.gif
Reusing existing connection to images.apple.com:80.
HTTP request sent, awaiting response... 200 OK
Length: 6059 (5.9K) [image/gif]
Saving to: `../crawls/apple.com/iTunes-Terms-of-Service/raw/images.apple.com/global/elements/buttons/downloadituness.gif'

     0K .....                                                 100% 2.89M=0s

2011-12-02 15:00:36 (2.89 MB/s) - `../crawls/apple.com/iTunes-Terms-of-Service/raw/images.apple.com/global/elements/buttons/downloadituness.gif' saved [6059/6059]

--2011-12-02 15:00:36--  http://images.apple.com/global/elements/buttons/finds.png
Reusing existing connection to images.apple.com:80.
HTTP request sent, awaiting response... 200 OK
Length: 5507 (5.4K) [image/png]
Saving to: `../crawls/apple.com/iTunes-Terms-of-Service/raw/images.apple.com/global/elements/buttons/finds.png'

     0K .....                                                 100% 2.63M=0s

2011-12-02 15:00:36 (2.63 MB/s) - `../crawls/apple.com/iTunes-Terms-of-Service/raw/images.apple.com/global/elements/buttons/finds.png' saved [5507/5507]

--2011-12-02 15:00:36--  http://images.apple.com/global/elements/buttons/finds.gif
Reusing existing connection to images.apple.com:80.
HTTP request sent, awaiting response... 200 OK
Length: 3554 (3.5K) [image/gif]
Saving to: `../crawls/apple.com/iTunes-Terms-of-Service/raw/images.apple.com/global/elements/buttons/finds.gif'

     0K ...                                                   100% 1.69M=0s

2011-12-02 15:00:36 (1.69 MB/s) - `../crawls/apple.com/iTunes-Terms-of-Service/raw/images.apple.com/global/elements/buttons/finds.gif' saved [3554/3554]

--2011-12-02 15:00:36--  http://images.apple.com/global/elements/buttons/getstarteds.png
Reusing existing connection to images.apple.com:80.
HTTP request sent, awaiting response... 200 OK
Length: 7113 (6.9K) [image/png]
Saving to: `../crawls/apple.com/iTunes-Terms-of-Service/raw/images.apple.com/global/elements/buttons/getstarteds.png'

     0K ......                                                100% 1.70M=0.004s

2011-12-02 15:00:36 (1.70 MB/s) - `../crawls/apple.com/iTunes-Terms-of-Service/raw/images.apple.com/global/elements/buttons/getstarteds.png' saved [7113/7113]

--2011-12-02 15:00:36--  http://images.apple.com/global/elements/buttons/getstarteds.gif
Reusing existing connection to images.apple.com:80.
HTTP request sent, awaiting response... 200 OK
Length: 4162 (4.1K) [image/gif]
Saving to: `../crawls/apple.com/iTunes-Terms-of-Service/raw/images.apple.com/global/elements/buttons/getstarteds.gif'

     0K ....                                                  100% 1.98M=0s

2011-12-02 15:00:36 (1.98 MB/s) - `../crawls/apple.com/iTunes-Terms-of-Service/raw/images.apple.com/global/elements/buttons/getstarteds.gif' saved [4162/4162]

--2011-12-02 15:00:36--  http://images.apple.com/global/elements/buttons/gos.png
Reusing existing connection to images.apple.com:80.
HTTP request sent, awaiting response... 200 OK
Length: 5220 (5.1K) [image/png]
Saving to: `../crawls/apple.com/iTunes-Terms-of-Service/raw/images.apple.com/global/elements/buttons/gos.png'

     0K .....                                                 100% 2.49M=0s

2011-12-02 15:00:36 (2.49 MB/s) - `../crawls/apple.com/iTunes-Terms-of-Service/raw/images.apple.com/global/elements/buttons/gos.png' saved [5220/5220]

--2011-12-02 15:00:36--  http://images.apple.com/global/elements/buttons/gos.gif
Reusing existing connection to images.apple.com:80.
HTTP request sent, awaiting response... 200 OK
Length: 3262 (3.2K) [image/gif]
Saving to: `../crawls/apple.com/iTunes-Terms-of-Service/raw/images.apple.com/global/elements/buttons/gos.gif'

     0K ...                                                   100% 1.56M=0s

2011-12-02 15:00:36 (1.56 MB/s) - `../crawls/apple.com/iTunes-Terms-of-Service/raw/images.apple.com/global/elements/buttons/gos.gif' saved [3262/3262]

--2011-12-02 15:00:36--  http://images.apple.com/global/elements/buttons/learnmores.png
Reusing existing connection to images.apple.com:80.
HTTP request sent, awaiting response... 200 OK
Length: 6603 (6.4K) [image/png]
Saving to: `../crawls/apple.com/iTunes-Terms-of-Service/raw/images.apple.com/global/elements/buttons/learnmores.png'

     0K ......                                                100% 1.57M=0.004s

2011-12-02 15:00:36 (1.57 MB/s) - `../crawls/apple.com/iTunes-Terms-of-Service/raw/images.apple.com/global/elements/buttons/learnmores.png' saved [6603/6603]

--2011-12-02 15:00:36--  http://images.apple.com/global/elements/buttons/learnmores.gif
Reusing existing connection to images.apple.com:80.
HTTP request sent, awaiting response... 200 OK
Length: 4069 (4.0K) [image/gif]
Saving to: `../crawls/apple.com/iTunes-Terms-of-Service/raw/images.apple.com/global/elements/buttons/learnmores.gif'

     0K ...                                                   100% 1.94M=0s

2011-12-02 15:00:36 (1.94 MB/s) - `../crawls/apple.com/iTunes-Terms-of-Service/raw/images.apple.com/global/elements/buttons/learnmores.gif' saved [4069/4069]

--2011-12-02 15:00:36--  http://images.apple.com/global/elements/buttons/nikebuynows.png
Reusing existing connection to images.apple.com:80.
HTTP request sent, awaiting response... 200 OK
Length: 4540 (4.4K) [image/png]
Saving to: `../crawls/apple.com/iTunes-Terms-of-Service/raw/images.apple.com/global/elements/buttons/nikebuynows.png'

     0K ....                                                  100% 2.16M=0s

2011-12-02 15:00:36 (2.16 MB/s) - `../crawls/apple.com/iTunes-Terms-of-Service/raw/images.apple.com/global/elements/buttons/nikebuynows.png' saved [4540/4540]

--2011-12-02 15:00:36--  http://images.apple.com/global/elements/buttons/nikebuynows.gif
Reusing existing connection to images.apple.com:80.
HTTP request sent, awaiting response... 200 OK
Length: 3759 (3.7K) [image/gif]
Saving to: `../crawls/apple.com/iTunes-Terms-of-Service/raw/images.apple.com/global/elements/buttons/nikebuynows.gif'

     0K ...                                                   100% 1.79M=0s

2011-12-02 15:00:36 (1.79 MB/s) - `../crawls/apple.com/iTunes-Terms-of-Service/raw/images.apple.com/global/elements/buttons/nikebuynows.gif' saved [3759/3759]

--2011-12-02 15:00:36--  http://images.apple.com/global/elements/buttons/preorders.png
Reusing existing connection to images.apple.com:80.
HTTP request sent, awaiting response... 200 OK
Length: 7636 (7.5K) [image/png]
Saving to: `../crawls/apple.com/iTunes-Terms-of-Service/raw/images.apple.com/global/elements/buttons/preorders.png'

     0K .......                                               100% 1.82M=0.004s

2011-12-02 15:00:36 (1.82 MB/s) - `../crawls/apple.com/iTunes-Terms-of-Service/raw/images.apple.com/global/elements/buttons/preorders.png' saved [7636/7636]

--2011-12-02 15:00:36--  http://images.apple.com/global/elements/buttons/preorders.gif
Reusing existing connection to images.apple.com:80.
HTTP request sent, awaiting response... 200 OK
Length: 4550 (4.4K) [image/gif]
Saving to: `../crawls/apple.com/iTunes-Terms-of-Service/raw/images.apple.com/global/elements/buttons/preorders.gif'

     0K ....                                                  100% 2.17M=0s

2011-12-02 15:00:36 (2.17 MB/s) - `../crawls/apple.com/iTunes-Terms-of-Service/raw/images.apple.com/global/elements/buttons/preorders.gif' saved [4550/4550]

--2011-12-02 15:00:36--  http://images.apple.com/global/elements/buttons/reserves.png
Reusing existing connection to images.apple.com:80.
HTTP request sent, awaiting response... 200 OK
Length: 6518 (6.4K) [image/png]
Saving to: `../crawls/apple.com/iTunes-Terms-of-Service/raw/images.apple.com/global/elements/buttons/reserves.png'

     0K ......                                                100% 3.11M=0s

2011-12-02 15:00:36 (3.11 MB/s) - `../crawls/apple.com/iTunes-Terms-of-Service/raw/images.apple.com/global/elements/buttons/reserves.png' saved [6518/6518]

--2011-12-02 15:00:36--  http://images.apple.com/global/elements/buttons/reserves.gif
Reusing existing connection to images.apple.com:80.
HTTP request sent, awaiting response... 200 OK
Length: 4207 (4.1K) [image/gif]
Saving to: `../crawls/apple.com/iTunes-Terms-of-Service/raw/images.apple.com/global/elements/buttons/reserves.gif'

     0K ....                                                  100% 2.01M=0s

2011-12-02 15:00:37 (2.01 MB/s) - `../crawls/apple.com/iTunes-Terms-of-Service/raw/images.apple.com/global/elements/buttons/reserves.gif' saved [4207/4207]

--2011-12-02 15:00:37--  http://images.apple.com/global/elements/buttons/startyoursearchs.png
Reusing existing connection to images.apple.com:80.
HTTP request sent, awaiting response... 200 OK
Length: 10348 (10K) [image/png]
Saving to: `../crawls/apple.com/iTunes-Terms-of-Service/raw/images.apple.com/global/elements/buttons/startyoursearchs.png'

     0K ..........                                            100% 4.93M=0s

2011-12-02 15:00:37 (4.93 MB/s) - `../crawls/apple.com/iTunes-Terms-of-Service/raw/images.apple.com/global/elements/buttons/startyoursearchs.png' saved [10348/10348]

--2011-12-02 15:00:37--  http://images.apple.com/global/elements/buttons/startyoursearchs.gif
Reusing existing connection to images.apple.com:80.
HTTP request sent, awaiting response... 200 OK
Length: 6147 (6.0K) [image/gif]
Saving to: `../crawls/apple.com/iTunes-Terms-of-Service/raw/images.apple.com/global/elements/buttons/startyoursearchs.gif'

     0K ......                                                100% 2.93M=0s

2011-12-02 15:00:37 (2.93 MB/s) - `../crawls/apple.com/iTunes-Terms-of-Service/raw/images.apple.com/global/elements/buttons/startyoursearchs.gif' saved [6147/6147]

--2011-12-02 15:00:37--  http://images.apple.com/global/elements/buttons/submits.png
Reusing existing connection to images.apple.com:80.
HTTP request sent, awaiting response... 200 OK
Length: 5709 (5.6K) [image/png]
Saving to: `../crawls/apple.com/iTunes-Terms-of-Service/raw/images.apple.com/global/elements/buttons/submits.png'

     0K .....                                                 100% 2.72M=0s

2011-12-02 15:00:37 (2.72 MB/s) - `../crawls/apple.com/iTunes-Terms-of-Service/raw/images.apple.com/global/elements/buttons/submits.png' saved [5709/5709]

--2011-12-02 15:00:37--  http://images.apple.com/global/elements/buttons/submits.gif
Reusing existing connection to images.apple.com:80.
HTTP request sent, awaiting response... 200 OK
Length: 3506 (3.4K) [image/gif]
Saving to: `../crawls/apple.com/iTunes-Terms-of-Service/raw/images.apple.com/global/elements/buttons/submits.gif'

     0K ...                                                   100% 1.67M=0s

2011-12-02 15:00:37 (1.67 MB/s) - `../crawls/apple.com/iTunes-Terms-of-Service/raw/images.apple.com/global/elements/buttons/submits.gif' saved [3506/3506]

--2011-12-02 15:00:37--  http://images.apple.com/promos/images/promofooter_top.png
Reusing existing connection to images.apple.com:80.
HTTP request sent, awaiting response... 200 OK
Length: 450 [image/png]
Saving to: `../crawls/apple.com/iTunes-Terms-of-Service/raw/images.apple.com/promos/images/promofooter_top.png'

     0K                                                       100%  220K=0s

2011-12-02 15:00:37 (220 KB/s) - `../crawls/apple.com/iTunes-Terms-of-Service/raw/images.apple.com/promos/images/promofooter_top.png' saved [450/450]

--2011-12-02 15:00:37--  http://images.apple.com/promos/images/promofooter_top.gif
Reusing existing connection to images.apple.com:80.
HTTP request sent, awaiting response... 200 OK
Length: 538 [image/gif]
Saving to: `../crawls/apple.com/iTunes-Terms-of-Service/raw/images.apple.com/promos/images/promofooter_top.gif'

     0K                                                       100%  263K=0s

2011-12-02 15:00:37 (263 KB/s) - `../crawls/apple.com/iTunes-Terms-of-Service/raw/images.apple.com/promos/images/promofooter_top.gif' saved [538/538]

--2011-12-02 15:00:37--  http://images.apple.com/promos/images/promofooter_bottom.png
Reusing existing connection to images.apple.com:80.
HTTP request sent, awaiting response... 200 OK
Length: 2502 (2.4K) [image/png]
Saving to: `../crawls/apple.com/iTunes-Terms-of-Service/raw/images.apple.com/promos/images/promofooter_bottom.png'

     0K ..                                                    100% 1.19M=0s

2011-12-02 15:00:37 (1.19 MB/s) - `../crawls/apple.com/iTunes-Terms-of-Service/raw/images.apple.com/promos/images/promofooter_bottom.png' saved [2502/2502]

--2011-12-02 15:00:37--  http://images.apple.com/promos/images/promofooter_bottom.gif
Reusing existing connection to images.apple.com:80.
HTTP request sent, awaiting response... 200 OK
Length: 6823 (6.7K) [image/gif]
Saving to: `../crawls/apple.com/iTunes-Terms-of-Service/raw/images.apple.com/promos/images/promofooter_bottom.gif'

     0K ......                                                100% 1.63M=0.004s

2011-12-02 15:00:37 (1.63 MB/s) - `../crawls/apple.com/iTunes-Terms-of-Service/raw/images.apple.com/promos/images/promofooter_bottom.gif' saved [6823/6823]

FINISHED --2011-12-02 15:00:37--
Total wall clock time: 0.9s
Downloaded: 102 files, 982K in 0.1s (7.05 MB/s)
Converting ../crawls/apple.com/iTunes-Terms-of-Service/raw/www.apple.com/legal/itunes/us/terms.html... 15-21
Converting ../crawls/apple.com/iTunes-Terms-of-Service/raw/images.apple.com/global/nav/styles/navigation.css... 16-0
Converting ../crawls/apple.com/iTunes-Terms-of-Service/raw/images.apple.com/legal/legal.css... nothing to do.
Converting ../crawls/apple.com/iTunes-Terms-of-Service/raw/images.apple.com/global/styles/base.css... 103-0
Converted 4 files in 0.004 seconds.
